SLURM_JOBID:  11506504
SLURM_ARRAY_TASK_ID:  5
SLURM_ARRAY_JOB_ID:  11506498
WARNING:tensorflow:From /home/smaity/.local/lib/python3.6/site-packages/tensorflow/python/compat/v2_compat.py:96: disable_resource_variables (from tensorflow.python.ops.variable_scope) is deprecated and will be removed in a future version.
Instructions for updating:
non-resource variables are not supported in the long term
2020-08-10 15:26:17.245442: W tensorflow/stream_executor/platform/default/dso_loader.cc:55] Could not load dynamic library 'libcuda.so.1'; dlerror: libcuda.so.1: cannot open shared object file: No such file or directory; LD_LIBRARY_PATH: /sw/arcts/centos7/python3.6-anaconda/5.2.0/lib:/opt/slurm/lib64::
2020-08-10 15:26:17.245469: E tensorflow/stream_executor/cuda/cuda_driver.cc:313] failed call to cuInit: UNKNOWN ERROR (303)
2020-08-10 15:26:17.245494: I tensorflow/stream_executor/cuda/cuda_diagnostics.cc:156] kernel driver does not appear to be running on this host (gl3142.arc-ts.umich.edu): /proc/driver/nvidia/version does not exist
2020-08-10 15:26:17.245757: I tensorflow/core/platform/cpu_feature_guard.cc:143] Your CPU supports instructions that this TensorFlow binary was not compiled to use: AVX2 AVX512F FMA
2020-08-10 15:26:17.251483: I tensorflow/core/platform/profile_utils/cpu_utils.cc:102] CPU Frequency: 3000000000 Hz
2020-08-10 15:26:17.251588: I tensorflow/compiler/xla/service/service.cc:168] XLA service 0x55a266ae7ce0 initialized for platform Host (this does not guarantee that XLA will be used). Devices:
2020-08-10 15:26:17.251599: I tensorflow/compiler/xla/service/service.cc:176]   StreamExecutor device (0): Host, Default Version
(5278, 8)
['sex', 'race', 'priors_count', 'age_cat=25 to 45', 'age_cat=Greater than 45', 'age_cat=Less than 25', 'c_charge_degree=F', 'c_charge_degree=M']
sex
race
Real and fair distances (max/min/mean):
0.0 0.0 0.0
0.0 0.0 0.0
Counter success count is -1
Epoch 0 train accuracy 0.573662; loss 0.702381; lambda is 2.000000
Epoch 0 test accuracy 0.566288
Train AUC is 0.618423; balanced AUC is 0.618423
Train accuracy 0.574; balanced accuracy 0.555; FDR 0.383; TPR 0.247

Train sex accuracy 0.634; balanced accuracy 0.530; FDR 0.545; TPR 0.176

Train sex gap RMS 0.06223993378003957
Train race accuracy 0.615; balanced accuracy 0.535; FDR 0.467; TPR 0.163

Train race gap RMS 0.10578532293600802
Train STD accuracy 0.009; balanced accuracy 0.002; FDR 0.039; TPR 0.007

--------------------------------------------------
Test AUC is 0.604545; balanced AUC is 0.604545
Test accuracy 0.566; balanced accuracy 0.548; FDR 0.401; TPR 0.237

Test sex accuracy 0.590; balanced accuracy 0.515; FDR 0.562; TPR 0.169

Test sex gap RMS 0.05838282915792024
Test race accuracy 0.611; balanced accuracy 0.525; FDR 0.519; TPR 0.153

Test race gap RMS 0.10506336416274382
Test STD accuracy 0.011; balanced accuracy 0.005; FDR 0.022; TPR 0.008

--------------------------------------------------
Real and fair distances (max/min/mean):
5310.053551184368 19.06515949973103 1859.1435310696254
0.000109517816 8.133447e-05 0.000101972575
Counter success count is -1
Epoch 1000 train accuracy 0.547371; loss 0.697224; lambda is 0.000010
Epoch 1000 test accuracy 0.532197
FAILED attacks: subspace 0; full 0; Nans after attack 0
Loss clean 0.697861; subspace 0.712186; adv 0.713998
Train AUC is 0.545707; balanced AUC is 0.545707
Train accuracy 0.547; balanced accuracy 0.539; FDR 0.476; TPR 0.406

Train sex accuracy 0.554; balanced accuracy 0.502; FDR 0.644; TPR 0.321

Train sex gap RMS 0.07150078516593829
Train race accuracy 0.547; balanced accuracy 0.511; FDR 0.592; TPR 0.340

Train race gap RMS 0.07013360136361733
Train STD accuracy 0.004; balanced accuracy 0.005; FDR 0.026; TPR 0.010

--------------------------------------------------
Test AUC is 0.532575; balanced AUC is 0.532575
Test accuracy 0.532; balanced accuracy 0.524; FDR 0.496; TPR 0.382

Test sex accuracy 0.519; balanced accuracy 0.491; FDR 0.620; TPR 0.361

Test sex gap RMS 0.045262171628184224
Test race accuracy 0.566; balanced accuracy 0.529; FDR 0.574; TPR 0.371

Test race gap RMS 0.032840435370846875
Test STD accuracy 0.023; balanced accuracy 0.019; FDR 0.023; TPR 0.005

--------------------------------------------------
Real and fair distances (max/min/mean):
4086.159652361924 11.210156891917944 1738.8556060226974
0.00010880496 3.2016e-05 0.000102211
Counter success count is -1
Epoch 2000 train accuracy 0.514448; loss 0.688538; lambda is 0.000010
Epoch 2000 test accuracy 0.501894
FAILED attacks: subspace 0; full 0; Nans after attack 0
Loss clean 0.679194; subspace 0.700921; adv 0.702616
Train AUC is 0.532681; balanced AUC is 0.532681
Train accuracy 0.514; balanced accuracy 0.521; FDR 0.513; TPR 0.624

Train sex accuracy 0.505; balanced accuracy 0.532; FDR 0.621; TPR 0.624

Train sex gap RMS 0.02189524390695956
Train race accuracy 0.515; balanced accuracy 0.532; FDR 0.581; TPR 0.610

Train race gap RMS 0.050007169799805344
Train STD accuracy 0.005; balanced accuracy 0.000; FDR 0.020; TPR 0.007

--------------------------------------------------
Test AUC is 0.512101; balanced AUC is 0.512101
Test accuracy 0.502; balanced accuracy 0.507; FDR 0.524; TPR 0.592

Test sex accuracy 0.509; balanced accuracy 0.517; FDR 0.593; TPR 0.554

Test sex gap RMS 0.062369250022919175
Test race accuracy 0.493; balanced accuracy 0.508; FDR 0.609; TPR 0.571

Test race gap RMS 0.03850134478270457
Test STD accuracy 0.008; balanced accuracy 0.005; FDR 0.008; TPR 0.008

--------------------------------------------------
WARNING: subspace attack failed: objective decreased from 0.694537 to 0.694520; resetting the attack
WARNING: subspace attack failed: objective decreased from 0.689679 to 0.688110; resetting the attack
WARNING: subspace attack failed: objective decreased from 0.683734 to 0.683673; resetting the attack
WARNING: subspace attack failed: objective decreased from 0.693067 to 0.690478; resetting the attack
WARNING: subspace attack failed: objective decreased from 0.682640 to 0.681811; resetting the attack
Real and fair distances (max/min/mean):
4085.2521491550997 12.38800341090319 1788.983247153054
0.00010856618 5.0354352e-05 9.1732225e-05
Counter success count is -1
Epoch 3000 train accuracy 0.544529; loss 0.685337; lambda is 0.000010
Epoch 3000 test accuracy 0.541667
FAILED attacks: subspace 5; full 0; Nans after attack 0
Loss clean 0.691422; subspace 0.702238; adv 0.703781
Train AUC is 0.562289; balanced AUC is 0.562289
Train accuracy 0.545; balanced accuracy 0.554; FDR 0.489; TPR 0.711

Train sex accuracy 0.537; balanced accuracy 0.573; FDR 0.590; TPR 0.697

Train sex gap RMS 0.05071635412513626
Train race accuracy 0.539; balanced accuracy 0.563; FDR 0.557; TPR 0.670

Train race gap RMS 0.08640510592772879
Train STD accuracy 0.001; balanced accuracy 0.005; FDR 0.017; TPR 0.013

--------------------------------------------------
Test AUC is 0.549539; balanced AUC is 0.549539
Test accuracy 0.542; balanced accuracy 0.550; FDR 0.490; TPR 0.696

Test sex accuracy 0.599; balanced accuracy 0.615; FDR 0.509; TPR 0.687

Test sex gap RMS 0.1274212837096791
Test race accuracy 0.505; balanced accuracy 0.525; FDR 0.595; TPR 0.612

Test race gap RMS 0.10159524003394738
Test STD accuracy 0.047; balanced accuracy 0.045; FDR 0.043; TPR 0.037

--------------------------------------------------
Real and fair distances (max/min/mean):
4360.702881890691 0.026744501284525022 2006.2758407090562
0.00010617868 7.24415e-05 9.324407e-05
Counter success count is -1
Epoch 4000 train accuracy 0.542871; loss 0.683506; lambda is 0.000010
Epoch 4000 test accuracy 0.533144
FAILED attacks: subspace 5; full 0; Nans after attack 0
Loss clean 0.685891; subspace 0.695618; adv 0.697083
Train AUC is 0.575165; balanced AUC is 0.575165
Train accuracy 0.543; balanced accuracy 0.551; FDR 0.490; TPR 0.693

Train sex accuracy 0.537; balanced accuracy 0.572; FDR 0.591; TPR 0.690

Train sex gap RMS 0.04086441611800294
Train race accuracy 0.541; balanced accuracy 0.561; FDR 0.557; TPR 0.656

Train race gap RMS 0.08187567017852669
Train STD accuracy 0.002; balanced accuracy 0.005; FDR 0.017; TPR 0.017

--------------------------------------------------
Test AUC is 0.571740; balanced AUC is 0.571740
Test accuracy 0.533; balanced accuracy 0.541; FDR 0.497; TPR 0.666

Test sex accuracy 0.585; balanced accuracy 0.597; FDR 0.522; TPR 0.651

Test sex gap RMS 0.11802855729132875
Test race accuracy 0.491; balanced accuracy 0.506; FDR 0.610; TPR 0.571

Test race gap RMS 0.10867721497242452
Test STD accuracy 0.047; balanced accuracy 0.045; FDR 0.044; TPR 0.040

--------------------------------------------------
WARNING: subspace attack failed: objective decreased from 0.689646 to 0.688423; resetting the attack
Real and fair distances (max/min/mean):
4427.542352971264 23.97956848707848 1967.9229952671706
0.000106174644 3.1410036e-05 8.92424e-05
Counter success count is -1
Epoch 5000 train accuracy 0.540502; loss 0.683558; lambda is 0.000010
Epoch 5000 test accuracy 0.530303
FAILED attacks: subspace 6; full 0; Nans after attack 0
Loss clean 0.679430; subspace 0.686933; adv 0.688319
Train AUC is 0.579313; balanced AUC is 0.579313
Train accuracy 0.541; balanced accuracy 0.548; FDR 0.491; TPR 0.682

Train sex accuracy 0.536; balanced accuracy 0.569; FDR 0.593; TPR 0.683

Train sex gap RMS 0.037975099085127854
Train race accuracy 0.540; balanced accuracy 0.559; FDR 0.559; TPR 0.646

Train race gap RMS 0.08312631340399738
Train STD accuracy 0.002; balanced accuracy 0.005; FDR 0.017; TPR 0.019

--------------------------------------------------
Test AUC is 0.574760; balanced AUC is 0.574760
Test accuracy 0.530; balanced accuracy 0.537; FDR 0.499; TPR 0.656

Test sex accuracy 0.585; balanced accuracy 0.594; FDR 0.523; TPR 0.639

Test sex gap RMS 0.12203522379195798
Test race accuracy 0.489; balanced accuracy 0.502; FDR 0.614; TPR 0.559

Test race gap RMS 0.11045146161419489
Test STD accuracy 0.048; balanced accuracy 0.046; FDR 0.046; TPR 0.040

--------------------------------------------------
WARNING: subspace attack failed: objective decreased from 0.690165 to 0.687808; resetting the attack
WARNING: subspace attack failed: objective decreased from 0.691325 to 0.691284; resetting the attack
WARNING: subspace attack failed: objective decreased from 0.683793 to 0.682692; resetting the attack
WARNING: subspace attack failed: objective decreased from 0.682726 to 0.682184; resetting the attack
WARNING: subspace attack failed: objective decreased from 0.689615 to 0.687282; resetting the attack
Real and fair distances (max/min/mean):
4152.905632351816 38.46314897354121 1949.036328838715
0.00010616735 6.918603e-05 9.212861e-05
Counter success count is -1
Epoch 6000 train accuracy 0.566793; loss 0.683730; lambda is 0.000010
Epoch 6000 test accuracy 0.565341
FAILED attacks: subspace 11; full 0; Nans after attack 0
Loss clean 0.687594; subspace 0.692412; adv 0.693843
Train AUC is 0.575706; balanced AUC is 0.575706
Train accuracy 0.567; balanced accuracy 0.571; FDR 0.468; TPR 0.649

Train sex accuracy 0.582; balanced accuracy 0.600; FDR 0.560; TPR 0.659

Train sex gap RMS 0.04416209831128149
Train race accuracy 0.585; balanced accuracy 0.587; FDR 0.523; TPR 0.595

Train race gap RMS 0.12343860019721097
Train STD accuracy 0.001; balanced accuracy 0.006; FDR 0.019; TPR 0.032

--------------------------------------------------
Test AUC is 0.565776; balanced AUC is 0.565776
Test accuracy 0.565; balanced accuracy 0.569; FDR 0.468; TPR 0.628

Test sex accuracy 0.608; balanced accuracy 0.601; FDR 0.500; TPR 0.566

Test sex gap RMS 0.12689542904933135
Test race accuracy 0.541; balanced accuracy 0.533; FDR 0.581; TPR 0.500

Test race gap RMS 0.15771870434920415
Test STD accuracy 0.034; balanced accuracy 0.034; FDR 0.041; TPR 0.033

--------------------------------------------------
WARNING: subspace attack failed: objective decreased from 0.688675 to 0.687363; resetting the attack
WARNING: subspace attack failed: objective decreased from 0.696527 to 0.693952; resetting the attack
WARNING: subspace attack failed: objective decreased from 0.685964 to 0.685328; resetting the attack
WARNING: subspace attack failed: objective decreased from 0.690840 to 0.688001; resetting the attack
WARNING: subspace attack failed: objective decreased from 0.684534 to 0.684404; resetting the attack
WARNING: subspace attack failed: objective decreased from 0.688990 to 0.685925; resetting the attack
WARNING: subspace attack failed: objective decreased from 0.691781 to 0.691372; resetting the attack
WARNING: subspace attack failed: objective decreased from 0.690074 to 0.686623; resetting the attack
WARNING: subspace attack failed: objective decreased from 0.692492 to 0.690661; resetting the attack
WARNING: subspace attack failed: objective decreased from 0.683863 to 0.683400; resetting the attack
WARNING: subspace attack failed: objective decreased from 0.686321 to 0.686162; resetting the attack
WARNING: subspace attack failed: objective decreased from 0.689591 to 0.688223; resetting the attack
WARNING: subspace attack failed: objective decreased from 0.690443 to 0.689088; resetting the attack
WARNING: subspace attack failed: objective decreased from 0.689654 to 0.688286; resetting the attack
WARNING: subspace attack failed: objective decreased from 0.693261 to 0.690534; resetting the attack
WARNING: subspace attack failed: objective decreased from 0.685748 to 0.685214; resetting the attack
WARNING: subspace attack failed: objective decreased from 0.685287 to 0.684568; resetting the attack
WARNING: subspace attack failed: objective decreased from 0.687960 to 0.687455; resetting the attack
WARNING: subspace attack failed: objective decreased from 0.686089 to 0.683995; resetting the attack
WARNING: subspace attack failed: objective decreased from 0.686269 to 0.685980; resetting the attack
WARNING: subspace attack failed: objective decreased from 0.687003 to 0.685779; resetting the attack
WARNING: subspace attack failed: objective decreased from 0.684584 to 0.684113; resetting the attack
WARNING: subspace attack failed: objective decreased from 0.686937 to 0.685544; resetting the attack
WARNING: subspace attack failed: objective decreased from 0.689269 to 0.687382; resetting the attack
WARNING: subspace attack failed: objective decreased from 0.688284 to 0.686959; resetting the attack
WARNING: subspace attack failed: objective decreased from 0.686802 to 0.685639; resetting the attack
WARNING: subspace attack failed: objective decreased from 0.686855 to 0.684292; resetting the attack
WARNING: subspace attack failed: objective decreased from 0.688890 to 0.688229; resetting the attack
WARNING: subspace attack failed: objective decreased from 0.687640 to 0.685812; resetting the attack
WARNING: subspace attack failed: objective decreased from 0.687627 to 0.686749; resetting the attack
WARNING: subspace attack failed: objective decreased from 0.692822 to 0.689712; resetting the attack
WARNING: subspace attack failed: objective decreased from 0.684887 to 0.683367; resetting the attack
WARNING: subspace attack failed: objective decreased from 0.690766 to 0.689063; resetting the attack
WARNING: subspace attack failed: objective decreased from 0.689364 to 0.687385; resetting the attack
WARNING: subspace attack failed: objective decreased from 0.686982 to 0.686843; resetting the attack
WARNING: subspace attack failed: objective decreased from 0.690020 to 0.687335; resetting the attack
WARNING: subspace attack failed: objective decreased from 0.683560 to 0.683547; resetting the attack
WARNING: subspace attack failed: objective decreased from 0.687399 to 0.686505; resetting the attack
WARNING: subspace attack failed: objective decreased from 0.683598 to 0.681028; resetting the attack
WARNING: subspace attack failed: objective decreased from 0.691997 to 0.689403; resetting the attack
WARNING: subspace attack failed: objective decreased from 0.688301 to 0.687692; resetting the attack
WARNING: subspace attack failed: objective decreased from 0.682117 to 0.682036; resetting the attack
WARNING: subspace attack failed: objective decreased from 0.688016 to 0.687961; resetting the attack
WARNING: subspace attack failed: objective decreased from 0.687090 to 0.684237; resetting the attack
WARNING: subspace attack failed: objective decreased from 0.686516 to 0.683475; resetting the attack
WARNING: subspace attack failed: objective decreased from 0.688689 to 0.687953; resetting the attack
WARNING: subspace attack failed: objective decreased from 0.684083 to 0.682839; resetting the attack
WARNING: subspace attack failed: objective decreased from 0.686156 to 0.684341; resetting the attack
WARNING: subspace attack failed: objective decreased from 0.686058 to 0.684629; resetting the attack
WARNING: subspace attack failed: objective decreased from 0.682439 to 0.681410; resetting the attack
WARNING: subspace attack failed: objective decreased from 0.682384 to 0.681160; resetting the attack
WARNING: subspace attack failed: objective decreased from 0.689222 to 0.684231; resetting the attack
WARNING: subspace attack failed: objective decreased from 0.684314 to 0.684096; resetting the attack
WARNING: subspace attack failed: objective decreased from 0.689464 to 0.683303; resetting the attack
WARNING: subspace attack failed: objective decreased from 0.687382 to 0.686714; resetting the attack
WARNING: subspace attack failed: objective decreased from 0.684161 to 0.683801; resetting the attack
WARNING: subspace attack failed: objective decreased from 0.684928 to 0.682968; resetting the attack
WARNING: subspace attack failed: objective decreased from 0.685752 to 0.685106; resetting the attack
WARNING: subspace attack failed: objective decreased from 0.688711 to 0.688700; resetting the attack
WARNING: subspace attack failed: objective decreased from 0.685992 to 0.683469; resetting the attack
WARNING: subspace attack failed: objective decreased from 0.687584 to 0.682134; resetting the attack
WARNING: subspace attack failed: objective decreased from 0.682524 to 0.679579; resetting the attack
WARNING: subspace attack failed: objective decreased from 0.681421 to 0.680634; resetting the attack
WARNING: subspace attack failed: objective decreased from 0.687922 to 0.682582; resetting the attack
WARNING: subspace attack failed: objective decreased from 0.681443 to 0.681370; resetting the attack
WARNING: subspace attack failed: objective decreased from 0.687115 to 0.684580; resetting the attack
WARNING: subspace attack failed: objective decreased from 0.683511 to 0.682456; resetting the attack
WARNING: subspace attack failed: objective decreased from 0.684548 to 0.683617; resetting the attack
WARNING: subspace attack failed: objective decreased from 0.685017 to 0.680348; resetting the attack
WARNING: subspace attack failed: objective decreased from 0.683103 to 0.675926; resetting the attack
WARNING: subspace attack failed: objective decreased from 0.689189 to 0.684357; resetting the attack
WARNING: subspace attack failed: objective decreased from 0.684331 to 0.684150; resetting the attack
WARNING: subspace attack failed: objective decreased from 0.686395 to 0.685851; resetting the attack
WARNING: subspace attack failed: objective decreased from 0.683648 to 0.682775; resetting the attack
WARNING: subspace attack failed: objective decreased from 0.684125 to 0.680538; resetting the attack
WARNING: subspace attack failed: objective decreased from 0.684685 to 0.680027; resetting the attack
WARNING: subspace attack failed: objective decreased from 0.684851 to 0.680538; resetting the attack
WARNING: subspace attack failed: objective decreased from 0.685662 to 0.681801; resetting the attack
WARNING: subspace attack failed: objective decreased from 0.684279 to 0.683123; resetting the attack
WARNING: subspace attack failed: objective decreased from 0.685202 to 0.680124; resetting the attack
WARNING: subspace attack failed: objective decreased from 0.679980 to 0.678155; resetting the attack
WARNING: subspace attack failed: objective decreased from 0.684154 to 0.682733; resetting the attack
WARNING: subspace attack failed: objective decreased from 0.685501 to 0.681023; resetting the attack
WARNING: subspace attack failed: objective decreased from 0.685091 to 0.681241; resetting the attack
WARNING: subspace attack failed: objective decreased from 0.686463 to 0.682697; resetting the attack
WARNING: subspace attack failed: objective decreased from 0.685139 to 0.677319; resetting the attack
WARNING: subspace attack failed: objective decreased from 0.686770 to 0.686410; resetting the attack
WARNING: subspace attack failed: objective decreased from 0.687768 to 0.684643; resetting the attack
WARNING: subspace attack failed: objective decreased from 0.688739 to 0.687317; resetting the attack
WARNING: subspace attack failed: objective decreased from 0.684318 to 0.680079; resetting the attack
WARNING: subspace attack failed: objective decreased from 0.685862 to 0.679480; resetting the attack
WARNING: subspace attack failed: objective decreased from 0.683164 to 0.682723; resetting the attack
WARNING: subspace attack failed: objective decreased from 0.683734 to 0.681956; resetting the attack
WARNING: subspace attack failed: objective decreased from 0.685290 to 0.680756; resetting the attack
WARNING: subspace attack failed: objective decreased from 0.684166 to 0.683281; resetting the attack
WARNING: subspace attack failed: objective decreased from 0.682854 to 0.677330; resetting the attack
WARNING: subspace attack failed: objective decreased from 0.683011 to 0.679857; resetting the attack
WARNING: subspace attack failed: objective decreased from 0.677959 to 0.677869; resetting the attack
WARNING: subspace attack failed: objective decreased from 0.683272 to 0.683258; resetting the attack
WARNING: subspace attack failed: objective decreased from 0.684110 to 0.679121; resetting the attack
WARNING: subspace attack failed: objective decreased from 0.686889 to 0.683222; resetting the attack
WARNING: subspace attack failed: objective decreased from 0.681839 to 0.678143; resetting the attack
WARNING: subspace attack failed: objective decreased from 0.682312 to 0.680331; resetting the attack
WARNING: subspace attack failed: objective decreased from 0.683055 to 0.673916; resetting the attack
WARNING: subspace attack failed: objective decreased from 0.678362 to 0.677021; resetting the attack
WARNING: subspace attack failed: objective decreased from 0.678571 to 0.677332; resetting the attack
WARNING: subspace attack failed: objective decreased from 0.680382 to 0.678176; resetting the attack
WARNING: subspace attack failed: objective decreased from 0.691003 to 0.686788; resetting the attack
WARNING: subspace attack failed: objective decreased from 0.682182 to 0.681365; resetting the attack
WARNING: subspace attack failed: objective decreased from 0.683049 to 0.680919; resetting the attack
WARNING: subspace attack failed: objective decreased from 0.681003 to 0.676525; resetting the attack
WARNING: subspace attack failed: objective decreased from 0.686447 to 0.683031; resetting the attack
WARNING: subspace attack failed: objective decreased from 0.683280 to 0.680881; resetting the attack
WARNING: subspace attack failed: objective decreased from 0.685869 to 0.679244; resetting the attack
WARNING: subspace attack failed: objective decreased from 0.682460 to 0.680787; resetting the attack
WARNING: subspace attack failed: objective decreased from 0.685822 to 0.683656; resetting the attack
WARNING: subspace attack failed: objective decreased from 0.682714 to 0.681851; resetting the attack
WARNING: subspace attack failed: objective decreased from 0.681879 to 0.680620; resetting the attack
WARNING: subspace attack failed: objective decreased from 0.682164 to 0.678967; resetting the attack
WARNING: subspace attack failed: objective decreased from 0.681991 to 0.681563; resetting the attack
WARNING: subspace attack failed: objective decreased from 0.681559 to 0.680779; resetting the attack
WARNING: subspace attack failed: objective decreased from 0.683088 to 0.682102; resetting the attack
WARNING: subspace attack failed: objective decreased from 0.683182 to 0.681302; resetting the attack
WARNING: subspace attack failed: objective decreased from 0.681537 to 0.679052; resetting the attack
WARNING: subspace attack failed: objective decreased from 0.679447 to 0.677320; resetting the attack
WARNING: subspace attack failed: objective decreased from 0.684808 to 0.680479; resetting the attack
WARNING: subspace attack failed: objective decreased from 0.680190 to 0.679607; resetting the attack
WARNING: subspace attack failed: objective decreased from 0.681412 to 0.680749; resetting the attack
WARNING: subspace attack failed: objective decreased from 0.677894 to 0.677769; resetting the attack
WARNING: subspace attack failed: objective decreased from 0.682901 to 0.681680; resetting the attack
WARNING: subspace attack failed: objective decreased from 0.684012 to 0.683062; resetting the attack
WARNING: subspace attack failed: objective decreased from 0.686594 to 0.685085; resetting the attack
WARNING: subspace attack failed: objective decreased from 0.679366 to 0.675668; resetting the attack
WARNING: subspace attack failed: objective decreased from 0.683260 to 0.681402; resetting the attack
Real and fair distances (max/min/mean):
7028.80636893741 1.8898478799193419 1845.3022962580073
0.000107969434 7.211612e-05 9.4368326e-05
Counter success count is -1
Epoch 7000 train accuracy 0.566793; loss 0.680931; lambda is 0.000010
Epoch 7000 test accuracy 0.565341
FAILED attacks: subspace 145; full 0; Nans after attack 0
Loss clean 0.682286; subspace 0.682516; adv 0.683858
Train AUC is 0.598564; balanced AUC is 0.598564
Train accuracy 0.567; balanced accuracy 0.571; FDR 0.468; TPR 0.649

Train sex accuracy 0.582; balanced accuracy 0.600; FDR 0.560; TPR 0.659

Train sex gap RMS 0.04416209831128149
Train race accuracy 0.585; balanced accuracy 0.587; FDR 0.523; TPR 0.595

Train race gap RMS 0.12343860019721097
Train STD accuracy 0.001; balanced accuracy 0.006; FDR 0.019; TPR 0.032

--------------------------------------------------
Test AUC is 0.597465; balanced AUC is 0.597465
Test accuracy 0.565; balanced accuracy 0.569; FDR 0.468; TPR 0.628

Test sex accuracy 0.608; balanced accuracy 0.601; FDR 0.500; TPR 0.566

Test sex gap RMS 0.12689542904933135
Test race accuracy 0.541; balanced accuracy 0.533; FDR 0.581; TPR 0.500

Test race gap RMS 0.15771870434920415
Test STD accuracy 0.034; balanced accuracy 0.034; FDR 0.041; TPR 0.033

--------------------------------------------------
WARNING: subspace attack failed: objective decreased from 0.680672 to 0.679281; resetting the attack
WARNING: subspace attack failed: objective decreased from 0.686276 to 0.685165; resetting the attack
WARNING: subspace attack failed: objective decreased from 0.685352 to 0.684166; resetting the attack
WARNING: subspace attack failed: objective decreased from 0.678593 to 0.677595; resetting the attack
WARNING: subspace attack failed: objective decreased from 0.686496 to 0.681997; resetting the attack
WARNING: subspace attack failed: objective decreased from 0.685364 to 0.683849; resetting the attack
WARNING: subspace attack failed: objective decreased from 0.680785 to 0.680007; resetting the attack
WARNING: subspace attack failed: objective decreased from 0.678944 to 0.677796; resetting the attack
WARNING: subspace attack failed: objective decreased from 0.669789 to 0.669403; resetting the attack
WARNING: subspace attack failed: objective decreased from 0.681261 to 0.679732; resetting the attack
WARNING: subspace attack failed: objective decreased from 0.683604 to 0.682935; resetting the attack
WARNING: subspace attack failed: objective decreased from 0.681587 to 0.679621; resetting the attack
WARNING: subspace attack failed: objective decreased from 0.679762 to 0.678299; resetting the attack
WARNING: subspace attack failed: objective decreased from 0.684984 to 0.684681; resetting the attack
WARNING: subspace attack failed: objective decreased from 0.679724 to 0.678854; resetting the attack
WARNING: subspace attack failed: objective decreased from 0.682924 to 0.680983; resetting the attack
WARNING: subspace attack failed: objective decreased from 0.678692 to 0.676032; resetting the attack
WARNING: subspace attack failed: objective decreased from 0.681700 to 0.678714; resetting the attack
WARNING: subspace attack failed: objective decreased from 0.684710 to 0.681480; resetting the attack
WARNING: subspace attack failed: objective decreased from 0.680315 to 0.676558; resetting the attack
WARNING: subspace attack failed: objective decreased from 0.677849 to 0.675940; resetting the attack
WARNING: subspace attack failed: objective decreased from 0.683762 to 0.681128; resetting the attack
WARNING: subspace attack failed: objective decreased from 0.683165 to 0.681223; resetting the attack
WARNING: subspace attack failed: objective decreased from 0.680853 to 0.678530; resetting the attack
WARNING: subspace attack failed: objective decreased from 0.679468 to 0.677021; resetting the attack
WARNING: subspace attack failed: objective decreased from 0.681126 to 0.678175; resetting the attack
WARNING: subspace attack failed: objective decreased from 0.681755 to 0.678994; resetting the attack
WARNING: subspace attack failed: objective decreased from 0.681037 to 0.678380; resetting the attack
WARNING: subspace attack failed: objective decreased from 0.680076 to 0.679413; resetting the attack
WARNING: subspace attack failed: objective decreased from 0.682023 to 0.678334; resetting the attack
WARNING: subspace attack failed: objective decreased from 0.681099 to 0.680907; resetting the attack
WARNING: subspace attack failed: objective decreased from 0.683664 to 0.681655; resetting the attack
WARNING: subspace attack failed: objective decreased from 0.680045 to 0.678406; resetting the attack
WARNING: subspace attack failed: objective decreased from 0.680191 to 0.679798; resetting the attack
WARNING: subspace attack failed: objective decreased from 0.682706 to 0.674879; resetting the attack
WARNING: subspace attack failed: objective decreased from 0.680719 to 0.671903; resetting the attack
WARNING: subspace attack failed: objective decreased from 0.684251 to 0.677194; resetting the attack
WARNING: subspace attack failed: objective decreased from 0.682392 to 0.678271; resetting the attack
WARNING: subspace attack failed: objective decreased from 0.682071 to 0.673568; resetting the attack
WARNING: subspace attack failed: objective decreased from 0.676090 to 0.669980; resetting the attack
WARNING: subspace attack failed: objective decreased from 0.676901 to 0.675505; resetting the attack
WARNING: subspace attack failed: objective decreased from 0.679856 to 0.672972; resetting the attack
WARNING: subspace attack failed: objective decreased from 0.679755 to 0.675514; resetting the attack
WARNING: subspace attack failed: objective decreased from 0.679790 to 0.676030; resetting the attack
WARNING: subspace attack failed: objective decreased from 0.677161 to 0.676920; resetting the attack
WARNING: subspace attack failed: objective decreased from 0.675490 to 0.671725; resetting the attack
WARNING: subspace attack failed: objective decreased from 0.683902 to 0.682364; resetting the attack
WARNING: subspace attack failed: objective decreased from 0.680469 to 0.677987; resetting the attack
WARNING: subspace attack failed: objective decreased from 0.680591 to 0.677871; resetting the attack
WARNING: subspace attack failed: objective decreased from 0.687569 to 0.683683; resetting the attack
WARNING: subspace attack failed: objective decreased from 0.680920 to 0.680153; resetting the attack
WARNING: subspace attack failed: objective decreased from 0.680310 to 0.677983; resetting the attack
WARNING: subspace attack failed: objective decreased from 0.677068 to 0.674455; resetting the attack
WARNING: subspace attack failed: objective decreased from 0.678248 to 0.671573; resetting the attack
WARNING: subspace attack failed: objective decreased from 0.677807 to 0.677395; resetting the attack
WARNING: subspace attack failed: objective decreased from 0.683725 to 0.681314; resetting the attack
WARNING: subspace attack failed: objective decreased from 0.679671 to 0.674742; resetting the attack
WARNING: subspace attack failed: objective decreased from 0.683409 to 0.678356; resetting the attack
WARNING: subspace attack failed: objective decreased from 0.682209 to 0.674325; resetting the attack
WARNING: subspace attack failed: objective decreased from 0.678093 to 0.673732; resetting the attack
WARNING: subspace attack failed: objective decreased from 0.678465 to 0.674847; resetting the attack
WARNING: subspace attack failed: objective decreased from 0.681438 to 0.676876; resetting the attack
WARNING: subspace attack failed: objective decreased from 0.682752 to 0.672520; resetting the attack
WARNING: subspace attack failed: objective decreased from 0.682323 to 0.677715; resetting the attack
WARNING: subspace attack failed: objective decreased from 0.681534 to 0.679996; resetting the attack
WARNING: subspace attack failed: objective decreased from 0.679910 to 0.677552; resetting the attack
WARNING: subspace attack failed: objective decreased from 0.681069 to 0.680517; resetting the attack
WARNING: subspace attack failed: objective decreased from 0.677586 to 0.676804; resetting the attack
WARNING: subspace attack failed: objective decreased from 0.680966 to 0.676099; resetting the attack
WARNING: subspace attack failed: objective decreased from 0.678492 to 0.676877; resetting the attack
WARNING: subspace attack failed: objective decreased from 0.676287 to 0.676139; resetting the attack
WARNING: subspace attack failed: objective decreased from 0.684662 to 0.682055; resetting the attack
WARNING: subspace attack failed: objective decreased from 0.677524 to 0.673069; resetting the attack
WARNING: subspace attack failed: objective decreased from 0.677494 to 0.667684; resetting the attack
WARNING: subspace attack failed: objective decreased from 0.684258 to 0.682299; resetting the attack
WARNING: subspace attack failed: objective decreased from 0.679892 to 0.675032; resetting the attack
WARNING: subspace attack failed: objective decreased from 0.680479 to 0.676046; resetting the attack
WARNING: subspace attack failed: objective decreased from 0.678713 to 0.676416; resetting the attack
WARNING: subspace attack failed: objective decreased from 0.681409 to 0.679366; resetting the attack
WARNING: subspace attack failed: objective decreased from 0.680638 to 0.677212; resetting the attack
WARNING: subspace attack failed: objective decreased from 0.678576 to 0.675474; resetting the attack
WARNING: subspace attack failed: objective decreased from 0.682672 to 0.675133; resetting the attack
WARNING: subspace attack failed: objective decreased from 0.678762 to 0.678547; resetting the attack
WARNING: subspace attack failed: objective decreased from 0.684255 to 0.683671; resetting the attack
WARNING: subspace attack failed: objective decreased from 0.678734 to 0.678080; resetting the attack
WARNING: subspace attack failed: objective decreased from 0.682615 to 0.678856; resetting the attack
WARNING: subspace attack failed: objective decreased from 0.680737 to 0.680533; resetting the attack
WARNING: subspace attack failed: objective decreased from 0.681215 to 0.679402; resetting the attack
WARNING: subspace attack failed: objective decreased from 0.678470 to 0.675542; resetting the attack
WARNING: subspace attack failed: objective decreased from 0.682765 to 0.671832; resetting the attack
WARNING: subspace attack failed: objective decreased from 0.679277 to 0.678796; resetting the attack
WARNING: subspace attack failed: objective decreased from 0.678448 to 0.676788; resetting the attack
WARNING: subspace attack failed: objective decreased from 0.683571 to 0.674459; resetting the attack
WARNING: subspace attack failed: objective decreased from 0.679547 to 0.668798; resetting the attack
WARNING: subspace attack failed: objective decreased from 0.677797 to 0.671468; resetting the attack
WARNING: subspace attack failed: objective decreased from 0.679580 to 0.668894; resetting the attack
WARNING: subspace attack failed: objective decreased from 0.681271 to 0.680932; resetting the attack
WARNING: subspace attack failed: objective decreased from 0.680641 to 0.677413; resetting the attack
WARNING: subspace attack failed: objective decreased from 0.679811 to 0.673454; resetting the attack
WARNING: subspace attack failed: objective decreased from 0.683872 to 0.678352; resetting the attack
WARNING: subspace attack failed: objective decreased from 0.681306 to 0.673844; resetting the attack
WARNING: subspace attack failed: objective decreased from 0.677136 to 0.674964; resetting the attack
WARNING: subspace attack failed: objective decreased from 0.672194 to 0.671294; resetting the attack
WARNING: subspace attack failed: objective decreased from 0.679742 to 0.670820; resetting the attack
WARNING: subspace attack failed: objective decreased from 0.680467 to 0.673575; resetting the attack
WARNING: subspace attack failed: objective decreased from 0.684425 to 0.676216; resetting the attack
WARNING: subspace attack failed: objective decreased from 0.676134 to 0.673807; resetting the attack
WARNING: subspace attack failed: objective decreased from 0.675203 to 0.668014; resetting the attack
WARNING: subspace attack failed: objective decreased from 0.680364 to 0.671176; resetting the attack
WARNING: subspace attack failed: objective decreased from 0.676298 to 0.664802; resetting the attack
WARNING: subspace attack failed: objective decreased from 0.674403 to 0.672148; resetting the attack
WARNING: subspace attack failed: objective decreased from 0.684600 to 0.680719; resetting the attack
WARNING: subspace attack failed: objective decreased from 0.682869 to 0.681999; resetting the attack
WARNING: subspace attack failed: objective decreased from 0.685478 to 0.679572; resetting the attack
WARNING: subspace attack failed: objective decreased from 0.673957 to 0.670811; resetting the attack
WARNING: subspace attack failed: objective decreased from 0.673771 to 0.668484; resetting the attack
WARNING: subspace attack failed: objective decreased from 0.679363 to 0.667577; resetting the attack
WARNING: subspace attack failed: objective decreased from 0.681014 to 0.678978; resetting the attack
WARNING: subspace attack failed: objective decreased from 0.679487 to 0.677217; resetting the attack
WARNING: subspace attack failed: objective decreased from 0.675514 to 0.672467; resetting the attack
WARNING: subspace attack failed: objective decreased from 0.682919 to 0.676343; resetting the attack
WARNING: subspace attack failed: objective decreased from 0.676180 to 0.675274; resetting the attack
WARNING: subspace attack failed: objective decreased from 0.678615 to 0.668083; resetting the attack
WARNING: subspace attack failed: objective decreased from 0.679501 to 0.673212; resetting the attack
WARNING: subspace attack failed: objective decreased from 0.676628 to 0.666006; resetting the attack
WARNING: subspace attack failed: objective decreased from 0.681432 to 0.677074; resetting the attack
WARNING: subspace attack failed: objective decreased from 0.682452 to 0.674943; resetting the attack
WARNING: subspace attack failed: objective decreased from 0.683356 to 0.676394; resetting the attack
WARNING: subspace attack failed: objective decreased from 0.678080 to 0.674761; resetting the attack
WARNING: subspace attack failed: objective decreased from 0.678295 to 0.677686; resetting the attack
WARNING: subspace attack failed: objective decreased from 0.679519 to 0.674021; resetting the attack
WARNING: subspace attack failed: objective decreased from 0.678511 to 0.676708; resetting the attack
WARNING: subspace attack failed: objective decreased from 0.678575 to 0.677198; resetting the attack
WARNING: subspace attack failed: objective decreased from 0.683461 to 0.681588; resetting the attack
WARNING: subspace attack failed: objective decreased from 0.675275 to 0.672998; resetting the attack
Real and fair distances (max/min/mean):
5358.311437205615 24.55576948426722 1865.964718472104
0.00010656933 7.2304814e-05 9.260765e-05
Counter success count is -1
Epoch 8000 train accuracy 0.578873; loss 0.677139; lambda is 0.000010
Epoch 8000 test accuracy 0.571023
FAILED attacks: subspace 280; full 0; Nans after attack 0
Loss clean 0.678367; subspace 0.681569; adv 0.682806
Train AUC is 0.631769; balanced AUC is 0.631769
Train accuracy 0.579; balanced accuracy 0.582; FDR 0.454; TPR 0.626

Train sex accuracy 0.595; balanced accuracy 0.604; FDR 0.551; TPR 0.638

Train sex gap RMS 0.03310273068940454
Train race accuracy 0.608; balanced accuracy 0.601; FDR 0.499; TPR 0.566

Train race gap RMS 0.1421034785823576
Train STD accuracy 0.007; balanced accuracy 0.002; FDR 0.026; TPR 0.036

--------------------------------------------------
Test AUC is 0.621653; balanced AUC is 0.621653
Test accuracy 0.571; balanced accuracy 0.573; FDR 0.461; TPR 0.608

Test sex accuracy 0.632; balanced accuracy 0.620; FDR 0.472; TPR 0.566

Test sex gap RMS 0.1298196990538998
Test race accuracy 0.545; balanced accuracy 0.530; FDR 0.582; TPR 0.465

Test race gap RMS 0.17259580715721168
Test STD accuracy 0.043; balanced accuracy 0.045; FDR 0.055; TPR 0.051

--------------------------------------------------
WARNING: subspace attack failed: objective decreased from 0.676569 to 0.675447; resetting the attack
WARNING: subspace attack failed: objective decreased from 0.685622 to 0.678460; resetting the attack
WARNING: subspace attack failed: objective decreased from 0.679140 to 0.675837; resetting the attack
WARNING: subspace attack failed: objective decreased from 0.675415 to 0.673359; resetting the attack
WARNING: subspace attack failed: objective decreased from 0.675071 to 0.673329; resetting the attack
WARNING: subspace attack failed: objective decreased from 0.677806 to 0.677179; resetting the attack
WARNING: subspace attack failed: objective decreased from 0.677714 to 0.677622; resetting the attack
WARNING: subspace attack failed: objective decreased from 0.675018 to 0.674488; resetting the attack
WARNING: subspace attack failed: objective decreased from 0.677067 to 0.673728; resetting the attack
WARNING: subspace attack failed: objective decreased from 0.680086 to 0.676994; resetting the attack
WARNING: subspace attack failed: objective decreased from 0.681763 to 0.680933; resetting the attack
WARNING: subspace attack failed: objective decreased from 0.680517 to 0.679899; resetting the attack
WARNING: subspace attack failed: objective decreased from 0.675508 to 0.674507; resetting the attack
WARNING: subspace attack failed: objective decreased from 0.681429 to 0.680585; resetting the attack
WARNING: subspace attack failed: objective decreased from 0.673850 to 0.670589; resetting the attack
WARNING: subspace attack failed: objective decreased from 0.678841 to 0.674040; resetting the attack
WARNING: subspace attack failed: objective decreased from 0.679367 to 0.679152; resetting the attack
WARNING: subspace attack failed: objective decreased from 0.678674 to 0.678194; resetting the attack
WARNING: subspace attack failed: objective decreased from 0.679820 to 0.676977; resetting the attack
WARNING: subspace attack failed: objective decreased from 0.680133 to 0.680005; resetting the attack
WARNING: subspace attack failed: objective decreased from 0.676490 to 0.674945; resetting the attack
WARNING: subspace attack failed: objective decreased from 0.676928 to 0.676096; resetting the attack
WARNING: subspace attack failed: objective decreased from 0.674326 to 0.667229; resetting the attack
WARNING: subspace attack failed: objective decreased from 0.676649 to 0.675916; resetting the attack
WARNING: subspace attack failed: objective decreased from 0.673923 to 0.672410; resetting the attack
WARNING: subspace attack failed: objective decreased from 0.681628 to 0.668557; resetting the attack
WARNING: subspace attack failed: objective decreased from 0.677098 to 0.672826; resetting the attack
WARNING: subspace attack failed: objective decreased from 0.680693 to 0.678993; resetting the attack
WARNING: subspace attack failed: objective decreased from 0.682308 to 0.673648; resetting the attack
WARNING: subspace attack failed: objective decreased from 0.677304 to 0.673584; resetting the attack
WARNING: subspace attack failed: objective decreased from 0.675604 to 0.675375; resetting the attack
WARNING: subspace attack failed: objective decreased from 0.681135 to 0.674845; resetting the attack
WARNING: subspace attack failed: objective decreased from 0.677050 to 0.675809; resetting the attack
WARNING: subspace attack failed: objective decreased from 0.675995 to 0.674907; resetting the attack
WARNING: subspace attack failed: objective decreased from 0.679034 to 0.677708; resetting the attack
WARNING: subspace attack failed: objective decreased from 0.680183 to 0.677293; resetting the attack
WARNING: subspace attack failed: objective decreased from 0.683384 to 0.676352; resetting the attack
WARNING: subspace attack failed: objective decreased from 0.676392 to 0.672367; resetting the attack
WARNING: subspace attack failed: objective decreased from 0.677335 to 0.676593; resetting the attack
WARNING: subspace attack failed: objective decreased from 0.679868 to 0.671695; resetting the attack
WARNING: subspace attack failed: objective decreased from 0.676538 to 0.674167; resetting the attack
WARNING: subspace attack failed: objective decreased from 0.676760 to 0.675483; resetting the attack
WARNING: subspace attack failed: objective decreased from 0.681374 to 0.676321; resetting the attack
WARNING: subspace attack failed: objective decreased from 0.678903 to 0.674563; resetting the attack
WARNING: subspace attack failed: objective decreased from 0.679311 to 0.676255; resetting the attack
WARNING: subspace attack failed: objective decreased from 0.680857 to 0.679558; resetting the attack
WARNING: subspace attack failed: objective decreased from 0.678981 to 0.673182; resetting the attack
WARNING: subspace attack failed: objective decreased from 0.677545 to 0.666850; resetting the attack
WARNING: subspace attack failed: objective decreased from 0.678608 to 0.672714; resetting the attack
WARNING: subspace attack failed: objective decreased from 0.674863 to 0.671297; resetting the attack
WARNING: subspace attack failed: objective decreased from 0.677094 to 0.673647; resetting the attack
WARNING: subspace attack failed: objective decreased from 0.675385 to 0.670031; resetting the attack
WARNING: subspace attack failed: objective decreased from 0.675058 to 0.674405; resetting the attack
WARNING: subspace attack failed: objective decreased from 0.673847 to 0.666025; resetting the attack
WARNING: subspace attack failed: objective decreased from 0.673477 to 0.669806; resetting the attack
WARNING: subspace attack failed: objective decreased from 0.675427 to 0.666035; resetting the attack
WARNING: subspace attack failed: objective decreased from 0.672658 to 0.667616; resetting the attack
WARNING: subspace attack failed: objective decreased from 0.675773 to 0.665241; resetting the attack
WARNING: subspace attack failed: objective decreased from 0.676769 to 0.667820; resetting the attack
WARNING: subspace attack failed: objective decreased from 0.677287 to 0.666230; resetting the attack
WARNING: subspace attack failed: objective decreased from 0.677152 to 0.663563; resetting the attack
WARNING: subspace attack failed: objective decreased from 0.677364 to 0.671309; resetting the attack
WARNING: subspace attack failed: objective decreased from 0.682668 to 0.673828; resetting the attack
WARNING: subspace attack failed: objective decreased from 0.676521 to 0.671817; resetting the attack
WARNING: subspace attack failed: objective decreased from 0.671940 to 0.667938; resetting the attack
WARNING: subspace attack failed: objective decreased from 0.676750 to 0.672976; resetting the attack
WARNING: subspace attack failed: objective decreased from 0.676361 to 0.670680; resetting the attack
WARNING: subspace attack failed: objective decreased from 0.671895 to 0.670938; resetting the attack
WARNING: subspace attack failed: objective decreased from 0.673994 to 0.661211; resetting the attack
WARNING: subspace attack failed: objective decreased from 0.674652 to 0.665485; resetting the attack
WARNING: subspace attack failed: objective decreased from 0.672127 to 0.660678; resetting the attack
WARNING: subspace attack failed: objective decreased from 0.673303 to 0.658340; resetting the attack
WARNING: subspace attack failed: objective decreased from 0.678583 to 0.660098; resetting the attack
WARNING: subspace attack failed: objective decreased from 0.674274 to 0.667681; resetting the attack
WARNING: subspace attack failed: objective decreased from 0.673447 to 0.664542; resetting the attack
WARNING: subspace attack failed: objective decreased from 0.679591 to 0.665805; resetting the attack
WARNING: subspace attack failed: objective decreased from 0.677139 to 0.664273; resetting the attack
WARNING: subspace attack failed: objective decreased from 0.682725 to 0.669393; resetting the attack
WARNING: subspace attack failed: objective decreased from 0.674996 to 0.668155; resetting the attack
WARNING: subspace attack failed: objective decreased from 0.675218 to 0.668904; resetting the attack
WARNING: subspace attack failed: objective decreased from 0.680499 to 0.679499; resetting the attack
WARNING: subspace attack failed: objective decreased from 0.679589 to 0.671910; resetting the attack
WARNING: subspace attack failed: objective decreased from 0.681376 to 0.667962; resetting the attack
WARNING: subspace attack failed: objective decreased from 0.679112 to 0.675084; resetting the attack
WARNING: subspace attack failed: objective decreased from 0.670475 to 0.670250; resetting the attack
WARNING: subspace attack failed: objective decreased from 0.671444 to 0.665467; resetting the attack
WARNING: subspace attack failed: objective decreased from 0.676585 to 0.671231; resetting the attack
WARNING: subspace attack failed: objective decreased from 0.673213 to 0.664395; resetting the attack
WARNING: subspace attack failed: objective decreased from 0.669693 to 0.661933; resetting the attack
WARNING: subspace attack failed: objective decreased from 0.677666 to 0.661917; resetting the attack
WARNING: subspace attack failed: objective decreased from 0.674351 to 0.663861; resetting the attack
WARNING: subspace attack failed: objective decreased from 0.676500 to 0.658698; resetting the attack
WARNING: subspace attack failed: objective decreased from 0.674614 to 0.656263; resetting the attack
WARNING: subspace attack failed: objective decreased from 0.673093 to 0.658646; resetting the attack
WARNING: subspace attack failed: objective decreased from 0.670002 to 0.656990; resetting the attack
WARNING: subspace attack failed: objective decreased from 0.674666 to 0.660528; resetting the attack
WARNING: subspace attack failed: objective decreased from 0.674886 to 0.661598; resetting the attack
WARNING: subspace attack failed: objective decreased from 0.677122 to 0.667961; resetting the attack
WARNING: subspace attack failed: objective decreased from 0.675202 to 0.669066; resetting the attack
WARNING: subspace attack failed: objective decreased from 0.669633 to 0.668765; resetting the attack
WARNING: subspace attack failed: objective decreased from 0.677683 to 0.674976; resetting the attack
WARNING: subspace attack failed: objective decreased from 0.673298 to 0.668923; resetting the attack
WARNING: subspace attack failed: objective decreased from 0.674982 to 0.658580; resetting the attack
WARNING: subspace attack failed: objective decreased from 0.676838 to 0.655103; resetting the attack
WARNING: subspace attack failed: objective decreased from 0.672810 to 0.655244; resetting the attack
WARNING: subspace attack failed: objective decreased from 0.672496 to 0.658292; resetting the attack
WARNING: subspace attack failed: objective decreased from 0.672367 to 0.659674; resetting the attack
WARNING: subspace attack failed: objective decreased from 0.680107 to 0.670800; resetting the attack
WARNING: subspace attack failed: objective decreased from 0.675191 to 0.669780; resetting the attack
WARNING: subspace attack failed: objective decreased from 0.675903 to 0.664205; resetting the attack
WARNING: subspace attack failed: objective decreased from 0.675086 to 0.673513; resetting the attack
WARNING: subspace attack failed: objective decreased from 0.676083 to 0.663670; resetting the attack
WARNING: subspace attack failed: objective decreased from 0.671472 to 0.653544; resetting the attack
WARNING: subspace attack failed: objective decreased from 0.673556 to 0.657600; resetting the attack
WARNING: subspace attack failed: objective decreased from 0.674457 to 0.673322; resetting the attack
WARNING: subspace attack failed: objective decreased from 0.671205 to 0.666859; resetting the attack
WARNING: subspace attack failed: objective decreased from 0.666817 to 0.665285; resetting the attack
WARNING: subspace attack failed: objective decreased from 0.678110 to 0.672589; resetting the attack
WARNING: subspace attack failed: objective decreased from 0.680132 to 0.674077; resetting the attack
WARNING: subspace attack failed: objective decreased from 0.676252 to 0.670274; resetting the attack
WARNING: subspace attack failed: objective decreased from 0.671428 to 0.664305; resetting the attack
WARNING: subspace attack failed: objective decreased from 0.673307 to 0.665211; resetting the attack
WARNING: subspace attack failed: objective decreased from 0.673929 to 0.658795; resetting the attack
WARNING: subspace attack failed: objective decreased from 0.673184 to 0.660734; resetting the attack
WARNING: subspace attack failed: objective decreased from 0.666596 to 0.651170; resetting the attack
WARNING: subspace attack failed: objective decreased from 0.673126 to 0.663291; resetting the attack
WARNING: subspace attack failed: objective decreased from 0.673209 to 0.659153; resetting the attack
WARNING: subspace attack failed: objective decreased from 0.678311 to 0.665047; resetting the attack
WARNING: subspace attack failed: objective decreased from 0.672163 to 0.661399; resetting the attack
WARNING: subspace attack failed: objective decreased from 0.669915 to 0.665684; resetting the attack
WARNING: subspace attack failed: objective decreased from 0.675776 to 0.662032; resetting the attack
WARNING: subspace attack failed: objective decreased from 0.669306 to 0.665453; resetting the attack
WARNING: subspace attack failed: objective decreased from 0.664184 to 0.657824; resetting the attack
WARNING: subspace attack failed: objective decreased from 0.676797 to 0.658376; resetting the attack
WARNING: subspace attack failed: objective decreased from 0.666969 to 0.659208; resetting the attack
WARNING: subspace attack failed: objective decreased from 0.676126 to 0.663444; resetting the attack
WARNING: subspace attack failed: objective decreased from 0.665227 to 0.653723; resetting the attack
WARNING: subspace attack failed: objective decreased from 0.670735 to 0.651808; resetting the attack
WARNING: subspace attack failed: objective decreased from 0.668195 to 0.652654; resetting the attack
WARNING: subspace attack failed: objective decreased from 0.668873 to 0.652782; resetting the attack
WARNING: subspace attack failed: objective decreased from 0.674355 to 0.650061; resetting the attack
WARNING: subspace attack failed: objective decreased from 0.668991 to 0.650692; resetting the attack
WARNING: subspace attack failed: objective decreased from 0.670476 to 0.652930; resetting the attack
WARNING: subspace attack failed: objective decreased from 0.670131 to 0.658310; resetting the attack
WARNING: subspace attack failed: objective decreased from 0.671492 to 0.664471; resetting the attack
WARNING: subspace attack failed: objective decreased from 0.670982 to 0.667638; resetting the attack
WARNING: subspace attack failed: objective decreased from 0.674280 to 0.663692; resetting the attack
WARNING: subspace attack failed: objective decreased from 0.672132 to 0.662650; resetting the attack
WARNING: subspace attack failed: objective decreased from 0.669998 to 0.661127; resetting the attack
WARNING: subspace attack failed: objective decreased from 0.671703 to 0.668701; resetting the attack
WARNING: subspace attack failed: objective decreased from 0.671940 to 0.664377; resetting the attack
WARNING: subspace attack failed: objective decreased from 0.673857 to 0.655941; resetting the attack
WARNING: subspace attack failed: objective decreased from 0.669459 to 0.652684; resetting the attack
WARNING: subspace attack failed: objective decreased from 0.669465 to 0.657659; resetting the attack
WARNING: subspace attack failed: objective decreased from 0.673444 to 0.663387; resetting the attack
WARNING: subspace attack failed: objective decreased from 0.674081 to 0.672443; resetting the attack
WARNING: subspace attack failed: objective decreased from 0.672157 to 0.663483; resetting the attack
WARNING: subspace attack failed: objective decreased from 0.669050 to 0.660547; resetting the attack
WARNING: subspace attack failed: objective decreased from 0.673421 to 0.673108; resetting the attack
WARNING: subspace attack failed: objective decreased from 0.677036 to 0.668818; resetting the attack
WARNING: subspace attack failed: objective decreased from 0.667731 to 0.664313; resetting the attack
WARNING: subspace attack failed: objective decreased from 0.670952 to 0.659975; resetting the attack
WARNING: subspace attack failed: objective decreased from 0.670981 to 0.664433; resetting the attack
WARNING: subspace attack failed: objective decreased from 0.671437 to 0.659858; resetting the attack
WARNING: subspace attack failed: objective decreased from 0.675639 to 0.670413; resetting the attack
WARNING: subspace attack failed: objective decreased from 0.671843 to 0.660099; resetting the attack
WARNING: subspace attack failed: objective decreased from 0.670338 to 0.663298; resetting the attack
WARNING: subspace attack failed: objective decreased from 0.671104 to 0.658560; resetting the attack
WARNING: subspace attack failed: objective decreased from 0.674003 to 0.661305; resetting the attack
WARNING: subspace attack failed: objective decreased from 0.663329 to 0.656434; resetting the attack
WARNING: subspace attack failed: objective decreased from 0.674701 to 0.661526; resetting the attack
WARNING: subspace attack failed: objective decreased from 0.669273 to 0.658857; resetting the attack
WARNING: subspace attack failed: objective decreased from 0.671450 to 0.660919; resetting the attack
WARNING: subspace attack failed: objective decreased from 0.671948 to 0.665760; resetting the attack
WARNING: subspace attack failed: objective decreased from 0.667976 to 0.666943; resetting the attack
WARNING: subspace attack failed: objective decreased from 0.671318 to 0.668926; resetting the attack
WARNING: subspace attack failed: objective decreased from 0.674090 to 0.671734; resetting the attack
WARNING: subspace attack failed: objective decreased from 0.670732 to 0.660287; resetting the attack
WARNING: subspace attack failed: objective decreased from 0.668810 to 0.655828; resetting the attack
WARNING: subspace attack failed: objective decreased from 0.669545 to 0.661483; resetting the attack
WARNING: subspace attack failed: objective decreased from 0.670586 to 0.665323; resetting the attack
WARNING: subspace attack failed: objective decreased from 0.671786 to 0.669935; resetting the attack
WARNING: subspace attack failed: objective decreased from 0.667612 to 0.662596; resetting the attack
WARNING: subspace attack failed: objective decreased from 0.667980 to 0.667138; resetting the attack
WARNING: subspace attack failed: objective decreased from 0.665989 to 0.664973; resetting the attack
WARNING: subspace attack failed: objective decreased from 0.673105 to 0.660947; resetting the attack
WARNING: subspace attack failed: objective decreased from 0.672244 to 0.665184; resetting the attack
WARNING: subspace attack failed: objective decreased from 0.665936 to 0.664307; resetting the attack
WARNING: subspace attack failed: objective decreased from 0.670756 to 0.663670; resetting the attack
WARNING: subspace attack failed: objective decreased from 0.668159 to 0.663245; resetting the attack
WARNING: subspace attack failed: objective decreased from 0.669388 to 0.665397; resetting the attack
WARNING: subspace attack failed: objective decreased from 0.669114 to 0.658785; resetting the attack
WARNING: subspace attack failed: objective decreased from 0.671805 to 0.671172; resetting the attack
WARNING: subspace attack failed: objective decreased from 0.672980 to 0.671380; resetting the attack
WARNING: subspace attack failed: objective decreased from 0.674494 to 0.665243; resetting the attack
WARNING: subspace attack failed: objective decreased from 0.673670 to 0.660417; resetting the attack
WARNING: subspace attack failed: objective decreased from 0.666737 to 0.663881; resetting the attack
WARNING: subspace attack failed: objective decreased from 0.673447 to 0.669800; resetting the attack
WARNING: subspace attack failed: objective decreased from 0.670072 to 0.655081; resetting the attack
WARNING: subspace attack failed: objective decreased from 0.669511 to 0.669050; resetting the attack
WARNING: subspace attack failed: objective decreased from 0.667918 to 0.664021; resetting the attack
WARNING: subspace attack failed: objective decreased from 0.663780 to 0.657346; resetting the attack
WARNING: subspace attack failed: objective decreased from 0.678512 to 0.663943; resetting the attack
WARNING: subspace attack failed: objective decreased from 0.669841 to 0.662168; resetting the attack
WARNING: subspace attack failed: objective decreased from 0.668939 to 0.656060; resetting the attack
WARNING: subspace attack failed: objective decreased from 0.671874 to 0.656113; resetting the attack
WARNING: subspace attack failed: objective decreased from 0.667832 to 0.648617; resetting the attack
WARNING: subspace attack failed: objective decreased from 0.672069 to 0.659860; resetting the attack
WARNING: subspace attack failed: objective decreased from 0.671890 to 0.655723; resetting the attack
WARNING: subspace attack failed: objective decreased from 0.666262 to 0.661510; resetting the attack
WARNING: subspace attack failed: objective decreased from 0.668468 to 0.661944; resetting the attack
WARNING: subspace attack failed: objective decreased from 0.673063 to 0.656323; resetting the attack
WARNING: subspace attack failed: objective decreased from 0.675340 to 0.659484; resetting the attack
WARNING: subspace attack failed: objective decreased from 0.674687 to 0.657437; resetting the attack
WARNING: subspace attack failed: objective decreased from 0.669179 to 0.658239; resetting the attack
WARNING: subspace attack failed: objective decreased from 0.674962 to 0.662714; resetting the attack
WARNING: subspace attack failed: objective decreased from 0.669691 to 0.662653; resetting the attack
WARNING: subspace attack failed: objective decreased from 0.677266 to 0.664866; resetting the attack
WARNING: subspace attack failed: objective decreased from 0.669401 to 0.660737; resetting the attack
WARNING: subspace attack failed: objective decreased from 0.669912 to 0.664253; resetting the attack
WARNING: subspace attack failed: objective decreased from 0.673658 to 0.669179; resetting the attack
WARNING: subspace attack failed: objective decreased from 0.668270 to 0.666671; resetting the attack
WARNING: subspace attack failed: objective decreased from 0.668686 to 0.666310; resetting the attack
WARNING: subspace attack failed: objective decreased from 0.667730 to 0.659212; resetting the attack
WARNING: subspace attack failed: objective decreased from 0.668459 to 0.655637; resetting the attack
WARNING: subspace attack failed: objective decreased from 0.674315 to 0.668341; resetting the attack
WARNING: subspace attack failed: objective decreased from 0.671657 to 0.648191; resetting the attack
WARNING: subspace attack failed: objective decreased from 0.670514 to 0.665682; resetting the attack
WARNING: subspace attack failed: objective decreased from 0.669601 to 0.659603; resetting the attack
WARNING: subspace attack failed: objective decreased from 0.671838 to 0.662460; resetting the attack
WARNING: subspace attack failed: objective decreased from 0.670500 to 0.668154; resetting the attack
WARNING: subspace attack failed: objective decreased from 0.669675 to 0.660947; resetting the attack
WARNING: subspace attack failed: objective decreased from 0.666334 to 0.665116; resetting the attack
WARNING: subspace attack failed: objective decreased from 0.670171 to 0.664104; resetting the attack
WARNING: subspace attack failed: objective decreased from 0.674354 to 0.662136; resetting the attack
WARNING: subspace attack failed: objective decreased from 0.674814 to 0.663257; resetting the attack
WARNING: subspace attack failed: objective decreased from 0.670938 to 0.657540; resetting the attack
WARNING: subspace attack failed: objective decreased from 0.668957 to 0.666294; resetting the attack
WARNING: subspace attack failed: objective decreased from 0.668286 to 0.657649; resetting the attack
Real and fair distances (max/min/mean):
0.00013322897580935768 6.487684978010351e-05 0.00012088034867067421
0.0001148799 3.2030905e-05 9.027638e-05
Counter success count is -1
Epoch 9000 train accuracy 0.583610; loss 0.670031; lambda is 0.000010
Epoch 9000 test accuracy 0.572917
FAILED attacks: subspace 519; full 0; Nans after attack 0
Loss clean 0.668286; subspace 0.657649; adv 0.669377
Train AUC is 0.655737; balanced AUC is 0.655737
Train accuracy 0.584; balanced accuracy 0.587; FDR 0.451; TPR 0.638

Train sex accuracy 0.597; balanced accuracy 0.608; FDR 0.548; TPR 0.645

Train sex gap RMS 0.03342127080743243
Train race accuracy 0.609; balanced accuracy 0.602; FDR 0.498; TPR 0.571

Train race gap RMS 0.14593601022689423
Train STD accuracy 0.006; balanced accuracy 0.003; FDR 0.025; TPR 0.037

--------------------------------------------------
Test AUC is 0.643300; balanced AUC is 0.643300
Test accuracy 0.573; balanced accuracy 0.575; FDR 0.459; TPR 0.612

Test sex accuracy 0.632; balanced accuracy 0.620; FDR 0.472; TPR 0.566

Test sex gap RMS 0.13078535278254033
Test race accuracy 0.545; balanced accuracy 0.530; FDR 0.582; TPR 0.465

Test race gap RMS 0.17645614413268704
Test STD accuracy 0.043; balanced accuracy 0.045; FDR 0.055; TPR 0.051

--------------------------------------------------
slurmstepd: error: *** JOB 11506504 ON gl3142 CANCELLED AT 2020-08-10T15:37:10 ***
