SLURM_JOBID:  11566431
SLURM_ARRAY_TASK_ID:  2
SLURM_ARRAY_JOB_ID:  11566428
WARNING:tensorflow:From /home/smaity/.local/lib/python3.6/site-packages/tensorflow/python/compat/v2_compat.py:96: disable_resource_variables (from tensorflow.python.ops.variable_scope) is deprecated and will be removed in a future version.
Instructions for updating:
non-resource variables are not supported in the long term
2020-08-11 20:52:41.697092: W tensorflow/stream_executor/platform/default/dso_loader.cc:55] Could not load dynamic library 'libcuda.so.1'; dlerror: libcuda.so.1: cannot open shared object file: No such file or directory; LD_LIBRARY_PATH: /sw/arcts/centos7/python3.6-anaconda/5.2.0/lib:/opt/slurm/lib64::
2020-08-11 20:52:41.697122: E tensorflow/stream_executor/cuda/cuda_driver.cc:313] failed call to cuInit: UNKNOWN ERROR (303)
2020-08-11 20:52:41.697149: I tensorflow/stream_executor/cuda/cuda_diagnostics.cc:156] kernel driver does not appear to be running on this host (gl3072.arc-ts.umich.edu): /proc/driver/nvidia/version does not exist
2020-08-11 20:52:41.697422: I tensorflow/core/platform/cpu_feature_guard.cc:143] Your CPU supports instructions that this TensorFlow binary was not compiled to use: AVX2 AVX512F FMA
2020-08-11 20:52:41.704113: I tensorflow/core/platform/profile_utils/cpu_utils.cc:102] CPU Frequency: 3000000000 Hz
2020-08-11 20:52:41.704210: I tensorflow/compiler/xla/service/service.cc:168] XLA service 0x563611769f60 initialized for platform Host (this does not guarantee that XLA will be used). Devices:
2020-08-11 20:52:41.704221: I tensorflow/compiler/xla/service/service.cc:176]   StreamExecutor device (0): Host, Default Version
(5278, 8)
['sex', 'race', 'priors_count', 'age_cat=25 to 45', 'age_cat=Greater than 45', 'age_cat=Less than 25', 'c_charge_degree=F', 'c_charge_degree=M']
sex
race
Real and fair distances (max/min/mean):
0.0 0.0 0.0
0.0 0.0 0.0
Counter success count is -1
Epoch 0 train accuracy 0.610848; loss 0.661650; lambda is 2.000000
Epoch 0 test accuracy 0.640152
Train AUC is 0.667335; balanced AUC is 0.667335
Train accuracy 0.611; balanced accuracy 0.613; FDR 0.422; TPR 0.642

Train sex accuracy 0.694; balanced accuracy 0.614; FDR 0.373; TPR 0.340

Train sex gap RMS 0.37804278146468373
Train race accuracy 0.626; balanced accuracy 0.620; FDR 0.485; TPR 0.595

Train race gap RMS 0.09682340022985145
Train STD accuracy 0.034; balanced accuracy 0.003; FDR 0.056; TPR 0.127

--------------------------------------------------
Test AUC is 0.688622; balanced AUC is 0.688622
Test accuracy 0.640; balanced accuracy 0.641; FDR 0.389; TPR 0.648

Test sex accuracy 0.678; balanced accuracy 0.612; FDR 0.316; TPR 0.317

Test sex gap RMS 0.3765382026850536
Test race accuracy 0.603; balanced accuracy 0.598; FDR 0.492; TPR 0.571

Test race gap RMS 0.08234609610559962
Test STD accuracy 0.037; balanced accuracy 0.007; FDR 0.088; TPR 0.127

--------------------------------------------------
Real and fair distances (max/min/mean):
3.879495638955686 0.02367950882446726 0.7551341796098685
3.0419826e-06 1.3318937e-06 2.8370468e-06
Counter success count is -1
Epoch 1000 train accuracy 0.595452; loss 0.671291; lambda is 0.000010
Epoch 1000 test accuracy 0.583333
FAILED attacks: subspace 0; full 0; Nans after attack 0
Loss clean 0.670985; subspace 0.687743; adv 0.688052
Train AUC is 0.597796; balanced AUC is 0.597796
Train accuracy 0.595; balanced accuracy 0.588; FDR 0.411; TPR 0.464

Train sex accuracy 0.632; balanced accuracy 0.581; FDR 0.522; TPR 0.405

Train sex gap RMS 0.06299256695647187
Train race accuracy 0.653; balanced accuracy 0.599; FDR 0.415; TPR 0.359

Train race gap RMS 0.19874670186554821
Train STD accuracy 0.010; balanced accuracy 0.009; FDR 0.053; TPR 0.023

--------------------------------------------------
Test AUC is 0.612811; balanced AUC is 0.612811
Test accuracy 0.583; balanced accuracy 0.577; FDR 0.429; TPR 0.463

Test sex accuracy 0.573; balanced accuracy 0.538; FDR 0.557; TPR 0.378

Test sex gap RMS 0.07205050464740044
Test race accuracy 0.594; balanced accuracy 0.552; FDR 0.504; TPR 0.333

Test race gap RMS 0.17136085488894187
Test STD accuracy 0.010; balanced accuracy 0.007; FDR 0.026; TPR 0.022

--------------------------------------------------
Real and fair distances (max/min/mean):
3.490313799534656 0.016110428196807913 0.6484736438396994
3.0489828e-06 1.4190817e-06 2.7050817e-06
Counter success count is -1
Epoch 2000 train accuracy 0.617480; loss 0.660022; lambda is 0.000010
Epoch 2000 test accuracy 0.625947
FAILED attacks: subspace 0; full 0; Nans after attack 0
Loss clean 0.657267; subspace 0.668792; adv 0.669250
Train AUC is 0.653153; balanced AUC is 0.653153
Train accuracy 0.617; balanced accuracy 0.606; FDR 0.350; TPR 0.405

Train sex accuracy 0.687; balanced accuracy 0.602; FDR 0.385; TPR 0.313

Train sex gap RMS 0.1108381612529825
Train race accuracy 0.656; balanced accuracy 0.591; FDR 0.383; TPR 0.298

Train race gap RMS 0.15165184851748362
Train STD accuracy 0.015; balanced accuracy 0.006; FDR 0.001; TPR 0.007

--------------------------------------------------
Test AUC is 0.650562; balanced AUC is 0.650562
Test accuracy 0.626; balanced accuracy 0.614; FDR 0.335; TPR 0.414

Test sex accuracy 0.626; balanced accuracy 0.563; FDR 0.465; TPR 0.280

Test sex gap RMS 0.1169988571476291
Test race accuracy 0.620; balanced accuracy 0.565; FDR 0.440; TPR 0.280

Test race gap RMS 0.1513415216174649
Test STD accuracy 0.003; balanced accuracy 0.001; FDR 0.012; TPR 0.000

--------------------------------------------------
Real and fair distances (max/min/mean):
3.4909444271159296 0.012105701541451205 0.6350104917130491
3.0513934e-06 1.8805729e-06 2.7858166e-06
Counter success count is -1
Epoch 3000 train accuracy 0.616769; loss 0.653292; lambda is 0.000010
Epoch 3000 test accuracy 0.622159
FAILED attacks: subspace 0; full 0; Nans after attack 0
Loss clean 0.663581; subspace 0.671863; adv 0.672554
Train AUC is 0.669668; balanced AUC is 0.669668
Train accuracy 0.617; balanced accuracy 0.611; FDR 0.392; TPR 0.522

Train sex accuracy 0.641; balanced accuracy 0.592; FDR 0.506; TPR 0.423

Train sex gap RMS 0.09934969051245199
Train race accuracy 0.644; balanced accuracy 0.597; FDR 0.442; TPR 0.387

Train race gap RMS 0.1982217102573852
Train STD accuracy 0.001; balanced accuracy 0.002; FDR 0.032; TPR 0.018

--------------------------------------------------
Test AUC is 0.670736; balanced AUC is 0.670736
Test accuracy 0.622; balanced accuracy 0.617; FDR 0.386; TPR 0.531

Test sex accuracy 0.569; balanced accuracy 0.543; FDR 0.557; TPR 0.427

Test sex gap RMS 0.0972372312173337
Test race accuracy 0.596; balanced accuracy 0.556; FDR 0.500; TPR 0.345

Test race gap RMS 0.2142013197817316
Test STD accuracy 0.014; balanced accuracy 0.006; FDR 0.028; TPR 0.041

--------------------------------------------------
Real and fair distances (max/min/mean):
3.754839289851623 0.0034113750131954117 0.6434401520208155
3.0526867e-06 1.9296392e-06 2.7656704e-06
Counter success count is -1
Epoch 4000 train accuracy 0.629323; loss 0.650533; lambda is 0.000010
Epoch 4000 test accuracy 0.629735
FAILED attacks: subspace 0; full 0; Nans after attack 0
Loss clean 0.645529; subspace 0.651408; adv 0.652248
Train AUC is 0.669410; balanced AUC is 0.669410
Train accuracy 0.629; balanced accuracy 0.626; FDR 0.385; TPR 0.566

Train sex accuracy 0.648; balanced accuracy 0.605; FDR 0.496; TPR 0.457

Train sex gap RMS 0.1093938434245354
Train race accuracy 0.639; balanced accuracy 0.596; FDR 0.453; TPR 0.404

Train race gap RMS 0.21768720117764162
Train STD accuracy 0.004; balanced accuracy 0.004; FDR 0.021; TPR 0.027

--------------------------------------------------
Test AUC is 0.676283; balanced AUC is 0.676283
Test accuracy 0.630; balanced accuracy 0.626; FDR 0.384; TPR 0.567

Test sex accuracy 0.569; balanced accuracy 0.550; FDR 0.553; TPR 0.463

Test sex gap RMS 0.09911932892551793
Test race accuracy 0.613; balanced accuracy 0.576; FDR 0.471; TPR 0.381

Test race gap RMS 0.2265838363121149
Test STD accuracy 0.022; balanced accuracy 0.013; FDR 0.041; TPR 0.041

--------------------------------------------------
Real and fair distances (max/min/mean):
3.250021174627645 0.010713791908097466 0.5248663644812621
3.0547692e-06 2.0724883e-06 2.7548285e-06
Counter success count is -1
Epoch 5000 train accuracy 0.625533; loss 0.648685; lambda is 0.000010
Epoch 5000 test accuracy 0.637311
FAILED attacks: subspace 0; full 0; Nans after attack 0
Loss clean 0.650155; subspace 0.654436; adv 0.655368
Train AUC is 0.668014; balanced AUC is 0.668014
Train accuracy 0.626; balanced accuracy 0.621; FDR 0.386; TPR 0.548

Train sex accuracy 0.639; balanced accuracy 0.594; FDR 0.510; TPR 0.440

Train sex gap RMS 0.10307271035337139
Train race accuracy 0.635; balanced accuracy 0.590; FDR 0.460; TPR 0.388

Train race gap RMS 0.21125236640976736
Train STD accuracy 0.002; balanced accuracy 0.002; FDR 0.025; TPR 0.026

--------------------------------------------------
Test AUC is 0.676071; balanced AUC is 0.676071
Test accuracy 0.637; balanced accuracy 0.633; FDR 0.369; TPR 0.553

Test sex accuracy 0.583; balanced accuracy 0.561; FDR 0.537; TPR 0.463

Test sex gap RMS 0.09042315876058764
Test race accuracy 0.630; balanced accuracy 0.588; FDR 0.436; TPR 0.369

Test race gap RMS 0.23056425708114547
Test STD accuracy 0.023; balanced accuracy 0.013; FDR 0.050; TPR 0.047

--------------------------------------------------
Real and fair distances (max/min/mean):
2.59179023526716 0.010838329913403104 0.4921702079329296
3.0296997e-06 1.9178315e-06 2.6426335e-06
Counter success count is -1
Epoch 6000 train accuracy 0.628375; loss 0.647338; lambda is 0.000010
Epoch 6000 test accuracy 0.640152
FAILED attacks: subspace 0; full 0; Nans after attack 0
Loss clean 0.664788; subspace 0.668779; adv 0.669759
Train AUC is 0.669743; balanced AUC is 0.669743
Train accuracy 0.628; balanced accuracy 0.624; FDR 0.383; TPR 0.555

Train sex accuracy 0.639; balanced accuracy 0.594; FDR 0.510; TPR 0.440

Train sex gap RMS 0.10859184039402253
Train race accuracy 0.635; balanced accuracy 0.590; FDR 0.460; TPR 0.388

Train race gap RMS 0.21792210464973377
Train STD accuracy 0.002; balanced accuracy 0.002; FDR 0.025; TPR 0.026

--------------------------------------------------
Test AUC is 0.681423; balanced AUC is 0.681423
Test accuracy 0.640; balanced accuracy 0.636; FDR 0.366; TPR 0.557

Test sex accuracy 0.583; balanced accuracy 0.561; FDR 0.537; TPR 0.463

Test sex gap RMS 0.09418068668795229
Test race accuracy 0.632; balanced accuracy 0.590; FDR 0.431; TPR 0.369

Test race gap RMS 0.23571880479775492
Test STD accuracy 0.025; balanced accuracy 0.014; FDR 0.053; TPR 0.047

--------------------------------------------------
Real and fair distances (max/min/mean):
3.0775988400001593 0.01438759656709268 0.5780318239066238
2.906984e-06 2.1353485e-06 2.632083e-06
Counter success count is -1
Epoch 7000 train accuracy 0.627901; loss 0.646131; lambda is 0.000010
Epoch 7000 test accuracy 0.642992
FAILED attacks: subspace 0; full 0; Nans after attack 0
Loss clean 0.650286; subspace 0.654238; adv 0.655276
Train AUC is 0.671749; balanced AUC is 0.671749
Train accuracy 0.628; balanced accuracy 0.624; FDR 0.384; TPR 0.556

Train sex accuracy 0.638; balanced accuracy 0.595; FDR 0.511; TPR 0.447

Train sex gap RMS 0.1026135415333862
Train race accuracy 0.634; balanced accuracy 0.590; FDR 0.461; TPR 0.394

Train race gap RMS 0.21120695015588145
Train STD accuracy 0.002; balanced accuracy 0.002; FDR 0.025; TPR 0.026

--------------------------------------------------
Test AUC is 0.681088; balanced AUC is 0.681088
Test accuracy 0.643; balanced accuracy 0.639; FDR 0.364; TPR 0.563

Test sex accuracy 0.592; balanced accuracy 0.573; FDR 0.524; TPR 0.488

Test sex gap RMS 0.08148005503496293
Test race accuracy 0.635; balanced accuracy 0.593; FDR 0.427; TPR 0.375

Test race gap RMS 0.23579522312477805
Test STD accuracy 0.021; balanced accuracy 0.010; FDR 0.048; TPR 0.056

--------------------------------------------------
Real and fair distances (max/min/mean):
3.8241094573296843 0.0111974162368513 0.5447284352662454
3.0436863e-06 1.9385673e-06 2.6590553e-06
Counter success count is -1
Epoch 8000 train accuracy 0.628612; loss 0.645416; lambda is 0.000010
Epoch 8000 test accuracy 0.642045
FAILED attacks: subspace 0; full 0; Nans after attack 0
Loss clean 0.651381; subspace 0.655310; adv 0.656351
Train AUC is 0.672884; balanced AUC is 0.672884
Train accuracy 0.629; balanced accuracy 0.624; FDR 0.383; TPR 0.554

Train sex accuracy 0.639; balanced accuracy 0.595; FDR 0.510; TPR 0.443

Train sex gap RMS 0.10393680959889429
Train race accuracy 0.636; balanced accuracy 0.591; FDR 0.457; TPR 0.388

Train race gap RMS 0.2175282181529407
Train STD accuracy 0.001; balanced accuracy 0.002; FDR 0.026; TPR 0.027

--------------------------------------------------
Test AUC is 0.681168; balanced AUC is 0.681168
Test accuracy 0.642; balanced accuracy 0.638; FDR 0.364; TPR 0.561

Test sex accuracy 0.592; balanced accuracy 0.573; FDR 0.524; TPR 0.488

Test sex gap RMS 0.0801486748342764
Test race accuracy 0.632; balanced accuracy 0.590; FDR 0.431; TPR 0.369

Test race gap RMS 0.23939715602180558
Test STD accuracy 0.020; balanced accuracy 0.008; FDR 0.046; TPR 0.059

--------------------------------------------------
Real and fair distances (max/min/mean):
3.444525098849464 0.010980663518822441 0.5629863156162773
2.908182e-06 1.908416e-06 2.685346e-06
Counter success count is -1
Epoch 9000 train accuracy 0.627428; loss 0.644748; lambda is 0.000010
Epoch 9000 test accuracy 0.642045
FAILED attacks: subspace 0; full 0; Nans after attack 0
Loss clean 0.647782; subspace 0.651654; adv 0.652699
Train AUC is 0.674666; balanced AUC is 0.674666
Train accuracy 0.627; balanced accuracy 0.624; FDR 0.385; TPR 0.557

Train sex accuracy 0.639; balanced accuracy 0.597; FDR 0.509; TPR 0.450

Train sex gap RMS 0.10163010438770047
Train race accuracy 0.636; balanced accuracy 0.592; FDR 0.458; TPR 0.396

Train race gap RMS 0.21368848887447714
Train STD accuracy 0.001; balanced accuracy 0.002; FDR 0.026; TPR 0.027

--------------------------------------------------
Test AUC is 0.682769; balanced AUC is 0.682769
Test accuracy 0.642; balanced accuracy 0.638; FDR 0.365; TPR 0.563

Test sex accuracy 0.592; balanced accuracy 0.573; FDR 0.524; TPR 0.488

Test sex gap RMS 0.08047265445833805
Test race accuracy 0.635; balanced accuracy 0.593; FDR 0.427; TPR 0.375

Test race gap RMS 0.2369883730967632
Test STD accuracy 0.021; balanced accuracy 0.010; FDR 0.048; TPR 0.056

--------------------------------------------------
Real and fair distances (max/min/mean):
3.2136749712477584 0.004676399539464926 0.6277256176527938
3.0318677e-06 2.0584177e-06 2.725567e-06
Counter success count is -1
Epoch 10000 train accuracy 0.627665; loss 0.644206; lambda is 0.000010
Epoch 10000 test accuracy 0.641098
FAILED attacks: subspace 0; full 0; Nans after attack 0
Loss clean 0.659554; subspace 0.663059; adv 0.664163
Train AUC is 0.674333; balanced AUC is 0.674333
Train accuracy 0.628; balanced accuracy 0.624; FDR 0.384; TPR 0.555

Train sex accuracy 0.640; balanced accuracy 0.597; FDR 0.508; TPR 0.447

Train sex gap RMS 0.10335723032183501
Train race accuracy 0.637; balanced accuracy 0.591; FDR 0.456; TPR 0.390

Train race gap RMS 0.21920271207378342
Train STD accuracy 0.002; balanced accuracy 0.003; FDR 0.026; TPR 0.028

--------------------------------------------------
Test AUC is 0.682204; balanced AUC is 0.682204
Test accuracy 0.641; balanced accuracy 0.637; FDR 0.366; TPR 0.561

Test sex accuracy 0.592; balanced accuracy 0.573; FDR 0.524; TPR 0.488

Test sex gap RMS 0.07912432511409531
Test race accuracy 0.632; balanced accuracy 0.590; FDR 0.431; TPR 0.369

Test race gap RMS 0.24057244240751163
Test STD accuracy 0.020; balanced accuracy 0.008; FDR 0.046; TPR 0.059

--------------------------------------------------
Real and fair distances (max/min/mean):
3.035579353406489 0.016642499413438826 0.5861177880707398
2.9088567e-06 1.9740621e-06 2.7443032e-06
Counter success count is -1
Epoch 11000 train accuracy 0.627428; loss 0.643342; lambda is 0.000010
Epoch 11000 test accuracy 0.642045
FAILED attacks: subspace 0; full 0; Nans after attack 0
Loss clean 0.642301; subspace 0.645369; adv 0.646457
Train AUC is 0.676663; balanced AUC is 0.676663
Train accuracy 0.627; balanced accuracy 0.624; FDR 0.385; TPR 0.557

Train sex accuracy 0.639; balanced accuracy 0.597; FDR 0.509; TPR 0.450

Train sex gap RMS 0.10163010438770047
Train race accuracy 0.636; balanced accuracy 0.592; FDR 0.458; TPR 0.396

Train race gap RMS 0.21368848887447714
Train STD accuracy 0.001; balanced accuracy 0.002; FDR 0.026; TPR 0.027

--------------------------------------------------
Test AUC is 0.681024; balanced AUC is 0.681024
Test accuracy 0.642; balanced accuracy 0.638; FDR 0.365; TPR 0.563

Test sex accuracy 0.592; balanced accuracy 0.573; FDR 0.524; TPR 0.488

Test sex gap RMS 0.08047265445833805
Test race accuracy 0.635; balanced accuracy 0.593; FDR 0.427; TPR 0.375

Test race gap RMS 0.2369883730967632
Test STD accuracy 0.021; balanced accuracy 0.010; FDR 0.048; TPR 0.056

--------------------------------------------------
Real and fair distances (max/min/mean):
3.46952054356013 0.0025155924468186807 0.5652762090200085
2.9093162e-06 1.9670867e-06 2.7404683e-06
Counter success count is -1
Epoch 12000 train accuracy 0.631691; loss 0.642766; lambda is 0.000010
Epoch 12000 test accuracy 0.639205
FAILED attacks: subspace 0; full 0; Nans after attack 0
Loss clean 0.645229; subspace 0.647697; adv 0.648817
Train AUC is 0.677519; balanced AUC is 0.677519
Train accuracy 0.632; balanced accuracy 0.629; FDR 0.388; TPR 0.592

Train sex accuracy 0.638; balanced accuracy 0.609; FDR 0.510; TPR 0.509

Train sex gap RMS 0.07887152574163812
Train race accuracy 0.635; balanced accuracy 0.598; FDR 0.463; TPR 0.430

Train race gap RMS 0.21426920591732776
Train STD accuracy 0.001; balanced accuracy 0.006; FDR 0.024; TPR 0.039

--------------------------------------------------
Test AUC is 0.683619; balanced AUC is 0.683619
Test accuracy 0.639; balanced accuracy 0.636; FDR 0.376; TPR 0.588

Test sex accuracy 0.602; balanced accuracy 0.590; FDR 0.511; TPR 0.537

Test sex gap RMS 0.057732763966630574
Test race accuracy 0.632; balanced accuracy 0.596; FDR 0.438; TPR 0.405

Test race gap RMS 0.23374383479203362
Test STD accuracy 0.015; balanced accuracy 0.003; FDR 0.037; TPR 0.066

--------------------------------------------------
Real and fair distances (max/min/mean):
2.770702415543616 0.008020823633035893 0.5225105362396342
3.0224e-06 1.5601677e-06 2.7564238e-06
Counter success count is -1
Epoch 13000 train accuracy 0.632639; loss 0.641943; lambda is 0.000010
Epoch 13000 test accuracy 0.640152
FAILED attacks: subspace 0; full 0; Nans after attack 0
Loss clean 0.643606; subspace 0.645884; adv 0.647039
Train AUC is 0.679380; balanced AUC is 0.679380
Train accuracy 0.633; balanced accuracy 0.630; FDR 0.387; TPR 0.594

Train sex accuracy 0.639; balanced accuracy 0.610; FDR 0.508; TPR 0.509

Train sex gap RMS 0.08118624856351918
Train race accuracy 0.635; balanced accuracy 0.597; FDR 0.463; TPR 0.427

Train race gap RMS 0.2193108442671253
Train STD accuracy 0.002; balanced accuracy 0.007; FDR 0.022; TPR 0.041

--------------------------------------------------
Test AUC is 0.684349; balanced AUC is 0.684349
Test accuracy 0.640; balanced accuracy 0.637; FDR 0.375; TPR 0.590

Test sex accuracy 0.597; balanced accuracy 0.584; FDR 0.517; TPR 0.524

Test sex gap RMS 0.06719955552341132
Test race accuracy 0.635; balanced accuracy 0.599; FDR 0.434; TPR 0.411

Test race gap RMS 0.23024010917125648
Test STD accuracy 0.019; balanced accuracy 0.007; FDR 0.041; TPR 0.057

--------------------------------------------------
Real and fair distances (max/min/mean):
2.593838267921371 0.02044569040887221 0.49836211488788035
2.9094779e-06 1.8966233e-06 2.7492022e-06
Counter success count is -1
Epoch 14000 train accuracy 0.632639; loss 0.641633; lambda is 0.000010
Epoch 14000 test accuracy 0.644886
FAILED attacks: subspace 0; full 0; Nans after attack 0
Loss clean 0.628554; subspace 0.630689; adv 0.631881
Train AUC is 0.678562; balanced AUC is 0.678562
Train accuracy 0.633; balanced accuracy 0.631; FDR 0.387; TPR 0.596

Train sex accuracy 0.639; balanced accuracy 0.611; FDR 0.508; TPR 0.515

Train sex gap RMS 0.07734567262601966
Train race accuracy 0.635; balanced accuracy 0.597; FDR 0.464; TPR 0.431

Train race gap RMS 0.21703628929826804
Train STD accuracy 0.002; balanced accuracy 0.007; FDR 0.022; TPR 0.042

--------------------------------------------------
Test AUC is 0.682075; balanced AUC is 0.682075
Test accuracy 0.645; balanced accuracy 0.642; FDR 0.371; TPR 0.600

Test sex accuracy 0.616; balanced accuracy 0.608; FDR 0.495; TPR 0.573

Test sex gap RMS 0.04441939333931049
Test race accuracy 0.637; balanced accuracy 0.601; FDR 0.431; TPR 0.417

Test race gap RMS 0.23389344535460713
Test STD accuracy 0.010; balanced accuracy 0.003; FDR 0.032; TPR 0.078

--------------------------------------------------
Real and fair distances (max/min/mean):
3.1568945326836912 0.021271392270778806 0.5401135646611411
2.931172e-06 1.7012663e-06 2.7351093e-06
Counter success count is -1
Epoch 15000 train accuracy 0.632875; loss 0.641153; lambda is 0.000010
Epoch 15000 test accuracy 0.640152
FAILED attacks: subspace 0; full 0; Nans after attack 0
Loss clean 0.637635; subspace 0.640403; adv 0.641609
Train AUC is 0.680561; balanced AUC is 0.680561
Train accuracy 0.633; balanced accuracy 0.631; FDR 0.387; TPR 0.594

Train sex accuracy 0.639; balanced accuracy 0.610; FDR 0.508; TPR 0.509

Train sex gap RMS 0.0815486509769431
Train race accuracy 0.635; balanced accuracy 0.597; FDR 0.463; TPR 0.427

Train race gap RMS 0.21973738381176405
Train STD accuracy 0.002; balanced accuracy 0.007; FDR 0.022; TPR 0.041

--------------------------------------------------
Test AUC is 0.684738; balanced AUC is 0.684738
Test accuracy 0.640; balanced accuracy 0.637; FDR 0.375; TPR 0.590

Test sex accuracy 0.597; balanced accuracy 0.584; FDR 0.517; TPR 0.524

Test sex gap RMS 0.06719955552341132
Test race accuracy 0.635; balanced accuracy 0.599; FDR 0.434; TPR 0.411

Test race gap RMS 0.23024010917125648
Test STD accuracy 0.019; balanced accuracy 0.007; FDR 0.041; TPR 0.057

--------------------------------------------------
Real and fair distances (max/min/mean):
2.5531336936222964 0.008100984391716599 0.4852413607154849
2.931172e-06 1.7012663e-06 2.7351093e-06
Counter success count is -1
Epoch 15999 train accuracy 0.631454; loss 0.640480; lambda is 0.000010
Epoch 15999 test accuracy 0.635417
FAILED attacks: subspace 0; full 0; Nans after attack 0
Loss clean 0.623573; subspace 0.625993; adv 0.627189
Train AUC is 0.682111; balanced AUC is 0.682111
Train accuracy 0.631; balanced accuracy 0.629; FDR 0.388; TPR 0.590

Train sex accuracy 0.641; balanced accuracy 0.612; FDR 0.505; TPR 0.509

Train sex gap RMS 0.08006721378401932
Train race accuracy 0.638; balanced accuracy 0.601; FDR 0.458; TPR 0.433

Train race gap RMS 0.2120849232942034
Train STD accuracy 0.002; balanced accuracy 0.005; FDR 0.024; TPR 0.038

--------------------------------------------------
Test AUC is 0.686376; balanced AUC is 0.686376
Test accuracy 0.635; balanced accuracy 0.633; FDR 0.380; TPR 0.584

Test sex accuracy 0.597; balanced accuracy 0.584; FDR 0.517; TPR 0.524

Test sex gap RMS 0.06112561843017982
Test race accuracy 0.632; balanced accuracy 0.596; FDR 0.439; TPR 0.411

Test race gap RMS 0.2245900102176027
Test STD accuracy 0.018; balanced accuracy 0.006; FDR 0.039; TPR 0.057

--------------------------------------------------

Final train accuracy 0.631454
Final test accuracy 0.635417
Final lambda 0.000010
Gender:
Accuracy is 0.635417
Balanced accuracy is 0.632538
Gap RMS is 0.06112561843017982
Mean absolute gap is 0.06020144104495123
Max gap is 0.07079047898912727
Average odds difference is 0.010589
Equal opportunity difference is 0.070790
Statistical parity difference is 0.026720

Race:
Accuracy is 0.635417
Balanced accuracy is 0.632538
Gap RMS is 0.2245900102176027
Mean absolute gap is 0.22099506398237767
Max gap is 0.26101823708206684
Average odds difference is 0.220995
Equal opportunity difference is 0.261018
Statistical parity difference is 0.243389
