SLURM_JOBID:  11506503
SLURM_ARRAY_TASK_ID:  4
SLURM_ARRAY_JOB_ID:  11506498
WARNING:tensorflow:From /home/smaity/.local/lib/python3.6/site-packages/tensorflow/python/compat/v2_compat.py:96: disable_resource_variables (from tensorflow.python.ops.variable_scope) is deprecated and will be removed in a future version.
Instructions for updating:
non-resource variables are not supported in the long term
2020-08-10 15:26:17.237597: W tensorflow/stream_executor/platform/default/dso_loader.cc:55] Could not load dynamic library 'libcuda.so.1'; dlerror: libcuda.so.1: cannot open shared object file: No such file or directory; LD_LIBRARY_PATH: /sw/arcts/centos7/python3.6-anaconda/5.2.0/lib:/opt/slurm/lib64::
2020-08-10 15:26:17.237637: E tensorflow/stream_executor/cuda/cuda_driver.cc:313] failed call to cuInit: UNKNOWN ERROR (303)
2020-08-10 15:26:17.237667: I tensorflow/stream_executor/cuda/cuda_diagnostics.cc:156] kernel driver does not appear to be running on this host (gl3142.arc-ts.umich.edu): /proc/driver/nvidia/version does not exist
2020-08-10 15:26:17.237993: I tensorflow/core/platform/cpu_feature_guard.cc:143] Your CPU supports instructions that this TensorFlow binary was not compiled to use: AVX2 AVX512F FMA
2020-08-10 15:26:17.243981: I tensorflow/core/platform/profile_utils/cpu_utils.cc:102] CPU Frequency: 3000000000 Hz
2020-08-10 15:26:17.244088: I tensorflow/compiler/xla/service/service.cc:168] XLA service 0x55d6d90ec150 initialized for platform Host (this does not guarantee that XLA will be used). Devices:
2020-08-10 15:26:17.244099: I tensorflow/compiler/xla/service/service.cc:176]   StreamExecutor device (0): Host, Default Version
(5278, 8)
['sex', 'race', 'priors_count', 'age_cat=25 to 45', 'age_cat=Greater than 45', 'age_cat=Less than 25', 'c_charge_degree=F', 'c_charge_degree=M']
sex
race
Real and fair distances (max/min/mean):
0.0 0.0 0.0
0.0 0.0 0.0
Counter success count is -1
Epoch 0 train accuracy 0.470393; loss 0.711930; lambda is 2.000000
Epoch 0 test accuracy 0.470644
Train AUC is 0.623603; balanced AUC is 0.623603
Train accuracy 0.470; balanced accuracy 0.500; FDR 0.530; TPR 1.000

Train sex accuracy 0.354; balanced accuracy 0.500; FDR 0.646; TPR 1.000

Train sex gap RMS 0.0
Train race accuracy 0.393; balanced accuracy 0.500; FDR 0.607; TPR 1.000

Train race gap RMS 0.0
Train STD accuracy 0.020; balanced accuracy 0.000; FDR 0.020; TPR 0.000

--------------------------------------------------
Test AUC is 0.611242; balanced AUC is 0.611242
Test accuracy 0.471; balanced accuracy 0.500; FDR 0.529; TPR 1.000

Test sex accuracy 0.390; balanced accuracy 0.500; FDR 0.610; TPR 1.000

Test sex gap RMS 0.0
Test race accuracy 0.383; balanced accuracy 0.500; FDR 0.617; TPR 1.000

Test race gap RMS 0.0
Test STD accuracy 0.004; balanced accuracy 0.000; FDR 0.004; TPR 0.000

--------------------------------------------------
Real and fair distances (max/min/mean):
5209.861493671918 70.06464753909276 2025.1689042055727
0.000105402134 6.5293054e-05 8.553025e-05
Counter success count is -1
Epoch 1000 train accuracy 0.509000; loss 0.715826; lambda is 0.000010
Epoch 1000 test accuracy 0.533144
FAILED attacks: subspace 0; full 0; Nans after attack 0
Loss clean 0.724568; subspace 0.870106; adv 0.872356
Train AUC is 0.527458; balanced AUC is 0.527458
Train accuracy 0.509; balanced accuracy 0.515; FDR 0.517; TPR 0.621

Train sex accuracy 0.510; balanced accuracy 0.542; FDR 0.614; TPR 0.654

Train sex gap RMS 0.03364353274033788
Train race accuracy 0.528; balanced accuracy 0.544; FDR 0.570; TPR 0.615

Train race gap RMS 0.08035256573894235
Train STD accuracy 0.009; balanced accuracy 0.001; FDR 0.022; TPR 0.019

--------------------------------------------------
Test AUC is 0.536291; balanced AUC is 0.536291
Test accuracy 0.533; balanced accuracy 0.541; FDR 0.497; TPR 0.682

Test sex accuracy 0.516; balanced accuracy 0.545; FDR 0.576; TPR 0.678

Test sex gap RMS 0.010860943542036232
Test race accuracy 0.548; balanced accuracy 0.575; FDR 0.558; TPR 0.692

Test race gap RMS 0.08165828785341755
Test STD accuracy 0.016; balanced accuracy 0.015; FDR 0.009; TPR 0.007

--------------------------------------------------
Real and fair distances (max/min/mean):
3198.954704921439 75.17672190546617 1837.5120213035395
0.000112247246 6.5976456e-05 9.47459e-05
Counter success count is -1
Epoch 2000 train accuracy 0.483657; loss 0.703461; lambda is 0.000010
Epoch 2000 test accuracy 0.496212
FAILED attacks: subspace 0; full 0; Nans after attack 0
Loss clean 0.701376; subspace 0.760407; adv 0.761759
Train AUC is 0.529282; balanced AUC is 0.529282
Train accuracy 0.484; balanced accuracy 0.495; FDR 0.533; TPR 0.694

Train sex accuracy 0.455; balanced accuracy 0.518; FDR 0.634; TPR 0.734

Train sex gap RMS 0.03379523201799857
Train race accuracy 0.458; balanced accuracy 0.503; FDR 0.605; TPR 0.711

Train race gap RMS 0.017987538227654785
Train STD accuracy 0.001; balanced accuracy 0.008; FDR 0.015; TPR 0.012

--------------------------------------------------
Test AUC is 0.526738; balanced AUC is 0.526738
Test accuracy 0.496; balanced accuracy 0.510; FDR 0.523; TPR 0.744

Test sex accuracy 0.457; balanced accuracy 0.508; FDR 0.605; TPR 0.736

Test sex gap RMS 0.00841195461189933
Test race accuracy 0.477; balanced accuracy 0.536; FDR 0.594; TPR 0.791

Test race gap RMS 0.05071590487101779
Test STD accuracy 0.010; balanced accuracy 0.014; FDR 0.005; TPR 0.028

--------------------------------------------------
Real and fair distances (max/min/mean):
3610.4820581338677 29.760129539034658 1706.1491984033185
0.000112266855 5.9445083e-05 0.00010206301
Counter success count is -1
Epoch 3000 train accuracy 0.479631; loss 0.698605; lambda is 0.000010
Epoch 3000 test accuracy 0.510417
FAILED attacks: subspace 0; full 0; Nans after attack 0
Loss clean 0.697216; subspace 0.705201; adv 0.706107
Train AUC is 0.509363; balanced AUC is 0.509363
Train accuracy 0.480; balanced accuracy 0.493; FDR 0.534; TPR 0.725

Train sex accuracy 0.432; balanced accuracy 0.511; FDR 0.640; TPR 0.780

Train sex gap RMS 0.049394650545312925
Train race accuracy 0.452; balanced accuracy 0.503; FDR 0.605; TPR 0.743

Train race gap RMS 0.019483381042597996
Train STD accuracy 0.010; balanced accuracy 0.004; FDR 0.017; TPR 0.018

--------------------------------------------------
Test AUC is 0.496676; balanced AUC is 0.496676
Test accuracy 0.510; balanced accuracy 0.513; FDR 0.517; TPR 0.561

Test sex accuracy 0.439; balanced accuracy 0.443; FDR 0.661; TPR 0.460

Test sex gap RMS 0.09427566269164078
Test race accuracy 0.501; balanced accuracy 0.505; FDR 0.612; TPR 0.523

Test race gap RMS 0.05168109857739293
Test STD accuracy 0.031; balanced accuracy 0.031; FDR 0.024; TPR 0.032

--------------------------------------------------
WARNING: subspace attack failed: objective decreased from 0.698438 to 0.697533; resetting the attack
WARNING: subspace attack failed: objective decreased from 0.697820 to 0.697201; resetting the attack
WARNING: subspace attack failed: objective decreased from 0.696726 to 0.692434; resetting the attack
WARNING: subspace attack failed: objective decreased from 0.694268 to 0.694226; resetting the attack
WARNING: subspace attack failed: objective decreased from 0.698287 to 0.695566; resetting the attack
WARNING: subspace attack failed: objective decreased from 0.698494 to 0.697201; resetting the attack
WARNING: subspace attack failed: objective decreased from 0.699297 to 0.698485; resetting the attack
WARNING: subspace attack failed: objective decreased from 0.694453 to 0.693971; resetting the attack
WARNING: subspace attack failed: objective decreased from 0.695352 to 0.694176; resetting the attack
WARNING: subspace attack failed: objective decreased from 0.694179 to 0.693972; resetting the attack
WARNING: subspace attack failed: objective decreased from 0.694777 to 0.693375; resetting the attack
WARNING: subspace attack failed: objective decreased from 0.695277 to 0.691654; resetting the attack
WARNING: subspace attack failed: objective decreased from 0.694170 to 0.693312; resetting the attack
WARNING: subspace attack failed: objective decreased from 0.695556 to 0.695531; resetting the attack
WARNING: subspace attack failed: objective decreased from 0.698099 to 0.695648; resetting the attack
WARNING: subspace attack failed: objective decreased from 0.697773 to 0.697214; resetting the attack
WARNING: subspace attack failed: objective decreased from 0.696663 to 0.695754; resetting the attack
WARNING: subspace attack failed: objective decreased from 0.693599 to 0.693106; resetting the attack
WARNING: subspace attack failed: objective decreased from 0.695897 to 0.694236; resetting the attack
WARNING: subspace attack failed: objective decreased from 0.698293 to 0.694690; resetting the attack
WARNING: subspace attack failed: objective decreased from 0.700165 to 0.700039; resetting the attack
WARNING: subspace attack failed: objective decreased from 0.695711 to 0.695556; resetting the attack
WARNING: subspace attack failed: objective decreased from 0.698502 to 0.693972; resetting the attack
WARNING: subspace attack failed: objective decreased from 0.694396 to 0.694376; resetting the attack
WARNING: subspace attack failed: objective decreased from 0.696888 to 0.696204; resetting the attack
WARNING: subspace attack failed: objective decreased from 0.691879 to 0.690109; resetting the attack
WARNING: subspace attack failed: objective decreased from 0.693129 to 0.692781; resetting the attack
WARNING: subspace attack failed: objective decreased from 0.697186 to 0.695996; resetting the attack
WARNING: subspace attack failed: objective decreased from 0.692650 to 0.689306; resetting the attack
WARNING: subspace attack failed: objective decreased from 0.696700 to 0.694423; resetting the attack
WARNING: subspace attack failed: objective decreased from 0.688373 to 0.686152; resetting the attack
WARNING: subspace attack failed: objective decreased from 0.696657 to 0.696583; resetting the attack
WARNING: subspace attack failed: objective decreased from 0.694149 to 0.693185; resetting the attack
WARNING: subspace attack failed: objective decreased from 0.699576 to 0.698221; resetting the attack
WARNING: subspace attack failed: objective decreased from 0.695714 to 0.691819; resetting the attack
WARNING: subspace attack failed: objective decreased from 0.696216 to 0.695000; resetting the attack
WARNING: subspace attack failed: objective decreased from 0.697926 to 0.696750; resetting the attack
WARNING: subspace attack failed: objective decreased from 0.693885 to 0.690862; resetting the attack
WARNING: subspace attack failed: objective decreased from 0.698835 to 0.697797; resetting the attack
WARNING: subspace attack failed: objective decreased from 0.696177 to 0.689797; resetting the attack
WARNING: subspace attack failed: objective decreased from 0.696637 to 0.692423; resetting the attack
WARNING: subspace attack failed: objective decreased from 0.694358 to 0.690687; resetting the attack
WARNING: subspace attack failed: objective decreased from 0.693905 to 0.691951; resetting the attack
WARNING: subspace attack failed: objective decreased from 0.694796 to 0.691195; resetting the attack
WARNING: subspace attack failed: objective decreased from 0.694603 to 0.694403; resetting the attack
WARNING: subspace attack failed: objective decreased from 0.690567 to 0.686313; resetting the attack
WARNING: subspace attack failed: objective decreased from 0.690702 to 0.690422; resetting the attack
WARNING: subspace attack failed: objective decreased from 0.695601 to 0.693121; resetting the attack
WARNING: subspace attack failed: objective decreased from 0.694236 to 0.688647; resetting the attack
WARNING: subspace attack failed: objective decreased from 0.693673 to 0.691987; resetting the attack
WARNING: subspace attack failed: objective decreased from 0.694591 to 0.691434; resetting the attack
WARNING: subspace attack failed: objective decreased from 0.691749 to 0.691478; resetting the attack
WARNING: subspace attack failed: objective decreased from 0.695611 to 0.694987; resetting the attack
WARNING: subspace attack failed: objective decreased from 0.694101 to 0.688976; resetting the attack
WARNING: subspace attack failed: objective decreased from 0.693311 to 0.690537; resetting the attack
WARNING: subspace attack failed: objective decreased from 0.691109 to 0.688587; resetting the attack
WARNING: subspace attack failed: objective decreased from 0.694731 to 0.693320; resetting the attack
WARNING: subspace attack failed: objective decreased from 0.691615 to 0.690149; resetting the attack
WARNING: subspace attack failed: objective decreased from 0.692802 to 0.688897; resetting the attack
WARNING: subspace attack failed: objective decreased from 0.697673 to 0.697059; resetting the attack
WARNING: subspace attack failed: objective decreased from 0.696374 to 0.695935; resetting the attack
WARNING: subspace attack failed: objective decreased from 0.690578 to 0.690342; resetting the attack
WARNING: subspace attack failed: objective decreased from 0.694478 to 0.693788; resetting the attack
WARNING: subspace attack failed: objective decreased from 0.691554 to 0.691540; resetting the attack
WARNING: subspace attack failed: objective decreased from 0.695349 to 0.691238; resetting the attack
WARNING: subspace attack failed: objective decreased from 0.695570 to 0.692815; resetting the attack
WARNING: subspace attack failed: objective decreased from 0.694146 to 0.693120; resetting the attack
WARNING: subspace attack failed: objective decreased from 0.695618 to 0.694593; resetting the attack
WARNING: subspace attack failed: objective decreased from 0.692781 to 0.690302; resetting the attack
WARNING: subspace attack failed: objective decreased from 0.692072 to 0.689539; resetting the attack
WARNING: subspace attack failed: objective decreased from 0.692748 to 0.691265; resetting the attack
WARNING: subspace attack failed: objective decreased from 0.695715 to 0.688909; resetting the attack
WARNING: subspace attack failed: objective decreased from 0.689106 to 0.687706; resetting the attack
WARNING: subspace attack failed: objective decreased from 0.691803 to 0.688707; resetting the attack
WARNING: subspace attack failed: objective decreased from 0.694464 to 0.692759; resetting the attack
WARNING: subspace attack failed: objective decreased from 0.691170 to 0.689983; resetting the attack
WARNING: subspace attack failed: objective decreased from 0.689836 to 0.689547; resetting the attack
WARNING: subspace attack failed: objective decreased from 0.693940 to 0.689652; resetting the attack
WARNING: subspace attack failed: objective decreased from 0.693534 to 0.692624; resetting the attack
WARNING: subspace attack failed: objective decreased from 0.691187 to 0.690106; resetting the attack
WARNING: subspace attack failed: objective decreased from 0.697445 to 0.691704; resetting the attack
WARNING: subspace attack failed: objective decreased from 0.688566 to 0.687308; resetting the attack
WARNING: subspace attack failed: objective decreased from 0.689232 to 0.688892; resetting the attack
WARNING: subspace attack failed: objective decreased from 0.691332 to 0.688610; resetting the attack
WARNING: subspace attack failed: objective decreased from 0.692724 to 0.690465; resetting the attack
WARNING: subspace attack failed: objective decreased from 0.693868 to 0.693476; resetting the attack
WARNING: subspace attack failed: objective decreased from 0.693484 to 0.692218; resetting the attack
WARNING: subspace attack failed: objective decreased from 0.690927 to 0.686741; resetting the attack
WARNING: subspace attack failed: objective decreased from 0.693728 to 0.692659; resetting the attack
WARNING: subspace attack failed: objective decreased from 0.693557 to 0.691141; resetting the attack
WARNING: subspace attack failed: objective decreased from 0.694140 to 0.691786; resetting the attack
WARNING: subspace attack failed: objective decreased from 0.691768 to 0.685671; resetting the attack
WARNING: subspace attack failed: objective decreased from 0.695060 to 0.694468; resetting the attack
WARNING: subspace attack failed: objective decreased from 0.690965 to 0.687712; resetting the attack
WARNING: subspace attack failed: objective decreased from 0.692049 to 0.687435; resetting the attack
WARNING: subspace attack failed: objective decreased from 0.689450 to 0.685984; resetting the attack
WARNING: subspace attack failed: objective decreased from 0.691888 to 0.689353; resetting the attack
WARNING: subspace attack failed: objective decreased from 0.694484 to 0.694144; resetting the attack
WARNING: subspace attack failed: objective decreased from 0.691434 to 0.690901; resetting the attack
WARNING: subspace attack failed: objective decreased from 0.691847 to 0.689666; resetting the attack
WARNING: subspace attack failed: objective decreased from 0.690640 to 0.690296; resetting the attack
WARNING: subspace attack failed: objective decreased from 0.690453 to 0.689279; resetting the attack
WARNING: subspace attack failed: objective decreased from 0.692071 to 0.688061; resetting the attack
WARNING: subspace attack failed: objective decreased from 0.693755 to 0.693150; resetting the attack
WARNING: subspace attack failed: objective decreased from 0.690154 to 0.686576; resetting the attack
WARNING: subspace attack failed: objective decreased from 0.688361 to 0.687967; resetting the attack
WARNING: subspace attack failed: objective decreased from 0.690094 to 0.688347; resetting the attack
WARNING: subspace attack failed: objective decreased from 0.696572 to 0.689923; resetting the attack
WARNING: subspace attack failed: objective decreased from 0.691979 to 0.689086; resetting the attack
WARNING: subspace attack failed: objective decreased from 0.690708 to 0.689246; resetting the attack
WARNING: subspace attack failed: objective decreased from 0.688236 to 0.683728; resetting the attack
WARNING: subspace attack failed: objective decreased from 0.693608 to 0.688387; resetting the attack
WARNING: subspace attack failed: objective decreased from 0.688540 to 0.681124; resetting the attack
WARNING: subspace attack failed: objective decreased from 0.691272 to 0.690020; resetting the attack
WARNING: subspace attack failed: objective decreased from 0.696353 to 0.694900; resetting the attack
WARNING: subspace attack failed: objective decreased from 0.696012 to 0.695873; resetting the attack
WARNING: subspace attack failed: objective decreased from 0.687292 to 0.685699; resetting the attack
WARNING: subspace attack failed: objective decreased from 0.689554 to 0.679619; resetting the attack
WARNING: subspace attack failed: objective decreased from 0.690296 to 0.686970; resetting the attack
WARNING: subspace attack failed: objective decreased from 0.693263 to 0.692993; resetting the attack
WARNING: subspace attack failed: objective decreased from 0.691257 to 0.689858; resetting the attack
WARNING: subspace attack failed: objective decreased from 0.691134 to 0.685976; resetting the attack
WARNING: subspace attack failed: objective decreased from 0.690472 to 0.687309; resetting the attack
WARNING: subspace attack failed: objective decreased from 0.691751 to 0.688495; resetting the attack
WARNING: subspace attack failed: objective decreased from 0.691221 to 0.688624; resetting the attack
WARNING: subspace attack failed: objective decreased from 0.691946 to 0.690625; resetting the attack
WARNING: subspace attack failed: objective decreased from 0.690389 to 0.688848; resetting the attack
WARNING: subspace attack failed: objective decreased from 0.690865 to 0.690011; resetting the attack
WARNING: subspace attack failed: objective decreased from 0.692379 to 0.685799; resetting the attack
WARNING: subspace attack failed: objective decreased from 0.691858 to 0.691269; resetting the attack
WARNING: subspace attack failed: objective decreased from 0.691314 to 0.689090; resetting the attack
WARNING: subspace attack failed: objective decreased from 0.690763 to 0.688322; resetting the attack
WARNING: subspace attack failed: objective decreased from 0.689152 to 0.684620; resetting the attack
WARNING: subspace attack failed: objective decreased from 0.691636 to 0.684718; resetting the attack
WARNING: subspace attack failed: objective decreased from 0.690215 to 0.686067; resetting the attack
WARNING: subspace attack failed: objective decreased from 0.692715 to 0.690010; resetting the attack
WARNING: subspace attack failed: objective decreased from 0.692794 to 0.688125; resetting the attack
WARNING: subspace attack failed: objective decreased from 0.689274 to 0.688819; resetting the attack
WARNING: subspace attack failed: objective decreased from 0.691934 to 0.690553; resetting the attack
WARNING: subspace attack failed: objective decreased from 0.689774 to 0.682835; resetting the attack
WARNING: subspace attack failed: objective decreased from 0.690182 to 0.684646; resetting the attack
WARNING: subspace attack failed: objective decreased from 0.684240 to 0.682507; resetting the attack
WARNING: subspace attack failed: objective decreased from 0.688251 to 0.688020; resetting the attack
WARNING: subspace attack failed: objective decreased from 0.687863 to 0.686931; resetting the attack
WARNING: subspace attack failed: objective decreased from 0.688329 to 0.687330; resetting the attack
WARNING: subspace attack failed: objective decreased from 0.687494 to 0.685901; resetting the attack
WARNING: subspace attack failed: objective decreased from 0.689584 to 0.689500; resetting the attack
WARNING: subspace attack failed: objective decreased from 0.687911 to 0.686591; resetting the attack
WARNING: subspace attack failed: objective decreased from 0.686909 to 0.686802; resetting the attack
WARNING: subspace attack failed: objective decreased from 0.688027 to 0.686533; resetting the attack
WARNING: subspace attack failed: objective decreased from 0.688731 to 0.686647; resetting the attack
WARNING: subspace attack failed: objective decreased from 0.688622 to 0.687439; resetting the attack
WARNING: subspace attack failed: objective decreased from 0.691210 to 0.691095; resetting the attack
WARNING: subspace attack failed: objective decreased from 0.689526 to 0.687937; resetting the attack
WARNING: subspace attack failed: objective decreased from 0.686003 to 0.684165; resetting the attack
WARNING: subspace attack failed: objective decreased from 0.689293 to 0.686581; resetting the attack
WARNING: subspace attack failed: objective decreased from 0.689546 to 0.689091; resetting the attack
WARNING: subspace attack failed: objective decreased from 0.689290 to 0.688159; resetting the attack
WARNING: subspace attack failed: objective decreased from 0.691279 to 0.688004; resetting the attack
WARNING: subspace attack failed: objective decreased from 0.687726 to 0.684398; resetting the attack
WARNING: subspace attack failed: objective decreased from 0.687203 to 0.682913; resetting the attack
WARNING: subspace attack failed: objective decreased from 0.687628 to 0.686044; resetting the attack
WARNING: subspace attack failed: objective decreased from 0.688921 to 0.687927; resetting the attack
WARNING: subspace attack failed: objective decreased from 0.691472 to 0.687033; resetting the attack
WARNING: subspace attack failed: objective decreased from 0.685985 to 0.685791; resetting the attack
WARNING: subspace attack failed: objective decreased from 0.687773 to 0.686098; resetting the attack
WARNING: subspace attack failed: objective decreased from 0.688326 to 0.686146; resetting the attack
WARNING: subspace attack failed: objective decreased from 0.689002 to 0.688342; resetting the attack
WARNING: subspace attack failed: objective decreased from 0.689622 to 0.685740; resetting the attack
WARNING: subspace attack failed: objective decreased from 0.689025 to 0.687402; resetting the attack
WARNING: subspace attack failed: objective decreased from 0.689392 to 0.689098; resetting the attack
WARNING: subspace attack failed: objective decreased from 0.686197 to 0.685501; resetting the attack
Real and fair distances (max/min/mean):
5021.6805636559 47.31513331569923 1982.8028728615443
0.00011218285 2.7538917e-05 9.496001e-05
Counter success count is -1
Epoch 4000 train accuracy 0.543108; loss 0.689270; lambda is 0.000010
Epoch 4000 test accuracy 0.533144
FAILED attacks: subspace 172; full 0; Nans after attack 0
Loss clean 0.688855; subspace 0.698402; adv 0.699090
Train AUC is 0.588501; balanced AUC is 0.588501
Train accuracy 0.543; balanced accuracy 0.562; FDR 0.492; TPR 0.882

Train sex accuracy 0.446; balanced accuracy 0.540; FDR 0.623; TPR 0.864

Train sex gap RMS 0.028173466004254567
Train race accuracy 0.487; balanced accuracy 0.545; FDR 0.579; TPR 0.815

Train race gap RMS 0.08120843924557025
Train STD accuracy 0.021; balanced accuracy 0.003; FDR 0.022; TPR 0.024

--------------------------------------------------
Test AUC is 0.574420; balanced AUC is 0.574420
Test accuracy 0.533; balanced accuracy 0.544; FDR 0.497; TPR 0.722

Test sex accuracy 0.426; balanced accuracy 0.459; FDR 0.639; TPR 0.609

Test sex gap RMS 0.11024526038709816
Test race accuracy 0.492; balanced accuracy 0.515; FDR 0.605; TPR 0.610

Test race gap RMS 0.14257341422793263
Test STD accuracy 0.033; balanced accuracy 0.028; FDR 0.017; TPR 0.001

--------------------------------------------------
WARNING: subspace attack failed: objective decreased from 0.689636 to 0.689287; resetting the attack
WARNING: subspace attack failed: objective decreased from 0.688845 to 0.686725; resetting the attack
WARNING: subspace attack failed: objective decreased from 0.688175 to 0.684845; resetting the attack
WARNING: subspace attack failed: objective decreased from 0.689693 to 0.686475; resetting the attack
WARNING: subspace attack failed: objective decreased from 0.690115 to 0.687277; resetting the attack
WARNING: subspace attack failed: objective decreased from 0.686644 to 0.684631; resetting the attack
WARNING: subspace attack failed: objective decreased from 0.688681 to 0.687880; resetting the attack
WARNING: subspace attack failed: objective decreased from 0.686569 to 0.686485; resetting the attack
WARNING: subspace attack failed: objective decreased from 0.686800 to 0.685676; resetting the attack
WARNING: subspace attack failed: objective decreased from 0.687891 to 0.684149; resetting the attack
WARNING: subspace attack failed: objective decreased from 0.687841 to 0.685360; resetting the attack
WARNING: subspace attack failed: objective decreased from 0.686159 to 0.685269; resetting the attack
WARNING: subspace attack failed: objective decreased from 0.687202 to 0.684755; resetting the attack
WARNING: subspace attack failed: objective decreased from 0.687936 to 0.681476; resetting the attack
WARNING: subspace attack failed: objective decreased from 0.686715 to 0.685726; resetting the attack
WARNING: subspace attack failed: objective decreased from 0.688237 to 0.686716; resetting the attack
WARNING: subspace attack failed: objective decreased from 0.688144 to 0.686431; resetting the attack
WARNING: subspace attack failed: objective decreased from 0.688961 to 0.685315; resetting the attack
WARNING: subspace attack failed: objective decreased from 0.686356 to 0.682136; resetting the attack
WARNING: subspace attack failed: objective decreased from 0.688491 to 0.687750; resetting the attack
WARNING: subspace attack failed: objective decreased from 0.687352 to 0.685206; resetting the attack
WARNING: subspace attack failed: objective decreased from 0.686638 to 0.685475; resetting the attack
WARNING: subspace attack failed: objective decreased from 0.688639 to 0.685476; resetting the attack
WARNING: subspace attack failed: objective decreased from 0.687441 to 0.683074; resetting the attack
WARNING: subspace attack failed: objective decreased from 0.689235 to 0.686387; resetting the attack
WARNING: subspace attack failed: objective decreased from 0.688751 to 0.688206; resetting the attack
WARNING: subspace attack failed: objective decreased from 0.685664 to 0.685335; resetting the attack
WARNING: subspace attack failed: objective decreased from 0.686910 to 0.683656; resetting the attack
WARNING: subspace attack failed: objective decreased from 0.687036 to 0.686079; resetting the attack
WARNING: subspace attack failed: objective decreased from 0.688732 to 0.687889; resetting the attack
WARNING: subspace attack failed: objective decreased from 0.687952 to 0.686939; resetting the attack
WARNING: subspace attack failed: objective decreased from 0.688887 to 0.685929; resetting the attack
WARNING: subspace attack failed: objective decreased from 0.687455 to 0.687072; resetting the attack
WARNING: subspace attack failed: objective decreased from 0.685777 to 0.682061; resetting the attack
WARNING: subspace attack failed: objective decreased from 0.685837 to 0.684093; resetting the attack
WARNING: subspace attack failed: objective decreased from 0.686679 to 0.683890; resetting the attack
WARNING: subspace attack failed: objective decreased from 0.687894 to 0.683972; resetting the attack
WARNING: subspace attack failed: objective decreased from 0.686708 to 0.683328; resetting the attack
WARNING: subspace attack failed: objective decreased from 0.687272 to 0.683945; resetting the attack
WARNING: subspace attack failed: objective decreased from 0.687797 to 0.687209; resetting the attack
WARNING: subspace attack failed: objective decreased from 0.688085 to 0.688040; resetting the attack
WARNING: subspace attack failed: objective decreased from 0.688033 to 0.686479; resetting the attack
WARNING: subspace attack failed: objective decreased from 0.686490 to 0.686466; resetting the attack
WARNING: subspace attack failed: objective decreased from 0.686328 to 0.684140; resetting the attack
WARNING: subspace attack failed: objective decreased from 0.685851 to 0.683896; resetting the attack
WARNING: subspace attack failed: objective decreased from 0.686783 to 0.684207; resetting the attack
WARNING: subspace attack failed: objective decreased from 0.688115 to 0.683722; resetting the attack
WARNING: subspace attack failed: objective decreased from 0.687641 to 0.686838; resetting the attack
WARNING: subspace attack failed: objective decreased from 0.686420 to 0.683430; resetting the attack
WARNING: subspace attack failed: objective decreased from 0.687181 to 0.684629; resetting the attack
WARNING: subspace attack failed: objective decreased from 0.688570 to 0.685300; resetting the attack
WARNING: subspace attack failed: objective decreased from 0.687301 to 0.685717; resetting the attack
WARNING: subspace attack failed: objective decreased from 0.688038 to 0.687935; resetting the attack
WARNING: subspace attack failed: objective decreased from 0.686702 to 0.684470; resetting the attack
WARNING: subspace attack failed: objective decreased from 0.686511 to 0.684563; resetting the attack
WARNING: subspace attack failed: objective decreased from 0.686824 to 0.686224; resetting the attack
WARNING: subspace attack failed: objective decreased from 0.686325 to 0.686086; resetting the attack
WARNING: subspace attack failed: objective decreased from 0.687268 to 0.687235; resetting the attack
WARNING: subspace attack failed: objective decreased from 0.687600 to 0.683177; resetting the attack
WARNING: subspace attack failed: objective decreased from 0.688025 to 0.687551; resetting the attack
WARNING: subspace attack failed: objective decreased from 0.685873 to 0.683958; resetting the attack
WARNING: subspace attack failed: objective decreased from 0.687550 to 0.685854; resetting the attack
WARNING: subspace attack failed: objective decreased from 0.687130 to 0.686634; resetting the attack
WARNING: subspace attack failed: objective decreased from 0.685507 to 0.684364; resetting the attack
WARNING: subspace attack failed: objective decreased from 0.685579 to 0.684136; resetting the attack
WARNING: subspace attack failed: objective decreased from 0.685812 to 0.682879; resetting the attack
WARNING: subspace attack failed: objective decreased from 0.684235 to 0.683995; resetting the attack
WARNING: subspace attack failed: objective decreased from 0.686241 to 0.684232; resetting the attack
WARNING: subspace attack failed: objective decreased from 0.686340 to 0.682833; resetting the attack
WARNING: subspace attack failed: objective decreased from 0.686498 to 0.682496; resetting the attack
WARNING: subspace attack failed: objective decreased from 0.687847 to 0.685859; resetting the attack
WARNING: subspace attack failed: objective decreased from 0.683839 to 0.681946; resetting the attack
WARNING: subspace attack failed: objective decreased from 0.687765 to 0.686815; resetting the attack
WARNING: subspace attack failed: objective decreased from 0.685518 to 0.685323; resetting the attack
WARNING: subspace attack failed: objective decreased from 0.684816 to 0.683542; resetting the attack
WARNING: subspace attack failed: objective decreased from 0.685944 to 0.684048; resetting the attack
WARNING: subspace attack failed: objective decreased from 0.684938 to 0.682429; resetting the attack
WARNING: subspace attack failed: objective decreased from 0.686357 to 0.683771; resetting the attack
WARNING: subspace attack failed: objective decreased from 0.684645 to 0.683293; resetting the attack
WARNING: subspace attack failed: objective decreased from 0.686849 to 0.678566; resetting the attack
WARNING: subspace attack failed: objective decreased from 0.685867 to 0.685634; resetting the attack
WARNING: subspace attack failed: objective decreased from 0.685417 to 0.684995; resetting the attack
Real and fair distances (max/min/mean):
5511.048775110755 17.558737862008435 1746.4070348921787
0.000112118854 5.802457e-05 9.7861106e-05
Counter success count is -1
Epoch 5000 train accuracy 0.614874; loss 0.686459; lambda is 0.000010
Epoch 5000 test accuracy 0.590909
FAILED attacks: subspace 254; full 0; Nans after attack 0
Loss clean 0.685961; subspace 0.694340; adv 0.694967
Train AUC is 0.635277; balanced AUC is 0.635277
Train accuracy 0.615; balanced accuracy 0.618; FDR 0.421; TPR 0.667

Train sex accuracy 0.582; balanced accuracy 0.584; FDR 0.567; TPR 0.591

Train sex gap RMS 0.06298842102717897
Train race accuracy 0.565; balanced accuracy 0.558; FDR 0.546; TPR 0.526

Train race gap RMS 0.15008333302001658
Train STD accuracy 0.008; balanced accuracy 0.013; FDR 0.010; TPR 0.032

--------------------------------------------------
Test AUC is 0.622943; balanced AUC is 0.622943
Test accuracy 0.591; balanced accuracy 0.591; FDR 0.437; TPR 0.588

Test sex accuracy 0.547; balanced accuracy 0.531; FDR 0.574; TPR 0.460

Test sex gap RMS 0.10982956108043287
Test race accuracy 0.577; balanced accuracy 0.555; FDR 0.551; TPR 0.459

Test race gap RMS 0.15926024754640983
Test STD accuracy 0.015; balanced accuracy 0.012; FDR 0.012; TPR 0.000

--------------------------------------------------
WARNING: subspace attack failed: objective decreased from 0.688115 to 0.685129; resetting the attack
WARNING: subspace attack failed: objective decreased from 0.685873 to 0.685289; resetting the attack
WARNING: subspace attack failed: objective decreased from 0.685875 to 0.684915; resetting the attack
WARNING: subspace attack failed: objective decreased from 0.686108 to 0.685485; resetting the attack
WARNING: subspace attack failed: objective decreased from 0.687976 to 0.685519; resetting the attack
WARNING: subspace attack failed: objective decreased from 0.687589 to 0.686499; resetting the attack
WARNING: subspace attack failed: objective decreased from 0.685566 to 0.681150; resetting the attack
WARNING: subspace attack failed: objective decreased from 0.686881 to 0.683431; resetting the attack
WARNING: subspace attack failed: objective decreased from 0.687332 to 0.686108; resetting the attack
WARNING: subspace attack failed: objective decreased from 0.687405 to 0.686147; resetting the attack
WARNING: subspace attack failed: objective decreased from 0.688203 to 0.688113; resetting the attack
WARNING: subspace attack failed: objective decreased from 0.688237 to 0.686431; resetting the attack
WARNING: subspace attack failed: objective decreased from 0.688073 to 0.687709; resetting the attack
WARNING: subspace attack failed: objective decreased from 0.689604 to 0.688717; resetting the attack
WARNING: subspace attack failed: objective decreased from 0.687521 to 0.686862; resetting the attack
WARNING: subspace attack failed: objective decreased from 0.688119 to 0.687738; resetting the attack
WARNING: subspace attack failed: objective decreased from 0.686326 to 0.684838; resetting the attack
WARNING: subspace attack failed: objective decreased from 0.687161 to 0.687091; resetting the attack
WARNING: subspace attack failed: objective decreased from 0.688316 to 0.686459; resetting the attack
WARNING: subspace attack failed: objective decreased from 0.689062 to 0.687527; resetting the attack
WARNING: subspace attack failed: objective decreased from 0.688304 to 0.687116; resetting the attack
WARNING: subspace attack failed: objective decreased from 0.688142 to 0.684716; resetting the attack
WARNING: subspace attack failed: objective decreased from 0.687010 to 0.683903; resetting the attack
WARNING: subspace attack failed: objective decreased from 0.687397 to 0.685034; resetting the attack
WARNING: subspace attack failed: objective decreased from 0.687581 to 0.684362; resetting the attack
WARNING: subspace attack failed: objective decreased from 0.687166 to 0.685740; resetting the attack
WARNING: subspace attack failed: objective decreased from 0.688548 to 0.687399; resetting the attack
WARNING: subspace attack failed: objective decreased from 0.686842 to 0.684247; resetting the attack
WARNING: subspace attack failed: objective decreased from 0.686690 to 0.684919; resetting the attack
WARNING: subspace attack failed: objective decreased from 0.686258 to 0.684712; resetting the attack
WARNING: subspace attack failed: objective decreased from 0.687112 to 0.685404; resetting the attack
WARNING: subspace attack failed: objective decreased from 0.687698 to 0.686639; resetting the attack
WARNING: subspace attack failed: objective decreased from 0.687256 to 0.686052; resetting the attack
WARNING: subspace attack failed: objective decreased from 0.686266 to 0.683482; resetting the attack
WARNING: subspace attack failed: objective decreased from 0.685925 to 0.682784; resetting the attack
WARNING: subspace attack failed: objective decreased from 0.686695 to 0.686542; resetting the attack
WARNING: subspace attack failed: objective decreased from 0.686859 to 0.686382; resetting the attack
WARNING: subspace attack failed: objective decreased from 0.687864 to 0.683351; resetting the attack
WARNING: subspace attack failed: objective decreased from 0.687243 to 0.685294; resetting the attack
WARNING: subspace attack failed: objective decreased from 0.687260 to 0.686963; resetting the attack
WARNING: subspace attack failed: objective decreased from 0.685969 to 0.685236; resetting the attack
WARNING: subspace attack failed: objective decreased from 0.687527 to 0.684042; resetting the attack
WARNING: subspace attack failed: objective decreased from 0.687518 to 0.681972; resetting the attack
WARNING: subspace attack failed: objective decreased from 0.687002 to 0.686769; resetting the attack
WARNING: subspace attack failed: objective decreased from 0.685265 to 0.685210; resetting the attack
WARNING: subspace attack failed: objective decreased from 0.687023 to 0.684275; resetting the attack
WARNING: subspace attack failed: objective decreased from 0.686401 to 0.683327; resetting the attack
WARNING: subspace attack failed: objective decreased from 0.686078 to 0.684647; resetting the attack
WARNING: subspace attack failed: objective decreased from 0.685746 to 0.684607; resetting the attack
WARNING: subspace attack failed: objective decreased from 0.687396 to 0.685368; resetting the attack
WARNING: subspace attack failed: objective decreased from 0.686838 to 0.682898; resetting the attack
WARNING: subspace attack failed: objective decreased from 0.686575 to 0.683938; resetting the attack
WARNING: subspace attack failed: objective decreased from 0.687902 to 0.685881; resetting the attack
WARNING: subspace attack failed: objective decreased from 0.685781 to 0.685512; resetting the attack
WARNING: subspace attack failed: objective decreased from 0.686308 to 0.683360; resetting the attack
WARNING: subspace attack failed: objective decreased from 0.685152 to 0.682440; resetting the attack
WARNING: subspace attack failed: objective decreased from 0.686177 to 0.685849; resetting the attack
WARNING: subspace attack failed: objective decreased from 0.685684 to 0.684686; resetting the attack
WARNING: subspace attack failed: objective decreased from 0.686909 to 0.686498; resetting the attack
WARNING: subspace attack failed: objective decreased from 0.685793 to 0.685032; resetting the attack
WARNING: subspace attack failed: objective decreased from 0.685837 to 0.684871; resetting the attack
WARNING: subspace attack failed: objective decreased from 0.687450 to 0.683334; resetting the attack
WARNING: subspace attack failed: objective decreased from 0.685683 to 0.682995; resetting the attack
WARNING: subspace attack failed: objective decreased from 0.683307 to 0.681440; resetting the attack
WARNING: subspace attack failed: objective decreased from 0.686741 to 0.684242; resetting the attack
WARNING: subspace attack failed: objective decreased from 0.688006 to 0.686994; resetting the attack
WARNING: subspace attack failed: objective decreased from 0.687146 to 0.686887; resetting the attack
WARNING: subspace attack failed: objective decreased from 0.685809 to 0.684800; resetting the attack
WARNING: subspace attack failed: objective decreased from 0.684834 to 0.683784; resetting the attack
WARNING: subspace attack failed: objective decreased from 0.685990 to 0.685723; resetting the attack
WARNING: subspace attack failed: objective decreased from 0.688377 to 0.683546; resetting the attack
WARNING: subspace attack failed: objective decreased from 0.687551 to 0.686271; resetting the attack
WARNING: subspace attack failed: objective decreased from 0.685407 to 0.683823; resetting the attack
WARNING: subspace attack failed: objective decreased from 0.688455 to 0.685394; resetting the attack
WARNING: subspace attack failed: objective decreased from 0.688343 to 0.686645; resetting the attack
WARNING: subspace attack failed: objective decreased from 0.682759 to 0.681646; resetting the attack
WARNING: subspace attack failed: objective decreased from 0.683802 to 0.681867; resetting the attack
WARNING: subspace attack failed: objective decreased from 0.686243 to 0.684801; resetting the attack
WARNING: subspace attack failed: objective decreased from 0.684612 to 0.682917; resetting the attack
WARNING: subspace attack failed: objective decreased from 0.684960 to 0.683625; resetting the attack
WARNING: subspace attack failed: objective decreased from 0.687186 to 0.681525; resetting the attack
WARNING: subspace attack failed: objective decreased from 0.684135 to 0.683134; resetting the attack
WARNING: subspace attack failed: objective decreased from 0.685193 to 0.683066; resetting the attack
WARNING: subspace attack failed: objective decreased from 0.684777 to 0.684336; resetting the attack
WARNING: subspace attack failed: objective decreased from 0.686670 to 0.685745; resetting the attack
WARNING: subspace attack failed: objective decreased from 0.683291 to 0.680782; resetting the attack
WARNING: subspace attack failed: objective decreased from 0.686404 to 0.685688; resetting the attack
WARNING: subspace attack failed: objective decreased from 0.685239 to 0.681421; resetting the attack
WARNING: subspace attack failed: objective decreased from 0.686826 to 0.682165; resetting the attack
WARNING: subspace attack failed: objective decreased from 0.686189 to 0.686139; resetting the attack
WARNING: subspace attack failed: objective decreased from 0.684629 to 0.683385; resetting the attack
WARNING: subspace attack failed: objective decreased from 0.683693 to 0.681139; resetting the attack
WARNING: subspace attack failed: objective decreased from 0.684817 to 0.684425; resetting the attack
WARNING: subspace attack failed: objective decreased from 0.685499 to 0.684861; resetting the attack
WARNING: subspace attack failed: objective decreased from 0.684435 to 0.683834; resetting the attack
WARNING: subspace attack failed: objective decreased from 0.687454 to 0.685869; resetting the attack
WARNING: subspace attack failed: objective decreased from 0.686100 to 0.682623; resetting the attack
WARNING: subspace attack failed: objective decreased from 0.685580 to 0.684041; resetting the attack
WARNING: subspace attack failed: objective decreased from 0.684285 to 0.683561; resetting the attack
WARNING: subspace attack failed: objective decreased from 0.684750 to 0.683798; resetting the attack
WARNING: subspace attack failed: objective decreased from 0.684155 to 0.683886; resetting the attack
WARNING: subspace attack failed: objective decreased from 0.687119 to 0.687115; resetting the attack
WARNING: subspace attack failed: objective decreased from 0.686094 to 0.684325; resetting the attack
WARNING: subspace attack failed: objective decreased from 0.687530 to 0.686974; resetting the attack
WARNING: subspace attack failed: objective decreased from 0.687115 to 0.686163; resetting the attack
WARNING: subspace attack failed: objective decreased from 0.686523 to 0.684761; resetting the attack
WARNING: subspace attack failed: objective decreased from 0.687072 to 0.684921; resetting the attack
WARNING: subspace attack failed: objective decreased from 0.686840 to 0.686273; resetting the attack
WARNING: subspace attack failed: objective decreased from 0.686642 to 0.685996; resetting the attack
WARNING: subspace attack failed: objective decreased from 0.686384 to 0.685845; resetting the attack
WARNING: subspace attack failed: objective decreased from 0.685379 to 0.684046; resetting the attack
WARNING: subspace attack failed: objective decreased from 0.683660 to 0.683154; resetting the attack
WARNING: subspace attack failed: objective decreased from 0.685938 to 0.682605; resetting the attack
WARNING: subspace attack failed: objective decreased from 0.686268 to 0.685510; resetting the attack
WARNING: subspace attack failed: objective decreased from 0.686897 to 0.684181; resetting the attack
WARNING: subspace attack failed: objective decreased from 0.684691 to 0.682161; resetting the attack
WARNING: subspace attack failed: objective decreased from 0.685099 to 0.684474; resetting the attack
WARNING: subspace attack failed: objective decreased from 0.685027 to 0.683243; resetting the attack
WARNING: subspace attack failed: objective decreased from 0.685368 to 0.684471; resetting the attack
WARNING: subspace attack failed: objective decreased from 0.687574 to 0.687426; resetting the attack
WARNING: subspace attack failed: objective decreased from 0.685010 to 0.683906; resetting the attack
WARNING: subspace attack failed: objective decreased from 0.687123 to 0.686685; resetting the attack
WARNING: subspace attack failed: objective decreased from 0.686525 to 0.686514; resetting the attack
Real and fair distances (max/min/mean):
5196.301331216154 20.760590390814922 2039.3656025259243
0.000111607325 4.1560983e-05 9.705396e-05
Counter success count is -1
Epoch 6000 train accuracy 0.591426; loss 0.686056; lambda is 0.000010
Epoch 6000 test accuracy 0.585227
FAILED attacks: subspace 377; full 0; Nans after attack 0
Loss clean 0.688120; subspace 0.690115; adv 0.690696
Train AUC is 0.638144; balanced AUC is 0.638144
Train accuracy 0.591; balanced accuracy 0.599; FDR 0.450; TPR 0.728

Train sex accuracy 0.575; balanced accuracy 0.604; FDR 0.562; TPR 0.703

Train sex gap RMS 0.039012274141415025
Train race accuracy 0.587; balanced accuracy 0.593; FDR 0.520; TPR 0.618

Train race gap RMS 0.16935325045134997
Train STD accuracy 0.006; balanced accuracy 0.006; FDR 0.021; TPR 0.042

--------------------------------------------------
Test AUC is 0.629383; balanced AUC is 0.629383
Test accuracy 0.585; balanced accuracy 0.593; FDR 0.456; TPR 0.732

Test sex accuracy 0.583; balanced accuracy 0.610; FDR 0.522; TPR 0.736

Test sex gap RMS 0.0290181010787396
Test race accuracy 0.586; balanced accuracy 0.599; FDR 0.529; TPR 0.657

Test race gap RMS 0.14685722485247185
Test STD accuracy 0.001; balanced accuracy 0.006; FDR 0.003; TPR 0.039

--------------------------------------------------
WARNING: subspace attack failed: objective decreased from 0.686421 to 0.685063; resetting the attack
WARNING: subspace attack failed: objective decreased from 0.688132 to 0.682902; resetting the attack
WARNING: subspace attack failed: objective decreased from 0.685140 to 0.684628; resetting the attack
WARNING: subspace attack failed: objective decreased from 0.687953 to 0.685442; resetting the attack
WARNING: subspace attack failed: objective decreased from 0.686736 to 0.685096; resetting the attack
WARNING: subspace attack failed: objective decreased from 0.683636 to 0.681105; resetting the attack
WARNING: subspace attack failed: objective decreased from 0.682359 to 0.680858; resetting the attack
WARNING: subspace attack failed: objective decreased from 0.683742 to 0.683325; resetting the attack
WARNING: subspace attack failed: objective decreased from 0.683972 to 0.683113; resetting the attack
WARNING: subspace attack failed: objective decreased from 0.684730 to 0.684186; resetting the attack
WARNING: subspace attack failed: objective decreased from 0.688153 to 0.687914; resetting the attack
WARNING: subspace attack failed: objective decreased from 0.687910 to 0.687721; resetting the attack
WARNING: subspace attack failed: objective decreased from 0.686399 to 0.684760; resetting the attack
WARNING: subspace attack failed: objective decreased from 0.686708 to 0.681988; resetting the attack
WARNING: subspace attack failed: objective decreased from 0.686534 to 0.685003; resetting the attack
WARNING: subspace attack failed: objective decreased from 0.685554 to 0.684473; resetting the attack
WARNING: subspace attack failed: objective decreased from 0.683798 to 0.683143; resetting the attack
WARNING: subspace attack failed: objective decreased from 0.684714 to 0.683928; resetting the attack
WARNING: subspace attack failed: objective decreased from 0.683590 to 0.682380; resetting the attack
WARNING: subspace attack failed: objective decreased from 0.684656 to 0.684385; resetting the attack
WARNING: subspace attack failed: objective decreased from 0.686460 to 0.683611; resetting the attack
WARNING: subspace attack failed: objective decreased from 0.684196 to 0.683784; resetting the attack
WARNING: subspace attack failed: objective decreased from 0.688865 to 0.684949; resetting the attack
WARNING: subspace attack failed: objective decreased from 0.684284 to 0.682099; resetting the attack
WARNING: subspace attack failed: objective decreased from 0.684639 to 0.682481; resetting the attack
WARNING: subspace attack failed: objective decreased from 0.685374 to 0.684532; resetting the attack
WARNING: subspace attack failed: objective decreased from 0.684788 to 0.684182; resetting the attack
WARNING: subspace attack failed: objective decreased from 0.685285 to 0.684118; resetting the attack
WARNING: subspace attack failed: objective decreased from 0.684867 to 0.683713; resetting the attack
WARNING: subspace attack failed: objective decreased from 0.683997 to 0.680924; resetting the attack
WARNING: subspace attack failed: objective decreased from 0.686880 to 0.686011; resetting the attack
WARNING: subspace attack failed: objective decreased from 0.684745 to 0.681354; resetting the attack
WARNING: subspace attack failed: objective decreased from 0.686998 to 0.683809; resetting the attack
WARNING: subspace attack failed: objective decreased from 0.686417 to 0.686379; resetting the attack
WARNING: subspace attack failed: objective decreased from 0.685356 to 0.682363; resetting the attack
WARNING: subspace attack failed: objective decreased from 0.682800 to 0.679589; resetting the attack
WARNING: subspace attack failed: objective decreased from 0.682983 to 0.682042; resetting the attack
WARNING: subspace attack failed: objective decreased from 0.683693 to 0.681762; resetting the attack
WARNING: subspace attack failed: objective decreased from 0.685333 to 0.683124; resetting the attack
WARNING: subspace attack failed: objective decreased from 0.684222 to 0.684036; resetting the attack
WARNING: subspace attack failed: objective decreased from 0.685161 to 0.683271; resetting the attack
WARNING: subspace attack failed: objective decreased from 0.685814 to 0.683256; resetting the attack
WARNING: subspace attack failed: objective decreased from 0.684254 to 0.683755; resetting the attack
WARNING: subspace attack failed: objective decreased from 0.686272 to 0.683785; resetting the attack
WARNING: subspace attack failed: objective decreased from 0.684508 to 0.684367; resetting the attack
WARNING: subspace attack failed: objective decreased from 0.684236 to 0.682672; resetting the attack
WARNING: subspace attack failed: objective decreased from 0.683795 to 0.683505; resetting the attack
WARNING: subspace attack failed: objective decreased from 0.683226 to 0.679695; resetting the attack
WARNING: subspace attack failed: objective decreased from 0.685233 to 0.682068; resetting the attack
WARNING: subspace attack failed: objective decreased from 0.683363 to 0.683254; resetting the attack
WARNING: subspace attack failed: objective decreased from 0.683108 to 0.681884; resetting the attack
WARNING: subspace attack failed: objective decreased from 0.683970 to 0.682037; resetting the attack
WARNING: subspace attack failed: objective decreased from 0.681866 to 0.681849; resetting the attack
WARNING: subspace attack failed: objective decreased from 0.683101 to 0.682431; resetting the attack
WARNING: subspace attack failed: objective decreased from 0.685581 to 0.681870; resetting the attack
WARNING: subspace attack failed: objective decreased from 0.683841 to 0.682594; resetting the attack
WARNING: subspace attack failed: objective decreased from 0.685801 to 0.684241; resetting the attack
WARNING: subspace attack failed: objective decreased from 0.684996 to 0.681382; resetting the attack
WARNING: subspace attack failed: objective decreased from 0.687138 to 0.686743; resetting the attack
WARNING: subspace attack failed: objective decreased from 0.686953 to 0.683672; resetting the attack
WARNING: subspace attack failed: objective decreased from 0.686501 to 0.686013; resetting the attack
WARNING: subspace attack failed: objective decreased from 0.688562 to 0.685484; resetting the attack
WARNING: subspace attack failed: objective decreased from 0.686525 to 0.686475; resetting the attack
WARNING: subspace attack failed: objective decreased from 0.685420 to 0.683731; resetting the attack
WARNING: subspace attack failed: objective decreased from 0.686880 to 0.686815; resetting the attack
WARNING: subspace attack failed: objective decreased from 0.686170 to 0.681409; resetting the attack
WARNING: subspace attack failed: objective decreased from 0.683947 to 0.682427; resetting the attack
WARNING: subspace attack failed: objective decreased from 0.685302 to 0.682269; resetting the attack
WARNING: subspace attack failed: objective decreased from 0.681155 to 0.680120; resetting the attack
WARNING: subspace attack failed: objective decreased from 0.682501 to 0.682326; resetting the attack
WARNING: subspace attack failed: objective decreased from 0.683887 to 0.683428; resetting the attack
WARNING: subspace attack failed: objective decreased from 0.684983 to 0.683141; resetting the attack
WARNING: subspace attack failed: objective decreased from 0.683412 to 0.683127; resetting the attack
WARNING: subspace attack failed: objective decreased from 0.685015 to 0.682639; resetting the attack
WARNING: subspace attack failed: objective decreased from 0.685315 to 0.685124; resetting the attack
WARNING: subspace attack failed: objective decreased from 0.685354 to 0.684387; resetting the attack
WARNING: subspace attack failed: objective decreased from 0.685489 to 0.683443; resetting the attack
WARNING: subspace attack failed: objective decreased from 0.685976 to 0.683371; resetting the attack
WARNING: subspace attack failed: objective decreased from 0.686441 to 0.686199; resetting the attack
WARNING: subspace attack failed: objective decreased from 0.688180 to 0.685424; resetting the attack
WARNING: subspace attack failed: objective decreased from 0.687412 to 0.686540; resetting the attack
WARNING: subspace attack failed: objective decreased from 0.684761 to 0.680366; resetting the attack
WARNING: subspace attack failed: objective decreased from 0.688314 to 0.688064; resetting the attack
WARNING: subspace attack failed: objective decreased from 0.686211 to 0.685905; resetting the attack
WARNING: subspace attack failed: objective decreased from 0.687926 to 0.686931; resetting the attack
WARNING: subspace attack failed: objective decreased from 0.686002 to 0.685643; resetting the attack
WARNING: subspace attack failed: objective decreased from 0.685258 to 0.682244; resetting the attack
Real and fair distances (max/min/mean):
5161.216650661874 31.797924169887516 1945.231337410451
0.000111590234 5.767604e-05 0.00010286678
Counter success count is -1
Epoch 7000 train accuracy 0.554713; loss 0.685399; lambda is 0.000010
Epoch 7000 test accuracy 0.555871
FAILED attacks: subspace 464; full 0; Nans after attack 0
Loss clean 0.685439; subspace 0.703368; adv 0.703913
Train AUC is 0.637410; balanced AUC is 0.637410
Train accuracy 0.555; balanced accuracy 0.567; FDR 0.482; TPR 0.767

Train sex accuracy 0.532; balanced accuracy 0.582; FDR 0.588; TPR 0.752

Train sex gap RMS 0.04439246684850041
Train race accuracy 0.527; balanced accuracy 0.554; FDR 0.565; TPR 0.685

Train race gap RMS 0.11488128630432062
Train STD accuracy 0.003; balanced accuracy 0.014; FDR 0.012; TPR 0.034

--------------------------------------------------
Test AUC is 0.621471; balanced AUC is 0.621471
Test accuracy 0.556; balanced accuracy 0.567; FDR 0.481; TPR 0.759

Test sex accuracy 0.556; balanced accuracy 0.597; FDR 0.541; TPR 0.782

Test sex gap RMS 0.03909211799118909
Test race accuracy 0.523; balanced accuracy 0.554; FDR 0.576; TPR 0.686

Test race gap RMS 0.10214579718694491
Test STD accuracy 0.016; balanced accuracy 0.021; FDR 0.017; TPR 0.048

--------------------------------------------------
WARNING: subspace attack failed: objective decreased from 0.684056 to 0.683276; resetting the attack
WARNING: subspace attack failed: objective decreased from 0.683700 to 0.683394; resetting the attack
WARNING: subspace attack failed: objective decreased from 0.683726 to 0.683384; resetting the attack
WARNING: subspace attack failed: objective decreased from 0.684856 to 0.684096; resetting the attack
WARNING: subspace attack failed: objective decreased from 0.684940 to 0.684242; resetting the attack
WARNING: subspace attack failed: objective decreased from 0.685713 to 0.684831; resetting the attack
WARNING: subspace attack failed: objective decreased from 0.688179 to 0.686832; resetting the attack
WARNING: subspace attack failed: objective decreased from 0.685344 to 0.680079; resetting the attack
WARNING: subspace attack failed: objective decreased from 0.683557 to 0.683491; resetting the attack
WARNING: subspace attack failed: objective decreased from 0.683720 to 0.681600; resetting the attack
WARNING: subspace attack failed: objective decreased from 0.684634 to 0.683972; resetting the attack
WARNING: subspace attack failed: objective decreased from 0.686200 to 0.683914; resetting the attack
WARNING: subspace attack failed: objective decreased from 0.681988 to 0.680994; resetting the attack
WARNING: subspace attack failed: objective decreased from 0.683884 to 0.682359; resetting the attack
WARNING: subspace attack failed: objective decreased from 0.687043 to 0.684353; resetting the attack
WARNING: subspace attack failed: objective decreased from 0.684365 to 0.683538; resetting the attack
WARNING: subspace attack failed: objective decreased from 0.685376 to 0.685067; resetting the attack
WARNING: subspace attack failed: objective decreased from 0.681827 to 0.681017; resetting the attack
WARNING: subspace attack failed: objective decreased from 0.684284 to 0.683377; resetting the attack
WARNING: subspace attack failed: objective decreased from 0.683986 to 0.681973; resetting the attack
WARNING: subspace attack failed: objective decreased from 0.683548 to 0.680105; resetting the attack
WARNING: subspace attack failed: objective decreased from 0.682166 to 0.682075; resetting the attack
WARNING: subspace attack failed: objective decreased from 0.684537 to 0.683369; resetting the attack
WARNING: subspace attack failed: objective decreased from 0.686577 to 0.683502; resetting the attack
WARNING: subspace attack failed: objective decreased from 0.682304 to 0.680686; resetting the attack
WARNING: subspace attack failed: objective decreased from 0.685548 to 0.685524; resetting the attack
WARNING: subspace attack failed: objective decreased from 0.683495 to 0.678805; resetting the attack
WARNING: subspace attack failed: objective decreased from 0.685325 to 0.681451; resetting the attack
WARNING: subspace attack failed: objective decreased from 0.685421 to 0.681567; resetting the attack
WARNING: subspace attack failed: objective decreased from 0.685025 to 0.683096; resetting the attack
WARNING: subspace attack failed: objective decreased from 0.683223 to 0.682850; resetting the attack
WARNING: subspace attack failed: objective decreased from 0.685598 to 0.685412; resetting the attack
WARNING: subspace attack failed: objective decreased from 0.682859 to 0.682318; resetting the attack
WARNING: subspace attack failed: objective decreased from 0.681986 to 0.678183; resetting the attack
WARNING: subspace attack failed: objective decreased from 0.683815 to 0.682917; resetting the attack
WARNING: subspace attack failed: objective decreased from 0.682017 to 0.681578; resetting the attack
WARNING: subspace attack failed: objective decreased from 0.681911 to 0.681448; resetting the attack
WARNING: subspace attack failed: objective decreased from 0.680794 to 0.679299; resetting the attack
WARNING: subspace attack failed: objective decreased from 0.681090 to 0.680993; resetting the attack
WARNING: subspace attack failed: objective decreased from 0.682853 to 0.681048; resetting the attack
WARNING: subspace attack failed: objective decreased from 0.682248 to 0.679547; resetting the attack
WARNING: subspace attack failed: objective decreased from 0.682071 to 0.679357; resetting the attack
WARNING: subspace attack failed: objective decreased from 0.682803 to 0.682706; resetting the attack
WARNING: subspace attack failed: objective decreased from 0.682384 to 0.679861; resetting the attack
WARNING: subspace attack failed: objective decreased from 0.680210 to 0.680094; resetting the attack
WARNING: subspace attack failed: objective decreased from 0.682553 to 0.680276; resetting the attack
WARNING: subspace attack failed: objective decreased from 0.682743 to 0.681591; resetting the attack
WARNING: subspace attack failed: objective decreased from 0.686311 to 0.683806; resetting the attack
WARNING: subspace attack failed: objective decreased from 0.686420 to 0.683739; resetting the attack
WARNING: subspace attack failed: objective decreased from 0.680620 to 0.677515; resetting the attack
WARNING: subspace attack failed: objective decreased from 0.680493 to 0.678906; resetting the attack
WARNING: subspace attack failed: objective decreased from 0.683642 to 0.681988; resetting the attack
WARNING: subspace attack failed: objective decreased from 0.685625 to 0.684527; resetting the attack
WARNING: subspace attack failed: objective decreased from 0.684622 to 0.683865; resetting the attack
WARNING: subspace attack failed: objective decreased from 0.681631 to 0.680774; resetting the attack
WARNING: subspace attack failed: objective decreased from 0.683260 to 0.682383; resetting the attack
WARNING: subspace attack failed: objective decreased from 0.680934 to 0.679273; resetting the attack
WARNING: subspace attack failed: objective decreased from 0.684226 to 0.682918; resetting the attack
WARNING: subspace attack failed: objective decreased from 0.683019 to 0.680320; resetting the attack
WARNING: subspace attack failed: objective decreased from 0.682745 to 0.682570; resetting the attack
WARNING: subspace attack failed: objective decreased from 0.682282 to 0.679756; resetting the attack
WARNING: subspace attack failed: objective decreased from 0.680849 to 0.680515; resetting the attack
WARNING: subspace attack failed: objective decreased from 0.682979 to 0.680759; resetting the attack
WARNING: subspace attack failed: objective decreased from 0.682876 to 0.680255; resetting the attack
WARNING: subspace attack failed: objective decreased from 0.683544 to 0.679379; resetting the attack
WARNING: subspace attack failed: objective decreased from 0.682849 to 0.681989; resetting the attack
WARNING: subspace attack failed: objective decreased from 0.679428 to 0.678934; resetting the attack
WARNING: subspace attack failed: objective decreased from 0.683539 to 0.681799; resetting the attack
WARNING: subspace attack failed: objective decreased from 0.680769 to 0.680258; resetting the attack
WARNING: subspace attack failed: objective decreased from 0.686827 to 0.683997; resetting the attack
WARNING: subspace attack failed: objective decreased from 0.680621 to 0.679870; resetting the attack
WARNING: subspace attack failed: objective decreased from 0.684660 to 0.680619; resetting the attack
WARNING: subspace attack failed: objective decreased from 0.682719 to 0.678456; resetting the attack
WARNING: subspace attack failed: objective decreased from 0.684628 to 0.684061; resetting the attack
WARNING: subspace attack failed: objective decreased from 0.681377 to 0.680953; resetting the attack
WARNING: subspace attack failed: objective decreased from 0.683690 to 0.681149; resetting the attack
WARNING: subspace attack failed: objective decreased from 0.682395 to 0.675862; resetting the attack
WARNING: subspace attack failed: objective decreased from 0.684173 to 0.676085; resetting the attack
WARNING: subspace attack failed: objective decreased from 0.681621 to 0.681028; resetting the attack
WARNING: subspace attack failed: objective decreased from 0.684830 to 0.684247; resetting the attack
WARNING: subspace attack failed: objective decreased from 0.682141 to 0.677592; resetting the attack
WARNING: subspace attack failed: objective decreased from 0.684224 to 0.683775; resetting the attack
WARNING: subspace attack failed: objective decreased from 0.680982 to 0.678205; resetting the attack
WARNING: subspace attack failed: objective decreased from 0.687506 to 0.683951; resetting the attack
WARNING: subspace attack failed: objective decreased from 0.680002 to 0.679542; resetting the attack
WARNING: subspace attack failed: objective decreased from 0.683505 to 0.683188; resetting the attack
WARNING: subspace attack failed: objective decreased from 0.681341 to 0.680695; resetting the attack
WARNING: subspace attack failed: objective decreased from 0.682856 to 0.681482; resetting the attack
WARNING: subspace attack failed: objective decreased from 0.681941 to 0.675984; resetting the attack
WARNING: subspace attack failed: objective decreased from 0.683705 to 0.682991; resetting the attack
WARNING: subspace attack failed: objective decreased from 0.683019 to 0.678385; resetting the attack
WARNING: subspace attack failed: objective decreased from 0.681073 to 0.680060; resetting the attack
WARNING: subspace attack failed: objective decreased from 0.683634 to 0.678489; resetting the attack
WARNING: subspace attack failed: objective decreased from 0.679886 to 0.678113; resetting the attack
WARNING: subspace attack failed: objective decreased from 0.680666 to 0.679488; resetting the attack
WARNING: subspace attack failed: objective decreased from 0.682237 to 0.681864; resetting the attack
WARNING: subspace attack failed: objective decreased from 0.684564 to 0.678215; resetting the attack
WARNING: subspace attack failed: objective decreased from 0.681701 to 0.678469; resetting the attack
WARNING: subspace attack failed: objective decreased from 0.682871 to 0.681370; resetting the attack
WARNING: subspace attack failed: objective decreased from 0.680395 to 0.679617; resetting the attack
WARNING: subspace attack failed: objective decreased from 0.681337 to 0.681037; resetting the attack
WARNING: subspace attack failed: objective decreased from 0.681031 to 0.679680; resetting the attack
WARNING: subspace attack failed: objective decreased from 0.679836 to 0.675563; resetting the attack
WARNING: subspace attack failed: objective decreased from 0.680707 to 0.678691; resetting the attack
WARNING: subspace attack failed: objective decreased from 0.683906 to 0.679024; resetting the attack
WARNING: subspace attack failed: objective decreased from 0.682628 to 0.678644; resetting the attack
WARNING: subspace attack failed: objective decreased from 0.683517 to 0.682265; resetting the attack
WARNING: subspace attack failed: objective decreased from 0.677404 to 0.676708; resetting the attack
WARNING: subspace attack failed: objective decreased from 0.680022 to 0.674613; resetting the attack
WARNING: subspace attack failed: objective decreased from 0.679939 to 0.677992; resetting the attack
Real and fair distances (max/min/mean):
4691.8654417672315 82.10190975596994 1956.3806989433695
0.00011184525 1.8405899e-05 9.835311e-05
Counter success count is -1
Epoch 8000 train accuracy 0.592373; loss 0.681111; lambda is 0.000010
Epoch 8000 test accuracy 0.602273
FAILED attacks: subspace 574; full 0; Nans after attack 0
Loss clean 0.682128; subspace 0.685676; adv 0.686127
Train AUC is 0.649949; balanced AUC is 0.649949
Train accuracy 0.592; balanced accuracy 0.600; FDR 0.450; TPR 0.733

Train sex accuracy 0.580; balanced accuracy 0.610; FDR 0.557; TPR 0.713

Train sex gap RMS 0.04009322292586133
Train race accuracy 0.588; balanced accuracy 0.594; FDR 0.518; TPR 0.622

Train race gap RMS 0.17249870041710724
Train STD accuracy 0.004; balanced accuracy 0.008; FDR 0.020; TPR 0.046

--------------------------------------------------
Test AUC is 0.637474; balanced AUC is 0.637474
Test accuracy 0.602; balanced accuracy 0.609; FDR 0.440; TPR 0.726

Test sex accuracy 0.587; balanced accuracy 0.608; FDR 0.520; TPR 0.701

Test sex gap RMS 0.030316074418423995
Test race accuracy 0.615; balanced accuracy 0.618; FDR 0.502; TPR 0.634

Test race gap RMS 0.18497125145648324
Test STD accuracy 0.014; balanced accuracy 0.005; FDR 0.009; TPR 0.034

--------------------------------------------------
WARNING: subspace attack failed: objective decreased from 0.682801 to 0.681202; resetting the attack
WARNING: subspace attack failed: objective decreased from 0.683474 to 0.682669; resetting the attack
WARNING: subspace attack failed: objective decreased from 0.681970 to 0.681576; resetting the attack
WARNING: subspace attack failed: objective decreased from 0.682366 to 0.680205; resetting the attack
WARNING: subspace attack failed: objective decreased from 0.682742 to 0.682671; resetting the attack
WARNING: subspace attack failed: objective decreased from 0.684090 to 0.682699; resetting the attack
WARNING: subspace attack failed: objective decreased from 0.681127 to 0.678640; resetting the attack
WARNING: subspace attack failed: objective decreased from 0.684547 to 0.681658; resetting the attack
WARNING: subspace attack failed: objective decreased from 0.684104 to 0.682904; resetting the attack
WARNING: subspace attack failed: objective decreased from 0.683516 to 0.681051; resetting the attack
WARNING: subspace attack failed: objective decreased from 0.682208 to 0.680830; resetting the attack
WARNING: subspace attack failed: objective decreased from 0.680678 to 0.680402; resetting the attack
WARNING: subspace attack failed: objective decreased from 0.683773 to 0.680865; resetting the attack
WARNING: subspace attack failed: objective decreased from 0.685096 to 0.683775; resetting the attack
WARNING: subspace attack failed: objective decreased from 0.685871 to 0.683803; resetting the attack
WARNING: subspace attack failed: objective decreased from 0.682795 to 0.680836; resetting the attack
WARNING: subspace attack failed: objective decreased from 0.685546 to 0.685148; resetting the attack
WARNING: subspace attack failed: objective decreased from 0.685554 to 0.680457; resetting the attack
WARNING: subspace attack failed: objective decreased from 0.684920 to 0.682764; resetting the attack
WARNING: subspace attack failed: objective decreased from 0.682192 to 0.681370; resetting the attack
WARNING: subspace attack failed: objective decreased from 0.684444 to 0.684362; resetting the attack
WARNING: subspace attack failed: objective decreased from 0.689082 to 0.685251; resetting the attack
WARNING: subspace attack failed: objective decreased from 0.684592 to 0.682267; resetting the attack
WARNING: subspace attack failed: objective decreased from 0.683813 to 0.682079; resetting the attack
WARNING: subspace attack failed: objective decreased from 0.682125 to 0.680345; resetting the attack
WARNING: subspace attack failed: objective decreased from 0.679799 to 0.677648; resetting the attack
WARNING: subspace attack failed: objective decreased from 0.680285 to 0.679185; resetting the attack
WARNING: subspace attack failed: objective decreased from 0.681633 to 0.681276; resetting the attack
WARNING: subspace attack failed: objective decreased from 0.682953 to 0.682459; resetting the attack
WARNING: subspace attack failed: objective decreased from 0.680673 to 0.679918; resetting the attack
WARNING: subspace attack failed: objective decreased from 0.682037 to 0.677895; resetting the attack
WARNING: subspace attack failed: objective decreased from 0.683983 to 0.683760; resetting the attack
WARNING: subspace attack failed: objective decreased from 0.678676 to 0.676710; resetting the attack
WARNING: subspace attack failed: objective decreased from 0.685395 to 0.684764; resetting the attack
WARNING: subspace attack failed: objective decreased from 0.680771 to 0.679123; resetting the attack
WARNING: subspace attack failed: objective decreased from 0.683885 to 0.683472; resetting the attack
WARNING: subspace attack failed: objective decreased from 0.676932 to 0.676652; resetting the attack
WARNING: subspace attack failed: objective decreased from 0.685249 to 0.684158; resetting the attack
WARNING: subspace attack failed: objective decreased from 0.683588 to 0.680576; resetting the attack
WARNING: subspace attack failed: objective decreased from 0.681856 to 0.681080; resetting the attack
WARNING: subspace attack failed: objective decreased from 0.685231 to 0.683162; resetting the attack
WARNING: subspace attack failed: objective decreased from 0.683896 to 0.681011; resetting the attack
WARNING: subspace attack failed: objective decreased from 0.681344 to 0.680840; resetting the attack
WARNING: subspace attack failed: objective decreased from 0.683713 to 0.681519; resetting the attack
WARNING: subspace attack failed: objective decreased from 0.682030 to 0.681534; resetting the attack
WARNING: subspace attack failed: objective decreased from 0.683738 to 0.682603; resetting the attack
WARNING: subspace attack failed: objective decreased from 0.681540 to 0.681414; resetting the attack
WARNING: subspace attack failed: objective decreased from 0.682145 to 0.679542; resetting the attack
WARNING: subspace attack failed: objective decreased from 0.680320 to 0.679267; resetting the attack
WARNING: subspace attack failed: objective decreased from 0.681691 to 0.680173; resetting the attack
WARNING: subspace attack failed: objective decreased from 0.684061 to 0.681823; resetting the attack
WARNING: subspace attack failed: objective decreased from 0.682939 to 0.678186; resetting the attack
WARNING: subspace attack failed: objective decreased from 0.680230 to 0.677761; resetting the attack
WARNING: subspace attack failed: objective decreased from 0.681873 to 0.680194; resetting the attack
WARNING: subspace attack failed: objective decreased from 0.678102 to 0.675924; resetting the attack
WARNING: subspace attack failed: objective decreased from 0.680247 to 0.678848; resetting the attack
WARNING: subspace attack failed: objective decreased from 0.681629 to 0.674678; resetting the attack
WARNING: subspace attack failed: objective decreased from 0.680171 to 0.676197; resetting the attack
WARNING: subspace attack failed: objective decreased from 0.683367 to 0.683248; resetting the attack
WARNING: subspace attack failed: objective decreased from 0.685596 to 0.683930; resetting the attack
WARNING: subspace attack failed: objective decreased from 0.684289 to 0.682389; resetting the attack
WARNING: subspace attack failed: objective decreased from 0.684670 to 0.680295; resetting the attack
WARNING: subspace attack failed: objective decreased from 0.679583 to 0.679390; resetting the attack
WARNING: subspace attack failed: objective decreased from 0.682893 to 0.682724; resetting the attack
Real and fair distances (max/min/mean):
3654.7089491582633 3.369049568388567 1974.4262568142315
0.00011220624 3.2649375e-05 9.5455885e-05
Counter success count is -1
Epoch 9000 train accuracy 0.554950; loss 0.680938; lambda is 0.000010
Epoch 9000 test accuracy 0.557765
FAILED attacks: subspace 638; full 0; Nans after attack 0
Loss clean 0.682568; subspace 0.682573; adv 0.683008
Train AUC is 0.642995; balanced AUC is 0.642995
Train accuracy 0.555; balanced accuracy 0.566; FDR 0.481; TPR 0.747

Train sex accuracy 0.537; balanced accuracy 0.586; FDR 0.585; TPR 0.752

Train sex gap RMS 0.03248257037578527
Train race accuracy 0.528; balanced accuracy 0.552; FDR 0.566; TPR 0.665

Train race gap RMS 0.11119533874594113
Train STD accuracy 0.005; balanced accuracy 0.017; FDR 0.010; TPR 0.044

--------------------------------------------------
Test AUC is 0.618880; balanced AUC is 0.618880
Test accuracy 0.558; balanced accuracy 0.568; FDR 0.479; TPR 0.742

Test sex accuracy 0.556; balanced accuracy 0.590; FDR 0.542; TPR 0.747

Test sex gap RMS 0.037836846464680544
Test race accuracy 0.532; balanced accuracy 0.559; FDR 0.570; TPR 0.674

Test race gap RMS 0.10207662620338906
Test STD accuracy 0.012; balanced accuracy 0.016; FDR 0.014; TPR 0.036

--------------------------------------------------
WARNING: subspace attack failed: objective decreased from 0.680979 to 0.680266; resetting the attack
WARNING: subspace attack failed: objective decreased from 0.683430 to 0.683254; resetting the attack
WARNING: subspace attack failed: objective decreased from 0.682038 to 0.678711; resetting the attack
WARNING: subspace attack failed: objective decreased from 0.681508 to 0.678548; resetting the attack
WARNING: subspace attack failed: objective decreased from 0.680544 to 0.678300; resetting the attack
WARNING: subspace attack failed: objective decreased from 0.681695 to 0.681374; resetting the attack
WARNING: subspace attack failed: objective decreased from 0.680220 to 0.680100; resetting the attack
WARNING: subspace attack failed: objective decreased from 0.680343 to 0.675962; resetting the attack
WARNING: subspace attack failed: objective decreased from 0.677136 to 0.675217; resetting the attack
WARNING: subspace attack failed: objective decreased from 0.679412 to 0.679072; resetting the attack
WARNING: subspace attack failed: objective decreased from 0.679734 to 0.678170; resetting the attack
WARNING: subspace attack failed: objective decreased from 0.678039 to 0.675991; resetting the attack
WARNING: subspace attack failed: objective decreased from 0.679117 to 0.678268; resetting the attack
WARNING: subspace attack failed: objective decreased from 0.681306 to 0.680770; resetting the attack
WARNING: subspace attack failed: objective decreased from 0.685379 to 0.685165; resetting the attack
WARNING: subspace attack failed: objective decreased from 0.683271 to 0.682936; resetting the attack
WARNING: subspace attack failed: objective decreased from 0.678695 to 0.678085; resetting the attack
WARNING: subspace attack failed: objective decreased from 0.679888 to 0.679572; resetting the attack
WARNING: subspace attack failed: objective decreased from 0.688704 to 0.684876; resetting the attack
WARNING: subspace attack failed: objective decreased from 0.686235 to 0.684760; resetting the attack
WARNING: subspace attack failed: objective decreased from 0.684455 to 0.684070; resetting the attack
WARNING: subspace attack failed: objective decreased from 0.683986 to 0.683548; resetting the attack
WARNING: subspace attack failed: objective decreased from 0.681220 to 0.679589; resetting the attack
WARNING: subspace attack failed: objective decreased from 0.679934 to 0.679777; resetting the attack
WARNING: subspace attack failed: objective decreased from 0.681006 to 0.679355; resetting the attack
WARNING: subspace attack failed: objective decreased from 0.683462 to 0.679446; resetting the attack
WARNING: subspace attack failed: objective decreased from 0.680546 to 0.676797; resetting the attack
WARNING: subspace attack failed: objective decreased from 0.687657 to 0.683766; resetting the attack
WARNING: subspace attack failed: objective decreased from 0.679912 to 0.678732; resetting the attack
WARNING: subspace attack failed: objective decreased from 0.684719 to 0.682040; resetting the attack
WARNING: subspace attack failed: objective decreased from 0.681002 to 0.680058; resetting the attack
WARNING: subspace attack failed: objective decreased from 0.678595 to 0.677942; resetting the attack
WARNING: subspace attack failed: objective decreased from 0.678456 to 0.677680; resetting the attack
WARNING: subspace attack failed: objective decreased from 0.679037 to 0.678696; resetting the attack
WARNING: subspace attack failed: objective decreased from 0.676172 to 0.674007; resetting the attack
WARNING: subspace attack failed: objective decreased from 0.681000 to 0.672331; resetting the attack
WARNING: subspace attack failed: objective decreased from 0.684059 to 0.679453; resetting the attack
WARNING: subspace attack failed: objective decreased from 0.678650 to 0.676878; resetting the attack
WARNING: subspace attack failed: objective decreased from 0.679494 to 0.676994; resetting the attack
WARNING: subspace attack failed: objective decreased from 0.680258 to 0.680253; resetting the attack
WARNING: subspace attack failed: objective decreased from 0.680804 to 0.679785; resetting the attack
WARNING: subspace attack failed: objective decreased from 0.681534 to 0.679963; resetting the attack
WARNING: subspace attack failed: objective decreased from 0.681707 to 0.680939; resetting the attack
WARNING: subspace attack failed: objective decreased from 0.680584 to 0.678086; resetting the attack
WARNING: subspace attack failed: objective decreased from 0.682259 to 0.681484; resetting the attack
WARNING: subspace attack failed: objective decreased from 0.684298 to 0.678817; resetting the attack
WARNING: subspace attack failed: objective decreased from 0.680124 to 0.679295; resetting the attack
WARNING: subspace attack failed: objective decreased from 0.682284 to 0.681129; resetting the attack
WARNING: subspace attack failed: objective decreased from 0.673477 to 0.673220; resetting the attack
WARNING: subspace attack failed: objective decreased from 0.678705 to 0.676420; resetting the attack
WARNING: subspace attack failed: objective decreased from 0.679235 to 0.673748; resetting the attack
WARNING: subspace attack failed: objective decreased from 0.679426 to 0.678014; resetting the attack
WARNING: subspace attack failed: objective decreased from 0.680070 to 0.679673; resetting the attack
WARNING: subspace attack failed: objective decreased from 0.682255 to 0.677528; resetting the attack
WARNING: subspace attack failed: objective decreased from 0.679080 to 0.678366; resetting the attack
WARNING: subspace attack failed: objective decreased from 0.681495 to 0.681468; resetting the attack
WARNING: subspace attack failed: objective decreased from 0.681375 to 0.680640; resetting the attack
WARNING: subspace attack failed: objective decreased from 0.680308 to 0.679614; resetting the attack
WARNING: subspace attack failed: objective decreased from 0.684260 to 0.682815; resetting the attack
WARNING: subspace attack failed: objective decreased from 0.678391 to 0.677140; resetting the attack
WARNING: subspace attack failed: objective decreased from 0.680109 to 0.675098; resetting the attack
WARNING: subspace attack failed: objective decreased from 0.681830 to 0.680756; resetting the attack
WARNING: subspace attack failed: objective decreased from 0.684810 to 0.683252; resetting the attack
WARNING: subspace attack failed: objective decreased from 0.682742 to 0.682407; resetting the attack
WARNING: subspace attack failed: objective decreased from 0.678902 to 0.677757; resetting the attack
WARNING: subspace attack failed: objective decreased from 0.680021 to 0.679334; resetting the attack
WARNING: subspace attack failed: objective decreased from 0.678804 to 0.678674; resetting the attack
WARNING: subspace attack failed: objective decreased from 0.680461 to 0.679731; resetting the attack
WARNING: subspace attack failed: objective decreased from 0.676238 to 0.675234; resetting the attack
WARNING: subspace attack failed: objective decreased from 0.680539 to 0.678034; resetting the attack
Real and fair distances (max/min/mean):
3824.994266577185 14.61120553813349 1777.528955266273
0.00011174024 4.109383e-05 9.772101e-05
Counter success count is -1
Epoch 10000 train accuracy 0.600900; loss 0.679370; lambda is 0.000010
Epoch 10000 test accuracy 0.601326
FAILED attacks: subspace 708; full 0; Nans after attack 0
Loss clean 0.676360; subspace 0.687061; adv 0.687514
Train AUC is 0.640657; balanced AUC is 0.640657
Train accuracy 0.601; balanced accuracy 0.604; FDR 0.435; TPR 0.660

Train sex accuracy 0.588; balanced accuracy 0.598; FDR 0.557; TPR 0.633

Train sex gap RMS 0.026385983979825983
Train race accuracy 0.585; balanced accuracy 0.576; FDR 0.525; TPR 0.535

Train race gap RMS 0.15766750823052586
Train STD accuracy 0.002; balanced accuracy 0.011; FDR 0.016; TPR 0.049

--------------------------------------------------
Test AUC is 0.620269; balanced AUC is 0.620269
Test accuracy 0.601; balanced accuracy 0.599; FDR 0.421; TPR 0.561

Test sex accuracy 0.601; balanced accuracy 0.594; FDR 0.510; TPR 0.563

Test sex gap RMS 0.011187635708295215
Test race accuracy 0.579; balanced accuracy 0.549; FDR 0.553; TPR 0.419

Test race gap RMS 0.16514324069912623
Test STD accuracy 0.011; balanced accuracy 0.023; FDR 0.021; TPR 0.072

--------------------------------------------------
slurmstepd: error: *** JOB 11506503 ON gl3142 CANCELLED AT 2020-08-10T15:37:10 ***
