SLURM_JOBID:  11555642
SLURM_ARRAY_TASK_ID:  249
SLURM_ARRAY_JOB_ID:  11555392
2020-08-11 09:36:16.524354: W tensorflow/stream_executor/platform/default/dso_loader.cc:55] Could not load dynamic library 'libcuda.so.1'; dlerror: libcuda.so.1: cannot open shared object file: No such file or directory; LD_LIBRARY_PATH: /sw/arcts/centos7/python3.6-anaconda/5.2.0/lib:/opt/slurm/lib64::
2020-08-11 09:36:16.524556: E tensorflow/stream_executor/cuda/cuda_driver.cc:313] failed call to cuInit: UNKNOWN ERROR (303)
2020-08-11 09:36:16.524589: I tensorflow/stream_executor/cuda/cuda_diagnostics.cc:156] kernel driver does not appear to be running on this host (gl3120.arc-ts.umich.edu): /proc/driver/nvidia/version does not exist
2020-08-11 09:36:16.524980: I tensorflow/core/platform/cpu_feature_guard.cc:143] Your CPU supports instructions that this TensorFlow binary was not compiled to use: AVX2 AVX512F FMA
2020-08-11 09:36:16.532102: I tensorflow/core/platform/profile_utils/cpu_utils.cc:102] CPU Frequency: 3000000000 Hz
2020-08-11 09:36:16.532225: I tensorflow/compiler/xla/service/service.cc:168] XLA service 0x55fb156a6320 initialized for platform Host (this does not guarantee that XLA will be used). Devices:
2020-08-11 09:36:16.532237: I tensorflow/compiler/xla/service/service.cc:176]   StreamExecutor device (0): Host, Default Version
(5278, 8)
['sex', 'race', 'priors_count', 'age_cat=25 to 45', 'age_cat=Greater than 45', 'age_cat=Less than 25', 'c_charge_degree=F', 'c_charge_degree=M']
sex
race
done
done
done
done
done
done
done
done
done
done
done
done
done
done
done
done
done
done
done
done
done
done
done
done
done
done
done
done
done
done
done
done
done
done
done
done
done
done
done
done
done
done
done
done
done
done
done
done
done
done
done
done
done
done
done
done
done
done
done
done
done
done
done
done
done
done
done
done
done
done
done
done
done
done
done
done
done
done
done
done
done
done
done
done
done
done
done
done
done
done
done
done
done
done
done
done
done
done
done
done
('sensr', 4, 9, 0.002)
