SLURM_JOBID:  11570606
SLURM_ARRAY_TASK_ID:  157
SLURM_ARRAY_JOB_ID:  11570448
2020-08-11 22:43:41.424873: W tensorflow/stream_executor/platform/default/dso_loader.cc:55] Could not load dynamic library 'libcuda.so.1'; dlerror: libcuda.so.1: cannot open shared object file: No such file or directory; LD_LIBRARY_PATH: /sw/arcts/centos7/python3.6-anaconda/5.2.0/lib:/opt/slurm/lib64::
2020-08-11 22:43:41.425003: E tensorflow/stream_executor/cuda/cuda_driver.cc:313] failed call to cuInit: UNKNOWN ERROR (303)
2020-08-11 22:43:41.425027: I tensorflow/stream_executor/cuda/cuda_diagnostics.cc:156] kernel driver does not appear to be running on this host (gl3052.arc-ts.umich.edu): /proc/driver/nvidia/version does not exist
2020-08-11 22:43:41.425358: I tensorflow/core/platform/cpu_feature_guard.cc:143] Your CPU supports instructions that this TensorFlow binary was not compiled to use: AVX2 AVX512F FMA
2020-08-11 22:43:41.432566: I tensorflow/core/platform/profile_utils/cpu_utils.cc:102] CPU Frequency: 3000000000 Hz
2020-08-11 22:43:41.432670: I tensorflow/compiler/xla/service/service.cc:168] XLA service 0x560f0e03ed00 initialized for platform Host (this does not guarantee that XLA will be used). Devices:
2020-08-11 22:43:41.432682: I tensorflow/compiler/xla/service/service.cc:176]   StreamExecutor device (0): Host, Default Version
(5278, 8)
['sex', 'race', 'priors_count', 'age_cat=25 to 45', 'age_cat=Greater than 45', 'age_cat=Less than 25', 'c_charge_degree=F', 'c_charge_degree=M']
sex
race


Measures for gender

Accuracy is 0.649621
Balanced accuracy is 0.644727
Gap RMS is 0.21689309203371546
Mean absolute gap is 0.19712886992963521
Max gap is 0.28758782201405153
Average odds difference is 0.197129
Equal opportunity difference is 0.287588
Statistical parity difference is 0.212384



Measures for race

Accuracy is 0.649621
Balanced accuracy is 0.644727
Gap RMS is 0.15610159823806632
Mean absolute gap is 0.1396760234303014
Max gap is 0.2093776550552251
Average odds difference is 0.139676
Equal opportunity difference is 0.209378
Statistical parity difference is 0.170570
