SLURM_JOBID:  11570524
SLURM_ARRAY_TASK_ID:  75
SLURM_ARRAY_JOB_ID:  11570448
2020-08-11 22:43:33.516600: W tensorflow/stream_executor/platform/default/dso_loader.cc:55] Could not load dynamic library 'libcuda.so.1'; dlerror: libcuda.so.1: cannot open shared object file: No such file or directory; LD_LIBRARY_PATH: /sw/arcts/centos7/python3.6-anaconda/5.2.0/lib:/opt/slurm/lib64::
2020-08-11 22:43:33.516775: E tensorflow/stream_executor/cuda/cuda_driver.cc:313] failed call to cuInit: UNKNOWN ERROR (303)
2020-08-11 22:43:33.516797: I tensorflow/stream_executor/cuda/cuda_diagnostics.cc:156] kernel driver does not appear to be running on this host (gl3044.arc-ts.umich.edu): /proc/driver/nvidia/version does not exist
2020-08-11 22:43:33.516990: I tensorflow/core/platform/cpu_feature_guard.cc:143] Your CPU supports instructions that this TensorFlow binary was not compiled to use: AVX2 AVX512F FMA
2020-08-11 22:43:33.523987: I tensorflow/core/platform/profile_utils/cpu_utils.cc:102] CPU Frequency: 3000000000 Hz
2020-08-11 22:43:33.524079: I tensorflow/compiler/xla/service/service.cc:168] XLA service 0x55ce8ac8a280 initialized for platform Host (this does not guarantee that XLA will be used). Devices:
2020-08-11 22:43:33.524090: I tensorflow/compiler/xla/service/service.cc:176]   StreamExecutor device (0): Host, Default Version
WARNING:tensorflow:No training configuration found in save file, so the model was *not* compiled. Compile it manually.
(5278, 8)
['sex', 'race', 'priors_count', 'age_cat=25 to 45', 'age_cat=Greater than 45', 'age_cat=Less than 25', 'c_charge_degree=F', 'c_charge_degree=M']
sex
race


Measures for gender

Accuracy is 0.641098
Balanced accuracy is 0.639355
Gap RMS is 0.05854504561880857
Mean absolute gap is 0.049036997332098875
Max gap is 0.08101973109830629
Average odds difference is 0.049037
Equal opportunity difference is 0.081020
Statistical parity difference is 0.070643



Measures for race

Accuracy is 0.641098
Balanced accuracy is 0.639355
Gap RMS is 0.26724108851657424
Mean absolute gap is 0.25426121780106087
Max gap is 0.3365353480841878
Average odds difference is 0.254261
Equal opportunity difference is 0.336535
Statistical parity difference is 0.281162
