SLURM_JOBID:  11570110
SLURM_ARRAY_TASK_ID:  1
SLURM_ARRAY_JOB_ID:  11570108
2020-08-11 22:28:31.945996: W tensorflow/stream_executor/platform/default/dso_loader.cc:55] Could not load dynamic library 'libcuda.so.1'; dlerror: libcuda.so.1: cannot open shared object file: No such file or directory; LD_LIBRARY_PATH: /sw/arcts/centos7/python3.6-anaconda/5.2.0/lib:/opt/slurm/lib64::
2020-08-11 22:28:31.946210: E tensorflow/stream_executor/cuda/cuda_driver.cc:313] failed call to cuInit: UNKNOWN ERROR (303)
2020-08-11 22:28:31.946235: I tensorflow/stream_executor/cuda/cuda_diagnostics.cc:156] kernel driver does not appear to be running on this host (gl3041.arc-ts.umich.edu): /proc/driver/nvidia/version does not exist
2020-08-11 22:28:31.946427: I tensorflow/core/platform/cpu_feature_guard.cc:143] Your CPU supports instructions that this TensorFlow binary was not compiled to use: AVX2 AVX512F FMA
2020-08-11 22:28:31.953245: I tensorflow/core/platform/profile_utils/cpu_utils.cc:102] CPU Frequency: 3000000000 Hz
2020-08-11 22:28:31.953342: I tensorflow/compiler/xla/service/service.cc:168] XLA service 0x556c175f3c10 initialized for platform Host (this does not guarantee that XLA will be used). Devices:
2020-08-11 22:28:31.953353: I tensorflow/compiler/xla/service/service.cc:176]   StreamExecutor device (0): Host, Default Version
WARNING:tensorflow:No training configuration found in save file, so the model was *not* compiled. Compile it manually.
(5278, 8)
['sex', 'race', 'priors_count', 'age_cat=25 to 45', 'age_cat=Greater than 45', 'age_cat=Less than 25', 'c_charge_degree=F', 'c_charge_degree=M']
sex
race


Measures for gender

Accuracy is 0.678030
Balanced accuracy is 0.677028
Gap RMS is 0.22229808827740696
Mean absolute gap is 0.22205158178600928
Max gap is 0.2325174825174825
Average odds difference is 0.222052
Equal opportunity difference is 0.211586
Statistical parity difference is 0.279762



Measures for race

Accuracy is 0.678030
Balanced accuracy is 0.677028
Gap RMS is 0.18462188161762288
Mean absolute gap is 0.18441083785259801
Max gap is 0.19323591884567493
Average odds difference is 0.184411
Equal opportunity difference is 0.193236
Statistical parity difference is 0.231083
