SLURM_JOBID:  11570223
SLURM_ARRAY_TASK_ID:  114
SLURM_ARRAY_JOB_ID:  11570108
2020-08-11 22:28:38.498708: W tensorflow/stream_executor/platform/default/dso_loader.cc:55] Could not load dynamic library 'libcuda.so.1'; dlerror: libcuda.so.1: cannot open shared object file: No such file or directory; LD_LIBRARY_PATH: /sw/arcts/centos7/python3.6-anaconda/5.2.0/lib:/opt/slurm/lib64::
2020-08-11 22:28:38.498935: E tensorflow/stream_executor/cuda/cuda_driver.cc:313] failed call to cuInit: UNKNOWN ERROR (303)
2020-08-11 22:28:38.498957: I tensorflow/stream_executor/cuda/cuda_diagnostics.cc:156] kernel driver does not appear to be running on this host (gl3050.arc-ts.umich.edu): /proc/driver/nvidia/version does not exist
2020-08-11 22:28:38.499287: I tensorflow/core/platform/cpu_feature_guard.cc:143] Your CPU supports instructions that this TensorFlow binary was not compiled to use: AVX2 AVX512F FMA
2020-08-11 22:28:38.506405: I tensorflow/core/platform/profile_utils/cpu_utils.cc:102] CPU Frequency: 3000000000 Hz
2020-08-11 22:28:38.506503: I tensorflow/compiler/xla/service/service.cc:168] XLA service 0x55cfcd958dd0 initialized for platform Host (this does not guarantee that XLA will be used). Devices:
2020-08-11 22:28:38.506516: I tensorflow/compiler/xla/service/service.cc:176]   StreamExecutor device (0): Host, Default Version
/home/smaity/.local/lib/python3.6/site-packages/numpy/core/fromnumeric.py:3335: RuntimeWarning: Mean of empty slice.
  out=out, **kwargs)
/home/smaity/.local/lib/python3.6/site-packages/numpy/core/_methods.py:161: RuntimeWarning: invalid value encountered in true_divide
  ret = ret.dtype.type(ret / rcount)
/home/smaity/.local/lib/python3.6/site-packages/numpy/core/_methods.py:217: RuntimeWarning: Degrees of freedom <= 0 for slice
  keepdims=keepdims)
/home/smaity/.local/lib/python3.6/site-packages/numpy/core/_methods.py:186: RuntimeWarning: invalid value encountered in true_divide
  arrmean, rcount, out=arrmean, casting='unsafe', subok=False)
/home/smaity/.local/lib/python3.6/site-packages/numpy/core/_methods.py:209: RuntimeWarning: invalid value encountered in true_divide
  ret = ret.dtype.type(ret / rcount)
(5278, 8)
['sex', 'race', 'priors_count', 'age_cat=25 to 45', 'age_cat=Greater than 45', 'age_cat=Less than 25', 'c_charge_degree=F', 'c_charge_degree=M']
sex
race


Measures for gender

Accuracy is 0.650568
Balanced accuracy is 0.646849
Gap RMS is 0.08522824746961528
Mean absolute gap is 0.08194331061502397
Max gap is 0.10537721793308946
Average odds difference is 0.081943
Equal opportunity difference is 0.105377
Statistical parity difference is 0.128640



Measures for race

Accuracy is 0.650568
Balanced accuracy is 0.646849
Gap RMS is 0.07112872695524804
Mean absolute gap is 0.05505981657320566
Max gap is 0.10008994423457451
Average odds difference is 0.045030
Equal opportunity difference is 0.100090
Statistical parity difference is 0.072845
