SLURM_JOBID:  11570204
SLURM_ARRAY_TASK_ID:  95
SLURM_ARRAY_JOB_ID:  11570108
2020-08-11 22:28:37.822954: W tensorflow/stream_executor/platform/default/dso_loader.cc:55] Could not load dynamic library 'libcuda.so.1'; dlerror: libcuda.so.1: cannot open shared object file: No such file or directory; LD_LIBRARY_PATH: /sw/arcts/centos7/python3.6-anaconda/5.2.0/lib:/opt/slurm/lib64::
2020-08-11 22:28:37.823109: E tensorflow/stream_executor/cuda/cuda_driver.cc:313] failed call to cuInit: UNKNOWN ERROR (303)
2020-08-11 22:28:37.823136: I tensorflow/stream_executor/cuda/cuda_diagnostics.cc:156] kernel driver does not appear to be running on this host (gl3048.arc-ts.umich.edu): /proc/driver/nvidia/version does not exist
2020-08-11 22:28:37.823511: I tensorflow/core/platform/cpu_feature_guard.cc:143] Your CPU supports instructions that this TensorFlow binary was not compiled to use: AVX2 AVX512F FMA
2020-08-11 22:28:37.830727: I tensorflow/core/platform/profile_utils/cpu_utils.cc:102] CPU Frequency: 3000000000 Hz
2020-08-11 22:28:37.830828: I tensorflow/compiler/xla/service/service.cc:168] XLA service 0x55b886940d60 initialized for platform Host (this does not guarantee that XLA will be used). Devices:
2020-08-11 22:28:37.830838: I tensorflow/compiler/xla/service/service.cc:176]   StreamExecutor device (0): Host, Default Version
/home/smaity/.local/lib/python3.6/site-packages/numpy/core/fromnumeric.py:3335: RuntimeWarning: Mean of empty slice.
  out=out, **kwargs)
/home/smaity/.local/lib/python3.6/site-packages/numpy/core/_methods.py:161: RuntimeWarning: invalid value encountered in true_divide
  ret = ret.dtype.type(ret / rcount)
/home/smaity/.local/lib/python3.6/site-packages/numpy/core/_methods.py:217: RuntimeWarning: Degrees of freedom <= 0 for slice
  keepdims=keepdims)
/home/smaity/.local/lib/python3.6/site-packages/numpy/core/_methods.py:186: RuntimeWarning: invalid value encountered in true_divide
  arrmean, rcount, out=arrmean, casting='unsafe', subok=False)
/home/smaity/.local/lib/python3.6/site-packages/numpy/core/_methods.py:209: RuntimeWarning: invalid value encountered in true_divide
  ret = ret.dtype.type(ret / rcount)
(5278, 8)
['sex', 'race', 'priors_count', 'age_cat=25 to 45', 'age_cat=Greater than 45', 'age_cat=Less than 25', 'c_charge_degree=F', 'c_charge_degree=M']
sex
race


Measures for gender

Accuracy is 0.649621
Balanced accuracy is 0.644727
Gap RMS is 0.21689309203371546
Mean absolute gap is 0.19712886992963521
Max gap is 0.28758782201405153
Average odds difference is 0.197129
Equal opportunity difference is 0.287588
Statistical parity difference is 0.212384



Measures for race

Accuracy is 0.649621
Balanced accuracy is 0.644727
Gap RMS is 0.15610159823806632
Mean absolute gap is 0.1396760234303014
Max gap is 0.2093776550552251
Average odds difference is 0.139676
Equal opportunity difference is 0.209378
Statistical parity difference is 0.170570
