SLURM_JOBID:  11570143
SLURM_ARRAY_TASK_ID:  34
SLURM_ARRAY_JOB_ID:  11570108
2020-08-11 22:28:33.486813: W tensorflow/stream_executor/platform/default/dso_loader.cc:55] Could not load dynamic library 'libcuda.so.1'; dlerror: libcuda.so.1: cannot open shared object file: No such file or directory; LD_LIBRARY_PATH: /sw/arcts/centos7/python3.6-anaconda/5.2.0/lib:/opt/slurm/lib64::
2020-08-11 22:28:33.486999: E tensorflow/stream_executor/cuda/cuda_driver.cc:313] failed call to cuInit: UNKNOWN ERROR (303)
2020-08-11 22:28:33.487024: I tensorflow/stream_executor/cuda/cuda_diagnostics.cc:156] kernel driver does not appear to be running on this host (gl3017.arc-ts.umich.edu): /proc/driver/nvidia/version does not exist
2020-08-11 22:28:33.487225: I tensorflow/core/platform/cpu_feature_guard.cc:143] Your CPU supports instructions that this TensorFlow binary was not compiled to use: AVX2 AVX512F FMA
2020-08-11 22:28:33.494295: I tensorflow/core/platform/profile_utils/cpu_utils.cc:102] CPU Frequency: 3000000000 Hz
2020-08-11 22:28:33.494389: I tensorflow/compiler/xla/service/service.cc:168] XLA service 0x55dec37d4cf0 initialized for platform Host (this does not guarantee that XLA will be used). Devices:
2020-08-11 22:28:33.494400: I tensorflow/compiler/xla/service/service.cc:176]   StreamExecutor device (0): Host, Default Version
WARNING:tensorflow:No training configuration found in save file, so the model was *not* compiled. Compile it manually.
(5278, 8)
['sex', 'race', 'priors_count', 'age_cat=25 to 45', 'age_cat=Greater than 45', 'age_cat=Less than 25', 'c_charge_degree=F', 'c_charge_degree=M']
sex
race


Measures for gender

Accuracy is 0.635417
Balanced accuracy is 0.632314
Gap RMS is 0.11248294210764789
Mean absolute gap is 0.08166522864538395
Max gap is 0.15901639344262297
Average odds difference is 0.081665
Equal opportunity difference is 0.159016
Statistical parity difference is 0.097801



Measures for race

Accuracy is 0.635417
Balanced accuracy is 0.632314
Gap RMS is 0.23488481417795623
Mean absolute gap is 0.22591823028228844
Max gap is 0.29019753610875104
Average odds difference is 0.225918
Equal opportunity difference is 0.290198
Statistical parity difference is 0.252207
