SLURM_JOBID:  11569970
SLURM_ARRAY_TASK_ID:  67
SLURM_ARRAY_JOB_ID:  11569902
2020-08-11 22:20:23.053709: W tensorflow/stream_executor/platform/default/dso_loader.cc:55] Could not load dynamic library 'libcuda.so.1'; dlerror: libcuda.so.1: cannot open shared object file: No such file or directory; LD_LIBRARY_PATH: /sw/arcts/centos7/python3.6-anaconda/5.2.0/lib:/opt/slurm/lib64::
2020-08-11 22:20:23.053895: E tensorflow/stream_executor/cuda/cuda_driver.cc:313] failed call to cuInit: UNKNOWN ERROR (303)
2020-08-11 22:20:23.053915: I tensorflow/stream_executor/cuda/cuda_diagnostics.cc:156] kernel driver does not appear to be running on this host (gl3047.arc-ts.umich.edu): /proc/driver/nvidia/version does not exist
2020-08-11 22:20:23.054228: I tensorflow/core/platform/cpu_feature_guard.cc:143] Your CPU supports instructions that this TensorFlow binary was not compiled to use: AVX2 AVX512F FMA
2020-08-11 22:20:23.061315: I tensorflow/core/platform/profile_utils/cpu_utils.cc:102] CPU Frequency: 3000000000 Hz
2020-08-11 22:20:23.061410: I tensorflow/compiler/xla/service/service.cc:168] XLA service 0x557473027e10 initialized for platform Host (this does not guarantee that XLA will be used). Devices:
2020-08-11 22:20:23.061421: I tensorflow/compiler/xla/service/service.cc:176]   StreamExecutor device (0): Host, Default Version
(5278, 8)
['sex', 'race', 'priors_count', 'age_cat=25 to 45', 'age_cat=Greater than 45', 'age_cat=Less than 25', 'c_charge_degree=F', 'c_charge_degree=M']
sex
race


Measures for gender

Accuracy is 0.668561
Balanced accuracy is 0.664848
Gap RMS is 0.11700684994894364
Mean absolute gap is 0.10328165225490207
Max gap is 0.15826804368471037
Average odds difference is 0.103282
Equal opportunity difference is 0.158268
Statistical parity difference is 0.133823



Measures for race

Accuracy is 0.668561
Balanced accuracy is 0.664848
Gap RMS is 0.20895454488966111
Mean absolute gap is 0.2065923434008883
Max gap is 0.23792292715183128
Average odds difference is 0.206592
Equal opportunity difference is 0.237923
Statistical parity difference is 0.237673
