SLURM_JOBID:  11570543
SLURM_ARRAY_TASK_ID:  94
SLURM_ARRAY_JOB_ID:  11570448
2020-08-11 22:43:37.542000: W tensorflow/stream_executor/platform/default/dso_loader.cc:55] Could not load dynamic library 'libcuda.so.1'; dlerror: libcuda.so.1: cannot open shared object file: No such file or directory; LD_LIBRARY_PATH: /sw/arcts/centos7/python3.6-anaconda/5.2.0/lib:/opt/slurm/lib64::
2020-08-11 22:43:37.542167: E tensorflow/stream_executor/cuda/cuda_driver.cc:313] failed call to cuInit: UNKNOWN ERROR (303)
2020-08-11 22:43:37.542189: I tensorflow/stream_executor/cuda/cuda_diagnostics.cc:156] kernel driver does not appear to be running on this host (gl3043.arc-ts.umich.edu): /proc/driver/nvidia/version does not exist
2020-08-11 22:43:37.542376: I tensorflow/core/platform/cpu_feature_guard.cc:143] Your CPU supports instructions that this TensorFlow binary was not compiled to use: AVX2 AVX512F FMA
2020-08-11 22:43:37.549405: I tensorflow/core/platform/profile_utils/cpu_utils.cc:102] CPU Frequency: 3000000000 Hz
2020-08-11 22:43:37.549495: I tensorflow/compiler/xla/service/service.cc:168] XLA service 0x5646f31c8080 initialized for platform Host (this does not guarantee that XLA will be used). Devices:
2020-08-11 22:43:37.549506: I tensorflow/compiler/xla/service/service.cc:176]   StreamExecutor device (0): Host, Default Version
WARNING:tensorflow:No training configuration found in save file, so the model was *not* compiled. Compile it manually.
/home/smaity/.local/lib/python3.6/site-packages/numpy/core/fromnumeric.py:3335: RuntimeWarning: Mean of empty slice.
  out=out, **kwargs)
/home/smaity/.local/lib/python3.6/site-packages/numpy/core/_methods.py:161: RuntimeWarning: invalid value encountered in true_divide
  ret = ret.dtype.type(ret / rcount)
/home/smaity/.local/lib/python3.6/site-packages/numpy/core/_methods.py:217: RuntimeWarning: Degrees of freedom <= 0 for slice
  keepdims=keepdims)
/home/smaity/.local/lib/python3.6/site-packages/numpy/core/_methods.py:186: RuntimeWarning: invalid value encountered in true_divide
  arrmean, rcount, out=arrmean, casting='unsafe', subok=False)
/home/smaity/.local/lib/python3.6/site-packages/numpy/core/_methods.py:209: RuntimeWarning: invalid value encountered in true_divide
  ret = ret.dtype.type(ret / rcount)
(5278, 8)
['sex', 'race', 'priors_count', 'age_cat=25 to 45', 'age_cat=Greater than 45', 'age_cat=Less than 25', 'c_charge_degree=F', 'c_charge_degree=M']
sex
race


Measures for gender

Accuracy is 0.631629
Balanced accuracy is 0.630076
Gap RMS is 0.0684501273280124
Mean absolute gap is 0.06761887256631269
Max gap is 0.07825409725044019
Average odds difference is 0.067619
Equal opportunity difference is 0.078254
Statistical parity difference is 0.111960



Measures for race

Accuracy is 0.631629
Balanced accuracy is 0.630076
Gap RMS is 0.16533656260986446
Mean absolute gap is 0.16243966381220562
Max gap is 0.19325418240690773
Average odds difference is 0.162440
Equal opportunity difference is 0.193254
Statistical parity difference is 0.187366
