SLURM_JOBID:  11570454
SLURM_ARRAY_TASK_ID:  5
SLURM_ARRAY_JOB_ID:  11570448
2020-08-11 22:43:30.688343: W tensorflow/stream_executor/platform/default/dso_loader.cc:55] Could not load dynamic library 'libcuda.so.1'; dlerror: libcuda.so.1: cannot open shared object file: No such file or directory; LD_LIBRARY_PATH: /sw/arcts/centos7/python3.6-anaconda/5.2.0/lib:/opt/slurm/lib64::
2020-08-11 22:43:30.688673: E tensorflow/stream_executor/cuda/cuda_driver.cc:313] failed call to cuInit: UNKNOWN ERROR (303)
2020-08-11 22:43:30.688695: I tensorflow/stream_executor/cuda/cuda_diagnostics.cc:156] kernel driver does not appear to be running on this host (gl3075.arc-ts.umich.edu): /proc/driver/nvidia/version does not exist
2020-08-11 22:43:30.688888: I tensorflow/core/platform/cpu_feature_guard.cc:143] Your CPU supports instructions that this TensorFlow binary was not compiled to use: AVX2 AVX512F FMA
2020-08-11 22:43:30.695840: I tensorflow/core/platform/profile_utils/cpu_utils.cc:102] CPU Frequency: 3000000000 Hz
2020-08-11 22:43:30.695943: I tensorflow/compiler/xla/service/service.cc:168] XLA service 0x556017715aa0 initialized for platform Host (this does not guarantee that XLA will be used). Devices:
2020-08-11 22:43:30.695954: I tensorflow/compiler/xla/service/service.cc:176]   StreamExecutor device (0): Host, Default Version
WARNING:tensorflow:No training configuration found in save file, so the model was *not* compiled. Compile it manually.
(5278, 8)
['sex', 'race', 'priors_count', 'age_cat=25 to 45', 'age_cat=Greater than 45', 'age_cat=Less than 25', 'c_charge_degree=F', 'c_charge_degree=M']
sex
race


Measures for gender

Accuracy is 0.684659
Balanced accuracy is 0.682843
Gap RMS is 0.28401839209018337
Mean absolute gap is 0.27597414777142426
Max gap is 0.3430913348946136
Average odds difference is 0.275974
Equal opportunity difference is 0.343091
Statistical parity difference is 0.305556



Measures for race

Accuracy is 0.684659
Balanced accuracy is 0.682843
Gap RMS is 0.3026901154553862
Mean absolute gap is 0.2962486886769498
Max gap is 0.35836165392240155
Average odds difference is 0.296249
Equal opportunity difference is 0.358362
Statistical parity difference is 0.335578
