SLURM_JOBID:  11570562
SLURM_ARRAY_TASK_ID:  113
SLURM_ARRAY_JOB_ID:  11570448
2020-08-11 22:43:37.518135: W tensorflow/stream_executor/platform/default/dso_loader.cc:55] Could not load dynamic library 'libcuda.so.1'; dlerror: libcuda.so.1: cannot open shared object file: No such file or directory; LD_LIBRARY_PATH: /sw/arcts/centos7/python3.6-anaconda/5.2.0/lib:/opt/slurm/lib64::
2020-08-11 22:43:37.518298: E tensorflow/stream_executor/cuda/cuda_driver.cc:313] failed call to cuInit: UNKNOWN ERROR (303)
2020-08-11 22:43:37.518320: I tensorflow/stream_executor/cuda/cuda_diagnostics.cc:156] kernel driver does not appear to be running on this host (gl3043.arc-ts.umich.edu): /proc/driver/nvidia/version does not exist
2020-08-11 22:43:37.518673: I tensorflow/core/platform/cpu_feature_guard.cc:143] Your CPU supports instructions that this TensorFlow binary was not compiled to use: AVX2 AVX512F FMA
2020-08-11 22:43:37.526007: I tensorflow/core/platform/profile_utils/cpu_utils.cc:102] CPU Frequency: 3000000000 Hz
2020-08-11 22:43:37.526128: I tensorflow/compiler/xla/service/service.cc:168] XLA service 0x55d4afcf7e60 initialized for platform Host (this does not guarantee that XLA will be used). Devices:
2020-08-11 22:43:37.526140: I tensorflow/compiler/xla/service/service.cc:176]   StreamExecutor device (0): Host, Default Version
(5278, 8)
['sex', 'race', 'priors_count', 'age_cat=25 to 45', 'age_cat=Greater than 45', 'age_cat=Less than 25', 'c_charge_degree=F', 'c_charge_degree=M']
sex
race


Measures for gender

Accuracy is 0.635417
Balanced accuracy is 0.632538
Gap RMS is 0.06112561843017982
Mean absolute gap is 0.06020144104495123
Max gap is 0.07079047898912727
Average odds difference is 0.010589
Equal opportunity difference is 0.070790
Statistical parity difference is 0.026720



Measures for race

Accuracy is 0.635417
Balanced accuracy is 0.632538
Gap RMS is 0.2245900102176027
Mean absolute gap is 0.22099506398237767
Max gap is 0.26101823708206684
Average odds difference is 0.220995
Equal opportunity difference is 0.261018
Statistical parity difference is 0.243389
