SLURM_JOBID:  11569977
SLURM_ARRAY_TASK_ID:  74
SLURM_ARRAY_JOB_ID:  11569902
2020-08-11 22:20:23.050412: W tensorflow/stream_executor/platform/default/dso_loader.cc:55] Could not load dynamic library 'libcuda.so.1'; dlerror: libcuda.so.1: cannot open shared object file: No such file or directory; LD_LIBRARY_PATH: /sw/arcts/centos7/python3.6-anaconda/5.2.0/lib:/opt/slurm/lib64::
2020-08-11 22:20:23.050592: E tensorflow/stream_executor/cuda/cuda_driver.cc:313] failed call to cuInit: UNKNOWN ERROR (303)
2020-08-11 22:20:23.050618: I tensorflow/stream_executor/cuda/cuda_diagnostics.cc:156] kernel driver does not appear to be running on this host (gl3047.arc-ts.umich.edu): /proc/driver/nvidia/version does not exist
2020-08-11 22:20:23.050969: I tensorflow/core/platform/cpu_feature_guard.cc:143] Your CPU supports instructions that this TensorFlow binary was not compiled to use: AVX2 AVX512F FMA
2020-08-11 22:20:23.058202: I tensorflow/core/platform/profile_utils/cpu_utils.cc:102] CPU Frequency: 3000000000 Hz
2020-08-11 22:20:23.058306: I tensorflow/compiler/xla/service/service.cc:168] XLA service 0x5633173620c0 initialized for platform Host (this does not guarantee that XLA will be used). Devices:
2020-08-11 22:20:23.058317: I tensorflow/compiler/xla/service/service.cc:176]   StreamExecutor device (0): Host, Default Version
(5278, 8)
['sex', 'race', 'priors_count', 'age_cat=25 to 45', 'age_cat=Greater than 45', 'age_cat=Less than 25', 'c_charge_degree=F', 'c_charge_degree=M']
sex
race


Measures for gender

Accuracy is 0.679924
Balanced accuracy is 0.673126
Gap RMS is 0.02145725890927283
Mean absolute gap is 0.021435684796328514
Max gap is 0.022397650082614295
Average odds difference is 0.021436
Equal opportunity difference is 0.022398
Statistical parity difference is 0.064707



Measures for race

Accuracy is 0.679924
Balanced accuracy is 0.673126
Gap RMS is 0.11440180738024563
Mean absolute gap is 0.11199130845865794
Max gap is 0.135351966873706
Average odds difference is 0.111991
Equal opportunity difference is 0.135352
Statistical parity difference is 0.161453
