SLURM_JOBID:  11570180
SLURM_ARRAY_TASK_ID:  71
SLURM_ARRAY_JOB_ID:  11570108
2020-08-11 22:28:37.608160: W tensorflow/stream_executor/platform/default/dso_loader.cc:55] Could not load dynamic library 'libcuda.so.1'; dlerror: libcuda.so.1: cannot open shared object file: No such file or directory; LD_LIBRARY_PATH: /sw/arcts/centos7/python3.6-anaconda/5.2.0/lib:/opt/slurm/lib64::
2020-08-11 22:28:37.608326: E tensorflow/stream_executor/cuda/cuda_driver.cc:313] failed call to cuInit: UNKNOWN ERROR (303)
2020-08-11 22:28:37.608346: I tensorflow/stream_executor/cuda/cuda_diagnostics.cc:156] kernel driver does not appear to be running on this host (gl3043.arc-ts.umich.edu): /proc/driver/nvidia/version does not exist
2020-08-11 22:28:37.608658: I tensorflow/core/platform/cpu_feature_guard.cc:143] Your CPU supports instructions that this TensorFlow binary was not compiled to use: AVX2 AVX512F FMA
2020-08-11 22:28:37.615868: I tensorflow/core/platform/profile_utils/cpu_utils.cc:102] CPU Frequency: 3000000000 Hz
2020-08-11 22:28:37.615958: I tensorflow/compiler/xla/service/service.cc:168] XLA service 0x564f30d6cf60 initialized for platform Host (this does not guarantee that XLA will be used). Devices:
2020-08-11 22:28:37.615969: I tensorflow/compiler/xla/service/service.cc:176]   StreamExecutor device (0): Host, Default Version
(5278, 8)
['sex', 'race', 'priors_count', 'age_cat=25 to 45', 'age_cat=Greater than 45', 'age_cat=Less than 25', 'c_charge_degree=F', 'c_charge_degree=M']
sex
race


Measures for gender

Accuracy is 0.656250
Balanced accuracy is 0.654894
Gap RMS is 0.10637004883984423
Mean absolute gap is 0.08018689255513042
Max gap is 0.15007716049382713
Average odds difference is 0.080187
Equal opportunity difference is 0.150077
Statistical parity difference is 0.105205



Measures for race

Accuracy is 0.656250
Balanced accuracy is 0.654894
Gap RMS is 0.2585786005655041
Mean absolute gap is 0.2560763714417811
Max gap is 0.2919620880937512
Average odds difference is 0.256076
Equal opportunity difference is 0.291962
Statistical parity difference is 0.283820
