SLURM_JOBID:  11570547
SLURM_ARRAY_TASK_ID:  98
SLURM_ARRAY_JOB_ID:  11570448
2020-08-11 22:43:37.539935: W tensorflow/stream_executor/platform/default/dso_loader.cc:55] Could not load dynamic library 'libcuda.so.1'; dlerror: libcuda.so.1: cannot open shared object file: No such file or directory; LD_LIBRARY_PATH: /sw/arcts/centos7/python3.6-anaconda/5.2.0/lib:/opt/slurm/lib64::
2020-08-11 22:43:37.540111: E tensorflow/stream_executor/cuda/cuda_driver.cc:313] failed call to cuInit: UNKNOWN ERROR (303)
2020-08-11 22:43:37.540133: I tensorflow/stream_executor/cuda/cuda_diagnostics.cc:156] kernel driver does not appear to be running on this host (gl3043.arc-ts.umich.edu): /proc/driver/nvidia/version does not exist
2020-08-11 22:43:37.540321: I tensorflow/core/platform/cpu_feature_guard.cc:143] Your CPU supports instructions that this TensorFlow binary was not compiled to use: AVX2 AVX512F FMA
2020-08-11 22:43:37.547324: I tensorflow/core/platform/profile_utils/cpu_utils.cc:102] CPU Frequency: 3000000000 Hz
2020-08-11 22:43:37.547427: I tensorflow/compiler/xla/service/service.cc:168] XLA service 0x55b4cf483d80 initialized for platform Host (this does not guarantee that XLA will be used). Devices:
2020-08-11 22:43:37.547438: I tensorflow/compiler/xla/service/service.cc:176]   StreamExecutor device (0): Host, Default Version
WARNING:tensorflow:No training configuration found in save file, so the model was *not* compiled. Compile it manually.
(5278, 8)
['sex', 'race', 'priors_count', 'age_cat=25 to 45', 'age_cat=Greater than 45', 'age_cat=Less than 25', 'c_charge_degree=F', 'c_charge_degree=M']
sex
race


Measures for gender

Accuracy is 0.645833
Balanced accuracy is 0.643827
Gap RMS is 0.05337158427862852
Mean absolute gap is 0.04694263366075099
Max gap is 0.07233781338847245
Average odds difference is 0.046943
Equal opportunity difference is 0.072338
Statistical parity difference is 0.089713



Measures for race

Accuracy is 0.645833
Balanced accuracy is 0.643827
Gap RMS is 0.23865675190171226
Mean absolute gap is 0.23761971434634582
Max gap is 0.259843948466703
Average odds difference is 0.237620
Equal opportunity difference is 0.259844
Statistical parity difference is 0.271016
