SLURM_JOBID:  11570215
SLURM_ARRAY_TASK_ID:  106
SLURM_ARRAY_JOB_ID:  11570108
2020-08-11 22:28:39.635715: W tensorflow/stream_executor/platform/default/dso_loader.cc:55] Could not load dynamic library 'libcuda.so.1'; dlerror: libcuda.so.1: cannot open shared object file: No such file or directory; LD_LIBRARY_PATH: /sw/arcts/centos7/python3.6-anaconda/5.2.0/lib:/opt/slurm/lib64::
2020-08-11 22:28:39.635884: E tensorflow/stream_executor/cuda/cuda_driver.cc:313] failed call to cuInit: UNKNOWN ERROR (303)
2020-08-11 22:28:39.635905: I tensorflow/stream_executor/cuda/cuda_diagnostics.cc:156] kernel driver does not appear to be running on this host (gl3047.arc-ts.umich.edu): /proc/driver/nvidia/version does not exist
2020-08-11 22:28:39.636222: I tensorflow/core/platform/cpu_feature_guard.cc:143] Your CPU supports instructions that this TensorFlow binary was not compiled to use: AVX2 AVX512F FMA
2020-08-11 22:28:39.643343: I tensorflow/core/platform/profile_utils/cpu_utils.cc:102] CPU Frequency: 3000000000 Hz
2020-08-11 22:28:39.643434: I tensorflow/compiler/xla/service/service.cc:168] XLA service 0x55a04151c450 initialized for platform Host (this does not guarantee that XLA will be used). Devices:
2020-08-11 22:28:39.643445: I tensorflow/compiler/xla/service/service.cc:176]   StreamExecutor device (0): Host, Default Version
(5278, 8)
['sex', 'race', 'priors_count', 'age_cat=25 to 45', 'age_cat=Greater than 45', 'age_cat=Less than 25', 'c_charge_degree=F', 'c_charge_degree=M']
sex
race


Measures for gender

Accuracy is 0.660038
Balanced accuracy is 0.655347
Gap RMS is 0.0582836177263183
Mean absolute gap is 0.056024976210876556
Max gap is 0.07209302325581393
Average odds difference is 0.056025
Equal opportunity difference is 0.039957
Statistical parity difference is 0.089287



Measures for race

Accuracy is 0.660038
Balanced accuracy is 0.655347
Gap RMS is 0.19022323686775808
Mean absolute gap is 0.18084061270514024
Max gap is 0.23984529591653175
Average odds difference is 0.180841
Equal opportunity difference is 0.239845
Statistical parity difference is 0.216561
