SLURM_JOBID:  11570631
SLURM_ARRAY_TASK_ID:  182
SLURM_ARRAY_JOB_ID:  11570448
2020-08-11 22:43:41.425236: W tensorflow/stream_executor/platform/default/dso_loader.cc:55] Could not load dynamic library 'libcuda.so.1'; dlerror: libcuda.so.1: cannot open shared object file: No such file or directory; LD_LIBRARY_PATH: /sw/arcts/centos7/python3.6-anaconda/5.2.0/lib:/opt/slurm/lib64::
2020-08-11 22:43:41.425375: E tensorflow/stream_executor/cuda/cuda_driver.cc:313] failed call to cuInit: UNKNOWN ERROR (303)
2020-08-11 22:43:41.425398: I tensorflow/stream_executor/cuda/cuda_diagnostics.cc:156] kernel driver does not appear to be running on this host (gl3052.arc-ts.umich.edu): /proc/driver/nvidia/version does not exist
2020-08-11 22:43:41.425727: I tensorflow/core/platform/cpu_feature_guard.cc:143] Your CPU supports instructions that this TensorFlow binary was not compiled to use: AVX2 AVX512F FMA
2020-08-11 22:43:41.432867: I tensorflow/core/platform/profile_utils/cpu_utils.cc:102] CPU Frequency: 3000000000 Hz
2020-08-11 22:43:41.432959: I tensorflow/compiler/xla/service/service.cc:168] XLA service 0x5575ccd7abb0 initialized for platform Host (this does not guarantee that XLA will be used). Devices:
2020-08-11 22:43:41.432969: I tensorflow/compiler/xla/service/service.cc:176]   StreamExecutor device (0): Host, Default Version
(5278, 8)
['sex', 'race', 'priors_count', 'age_cat=25 to 45', 'age_cat=Greater than 45', 'age_cat=Less than 25', 'c_charge_degree=F', 'c_charge_degree=M']
sex
race


Measures for gender

Accuracy is 0.660985
Balanced accuracy is 0.656242
Gap RMS is 0.16266023908716065
Mean absolute gap is 0.14606493320977992
Max gap is 0.21764278359881295
Average odds difference is 0.146065
Equal opportunity difference is 0.217643
Statistical parity difference is 0.157407



Measures for race

Accuracy is 0.660985
Balanced accuracy is 0.656242
Gap RMS is 0.2330634120126825
Mean absolute gap is 0.22140354623408492
Max gap is 0.29419793979543557
Average odds difference is 0.221404
Equal opportunity difference is 0.294198
Statistical parity difference is 0.255528
