SLURM_JOBID:  11570464
SLURM_ARRAY_TASK_ID:  15
SLURM_ARRAY_JOB_ID:  11570448
2020-08-11 22:43:30.903965: W tensorflow/stream_executor/platform/default/dso_loader.cc:55] Could not load dynamic library 'libcuda.so.1'; dlerror: libcuda.so.1: cannot open shared object file: No such file or directory; LD_LIBRARY_PATH: /sw/arcts/centos7/python3.6-anaconda/5.2.0/lib:/opt/slurm/lib64::
2020-08-11 22:43:30.904132: E tensorflow/stream_executor/cuda/cuda_driver.cc:313] failed call to cuInit: UNKNOWN ERROR (303)
2020-08-11 22:43:30.904162: I tensorflow/stream_executor/cuda/cuda_diagnostics.cc:156] kernel driver does not appear to be running on this host (gl3338.arc-ts.umich.edu): /proc/driver/nvidia/version does not exist
2020-08-11 22:43:30.904383: I tensorflow/core/platform/cpu_feature_guard.cc:143] Your CPU supports instructions that this TensorFlow binary was not compiled to use: AVX2 AVX512F FMA
2020-08-11 22:43:30.912106: I tensorflow/core/platform/profile_utils/cpu_utils.cc:102] CPU Frequency: 3000000000 Hz
2020-08-11 22:43:30.912220: I tensorflow/compiler/xla/service/service.cc:168] XLA service 0x55bfda1e1f40 initialized for platform Host (this does not guarantee that XLA will be used). Devices:
2020-08-11 22:43:30.912231: I tensorflow/compiler/xla/service/service.cc:176]   StreamExecutor device (0): Host, Default Version
WARNING:tensorflow:No training configuration found in save file, so the model was *not* compiled. Compile it manually.
(5278, 8)
['sex', 'race', 'priors_count', 'age_cat=25 to 45', 'age_cat=Greater than 45', 'age_cat=Less than 25', 'c_charge_degree=F', 'c_charge_degree=M']
sex
race


Measures for gender

Accuracy is 0.690341
Balanced accuracy is 0.689772
Gap RMS is 0.27328219957368466
Mean absolute gap is 0.2702199712541797
Max gap is 0.31101614434947766
Average odds difference is 0.270220
Equal opportunity difference is 0.311016
Statistical parity difference is 0.308418



Measures for race

Accuracy is 0.690341
Balanced accuracy is 0.689772
Gap RMS is 0.2883282822901543
Mean absolute gap is 0.28659363662657017
Max gap is 0.31817346901289445
Average odds difference is 0.286594
Equal opportunity difference is 0.318173
Statistical parity difference is 0.322289
