SLURM_JOBID:  11570497
SLURM_ARRAY_TASK_ID:  48
SLURM_ARRAY_JOB_ID:  11570448
2020-08-11 22:43:31.634199: W tensorflow/stream_executor/platform/default/dso_loader.cc:55] Could not load dynamic library 'libcuda.so.1'; dlerror: libcuda.so.1: cannot open shared object file: No such file or directory; LD_LIBRARY_PATH: /sw/arcts/centos7/python3.6-anaconda/5.2.0/lib:/opt/slurm/lib64::
2020-08-11 22:43:31.634371: E tensorflow/stream_executor/cuda/cuda_driver.cc:313] failed call to cuInit: UNKNOWN ERROR (303)
2020-08-11 22:43:31.634399: I tensorflow/stream_executor/cuda/cuda_diagnostics.cc:156] kernel driver does not appear to be running on this host (gl3031.arc-ts.umich.edu): /proc/driver/nvidia/version does not exist
2020-08-11 22:43:31.634603: I tensorflow/core/platform/cpu_feature_guard.cc:143] Your CPU supports instructions that this TensorFlow binary was not compiled to use: AVX2 AVX512F FMA
2020-08-11 22:43:31.641846: I tensorflow/core/platform/profile_utils/cpu_utils.cc:102] CPU Frequency: 3000000000 Hz
2020-08-11 22:43:31.641949: I tensorflow/compiler/xla/service/service.cc:168] XLA service 0x55f40fd7a2b0 initialized for platform Host (this does not guarantee that XLA will be used). Devices:
2020-08-11 22:43:31.641961: I tensorflow/compiler/xla/service/service.cc:176]   StreamExecutor device (0): Host, Default Version
WARNING:tensorflow:No training configuration found in save file, so the model was *not* compiled. Compile it manually.
(5278, 8)
['sex', 'race', 'priors_count', 'age_cat=25 to 45', 'age_cat=Greater than 45', 'age_cat=Less than 25', 'c_charge_degree=F', 'c_charge_degree=M']
sex
race


Measures for gender

Accuracy is 0.682765
Balanced accuracy is 0.680608
Gap RMS is 0.2084511604141286
Mean absolute gap is 0.2084509086628426
Max gap is 0.20877487722925825
Average odds difference is 0.208451
Equal opportunity difference is 0.208775
Statistical parity difference is 0.267464



Measures for race

Accuracy is 0.682765
Balanced accuracy is 0.680608
Gap RMS is 0.27353160552415523
Mean absolute gap is 0.2718239560939754
Max gap is 0.30234077299945566
Average odds difference is 0.271824
Equal opportunity difference is 0.302341
Statistical parity difference is 0.313979
