SLURM_JOBID:  11570569
SLURM_ARRAY_TASK_ID:  120
SLURM_ARRAY_JOB_ID:  11570448
2020-08-11 22:43:33.288006: W tensorflow/stream_executor/platform/default/dso_loader.cc:55] Could not load dynamic library 'libcuda.so.1'; dlerror: libcuda.so.1: cannot open shared object file: No such file or directory; LD_LIBRARY_PATH: /sw/arcts/centos7/python3.6-anaconda/5.2.0/lib:/opt/slurm/lib64::
2020-08-11 22:43:33.288234: E tensorflow/stream_executor/cuda/cuda_driver.cc:313] failed call to cuInit: UNKNOWN ERROR (303)
2020-08-11 22:43:33.288271: I tensorflow/stream_executor/cuda/cuda_diagnostics.cc:156] kernel driver does not appear to be running on this host (gl3048.arc-ts.umich.edu): /proc/driver/nvidia/version does not exist
2020-08-11 22:43:33.288656: I tensorflow/core/platform/cpu_feature_guard.cc:143] Your CPU supports instructions that this TensorFlow binary was not compiled to use: AVX2 AVX512F FMA
2020-08-11 22:43:33.296151: I tensorflow/core/platform/profile_utils/cpu_utils.cc:102] CPU Frequency: 3000000000 Hz
2020-08-11 22:43:33.296254: I tensorflow/compiler/xla/service/service.cc:168] XLA service 0x560366cfe3a0 initialized for platform Host (this does not guarantee that XLA will be used). Devices:
2020-08-11 22:43:33.296264: I tensorflow/compiler/xla/service/service.cc:176]   StreamExecutor device (0): Host, Default Version
(5278, 8)
['sex', 'race', 'priors_count', 'age_cat=25 to 45', 'age_cat=Greater than 45', 'age_cat=Less than 25', 'c_charge_degree=F', 'c_charge_degree=M']
sex
race


Measures for gender

Accuracy is 0.617424
Balanced accuracy is 0.612977
Gap RMS is 0.09727565243891413
Mean absolute gap is 0.07917773817589718
Max gap is 0.13568825343425855
Average odds difference is 0.079178
Equal opportunity difference is 0.135688
Statistical parity difference is 0.091683



Measures for race

Accuracy is 0.617424
Balanced accuracy is 0.612977
Gap RMS is 0.24070489118742616
Mean absolute gap is 0.24068687945323522
Max gap is 0.24363148479427543
Average odds difference is 0.240687
Equal opportunity difference is 0.243631
Statistical parity difference is 0.269319
