SLURM_JOBID:  11570170
SLURM_ARRAY_TASK_ID:  61
SLURM_ARRAY_JOB_ID:  11570108
2020-08-11 22:28:36.072101: W tensorflow/stream_executor/platform/default/dso_loader.cc:55] Could not load dynamic library 'libcuda.so.1'; dlerror: libcuda.so.1: cannot open shared object file: No such file or directory; LD_LIBRARY_PATH: /sw/arcts/centos7/python3.6-anaconda/5.2.0/lib:/opt/slurm/lib64::
2020-08-11 22:28:36.072280: E tensorflow/stream_executor/cuda/cuda_driver.cc:313] failed call to cuInit: UNKNOWN ERROR (303)
2020-08-11 22:28:36.072309: I tensorflow/stream_executor/cuda/cuda_diagnostics.cc:156] kernel driver does not appear to be running on this host (gl3045.arc-ts.umich.edu): /proc/driver/nvidia/version does not exist
2020-08-11 22:28:36.072665: I tensorflow/core/platform/cpu_feature_guard.cc:143] Your CPU supports instructions that this TensorFlow binary was not compiled to use: AVX2 AVX512F FMA
2020-08-11 22:28:36.080484: I tensorflow/core/platform/profile_utils/cpu_utils.cc:102] CPU Frequency: 3000000000 Hz
2020-08-11 22:28:36.080590: I tensorflow/compiler/xla/service/service.cc:168] XLA service 0x55e1cd338710 initialized for platform Host (this does not guarantee that XLA will be used). Devices:
2020-08-11 22:28:36.080602: I tensorflow/compiler/xla/service/service.cc:176]   StreamExecutor device (0): Host, Default Version
(5278, 8)
['sex', 'race', 'priors_count', 'age_cat=25 to 45', 'age_cat=Greater than 45', 'age_cat=Less than 25', 'c_charge_degree=F', 'c_charge_degree=M']
sex
race


Measures for gender

Accuracy is 0.642045
Balanced accuracy is 0.641812
Gap RMS is 0.057190876523381666
Mean absolute gap is 0.05377594023319668
Max gap is 0.07324243990695278
Average odds difference is 0.053776
Equal opportunity difference is 0.073242
Statistical parity difference is 0.095106



Measures for race

Accuracy is 0.642045
Balanced accuracy is 0.641812
Gap RMS is 0.18765971087171193
Mean absolute gap is 0.18765964680251054
Max gap is 0.18781471585654091
Average odds difference is 0.187660
Equal opportunity difference is 0.187505
Statistical parity difference is 0.225066
