SLURM_JOBID:  11570581
SLURM_ARRAY_TASK_ID:  132
SLURM_ARRAY_JOB_ID:  11570448
2020-08-11 22:43:35.313096: W tensorflow/stream_executor/platform/default/dso_loader.cc:55] Could not load dynamic library 'libcuda.so.1'; dlerror: libcuda.so.1: cannot open shared object file: No such file or directory; LD_LIBRARY_PATH: /sw/arcts/centos7/python3.6-anaconda/5.2.0/lib:/opt/slurm/lib64::
2020-08-11 22:43:35.313233: E tensorflow/stream_executor/cuda/cuda_driver.cc:313] failed call to cuInit: UNKNOWN ERROR (303)
2020-08-11 22:43:35.313254: I tensorflow/stream_executor/cuda/cuda_diagnostics.cc:156] kernel driver does not appear to be running on this host (gl3047.arc-ts.umich.edu): /proc/driver/nvidia/version does not exist
2020-08-11 22:43:35.313575: I tensorflow/core/platform/cpu_feature_guard.cc:143] Your CPU supports instructions that this TensorFlow binary was not compiled to use: AVX2 AVX512F FMA
2020-08-11 22:43:35.320706: I tensorflow/core/platform/profile_utils/cpu_utils.cc:102] CPU Frequency: 3000000000 Hz
2020-08-11 22:43:35.320799: I tensorflow/compiler/xla/service/service.cc:168] XLA service 0x56001ba27dd0 initialized for platform Host (this does not guarantee that XLA will be used). Devices:
2020-08-11 22:43:35.320810: I tensorflow/compiler/xla/service/service.cc:176]   StreamExecutor device (0): Host, Default Version
(5278, 8)
['sex', 'race', 'priors_count', 'age_cat=25 to 45', 'age_cat=Greater than 45', 'age_cat=Less than 25', 'c_charge_degree=F', 'c_charge_degree=M']
sex
race


Measures for gender

Accuracy is 0.654356
Balanced accuracy is 0.653663
Gap RMS is 0.07198662179067247
Mean absolute gap is 0.05711344493302997
Max gap is 0.10093271152564964
Average odds difference is 0.043819
Equal opportunity difference is 0.100933
Statistical parity difference is 0.057292



Measures for race

Accuracy is 0.654356
Balanced accuracy is 0.653663
Gap RMS is 0.2382085180981069
Mean absolute gap is 0.23220342968516527
Max gap is 0.28535289193025876
Average odds difference is 0.232203
Equal opportunity difference is 0.285353
Statistical parity difference is 0.267533
