SLURM_JOBID:  11570510
SLURM_ARRAY_TASK_ID:  61
SLURM_ARRAY_JOB_ID:  11570448
2020-08-11 22:43:32.958783: W tensorflow/stream_executor/platform/default/dso_loader.cc:55] Could not load dynamic library 'libcuda.so.1'; dlerror: libcuda.so.1: cannot open shared object file: No such file or directory; LD_LIBRARY_PATH: /sw/arcts/centos7/python3.6-anaconda/5.2.0/lib:/opt/slurm/lib64::
2020-08-11 22:43:32.959081: E tensorflow/stream_executor/cuda/cuda_driver.cc:313] failed call to cuInit: UNKNOWN ERROR (303)
2020-08-11 22:43:32.959103: I tensorflow/stream_executor/cuda/cuda_diagnostics.cc:156] kernel driver does not appear to be running on this host (gl3032.arc-ts.umich.edu): /proc/driver/nvidia/version does not exist
2020-08-11 22:43:32.959286: I tensorflow/core/platform/cpu_feature_guard.cc:143] Your CPU supports instructions that this TensorFlow binary was not compiled to use: AVX2 AVX512F FMA
2020-08-11 22:43:32.966199: I tensorflow/core/platform/profile_utils/cpu_utils.cc:102] CPU Frequency: 3000000000 Hz
2020-08-11 22:43:32.966293: I tensorflow/compiler/xla/service/service.cc:168] XLA service 0x55bccf147d40 initialized for platform Host (this does not guarantee that XLA will be used). Devices:
2020-08-11 22:43:32.966304: I tensorflow/compiler/xla/service/service.cc:176]   StreamExecutor device (0): Host, Default Version
WARNING:tensorflow:No training configuration found in save file, so the model was *not* compiled. Compile it manually.
(5278, 8)
['sex', 'race', 'priors_count', 'age_cat=25 to 45', 'age_cat=Greater than 45', 'age_cat=Less than 25', 'c_charge_degree=F', 'c_charge_degree=M']
sex
race


Measures for gender

Accuracy is 0.643939
Balanced accuracy is 0.642373
Gap RMS is 0.04731767297634366
Mean absolute gap is 0.047168253274015
Max gap is 0.0509256538348517
Average odds difference is 0.003757
Equal opportunity difference is 0.050926
Statistical parity difference is 0.024325



Measures for race

Accuracy is 0.643939
Balanced accuracy is 0.642373
Gap RMS is 0.23230432748044477
Mean absolute gap is 0.22770986521491343
Max gap is 0.2736828774062816
Average odds difference is 0.227710
Equal opportunity difference is 0.273683
Statistical parity difference is 0.251563
