SLURM_JOBID:  11570576
SLURM_ARRAY_TASK_ID:  127
SLURM_ARRAY_JOB_ID:  11570448
2020-08-11 22:43:35.314531: W tensorflow/stream_executor/platform/default/dso_loader.cc:55] Could not load dynamic library 'libcuda.so.1'; dlerror: libcuda.so.1: cannot open shared object file: No such file or directory; LD_LIBRARY_PATH: /sw/arcts/centos7/python3.6-anaconda/5.2.0/lib:/opt/slurm/lib64::
2020-08-11 22:43:35.314705: E tensorflow/stream_executor/cuda/cuda_driver.cc:313] failed call to cuInit: UNKNOWN ERROR (303)
2020-08-11 22:43:35.314725: I tensorflow/stream_executor/cuda/cuda_diagnostics.cc:156] kernel driver does not appear to be running on this host (gl3047.arc-ts.umich.edu): /proc/driver/nvidia/version does not exist
2020-08-11 22:43:35.315045: I tensorflow/core/platform/cpu_feature_guard.cc:143] Your CPU supports instructions that this TensorFlow binary was not compiled to use: AVX2 AVX512F FMA
2020-08-11 22:43:35.322225: I tensorflow/core/platform/profile_utils/cpu_utils.cc:102] CPU Frequency: 3000000000 Hz
2020-08-11 22:43:35.322315: I tensorflow/compiler/xla/service/service.cc:168] XLA service 0x55cf71d8c660 initialized for platform Host (this does not guarantee that XLA will be used). Devices:
2020-08-11 22:43:35.322326: I tensorflow/compiler/xla/service/service.cc:176]   StreamExecutor device (0): Host, Default Version
(5278, 8)
['sex', 'race', 'priors_count', 'age_cat=25 to 45', 'age_cat=Greater than 45', 'age_cat=Less than 25', 'c_charge_degree=F', 'c_charge_degree=M']
sex
race


Measures for gender

Accuracy is 0.642045
Balanced accuracy is 0.640026
Gap RMS is 0.05572683755549236
Mean absolute gap is 0.048171925991800035
Max gap is 0.07618881322391013
Average odds difference is 0.048172
Equal opportunity difference is 0.076189
Statistical parity difference is 0.070621



Measures for race

Accuracy is 0.642045
Balanced accuracy is 0.640026
Gap RMS is 0.2772310015391353
Mean absolute gap is 0.25938731836435625
Max gap is 0.35724051088325237
Average odds difference is 0.259387
Equal opportunity difference is 0.357241
Statistical parity difference is 0.284692
