SLURM_JOBID:  11570501
SLURM_ARRAY_TASK_ID:  52
SLURM_ARRAY_JOB_ID:  11570448
2020-08-11 22:43:31.515540: W tensorflow/stream_executor/platform/default/dso_loader.cc:55] Could not load dynamic library 'libcuda.so.1'; dlerror: libcuda.so.1: cannot open shared object file: No such file or directory; LD_LIBRARY_PATH: /sw/arcts/centos7/python3.6-anaconda/5.2.0/lib:/opt/slurm/lib64::
2020-08-11 22:43:31.515744: E tensorflow/stream_executor/cuda/cuda_driver.cc:313] failed call to cuInit: UNKNOWN ERROR (303)
2020-08-11 22:43:31.515771: I tensorflow/stream_executor/cuda/cuda_diagnostics.cc:156] kernel driver does not appear to be running on this host (gl3030.arc-ts.umich.edu): /proc/driver/nvidia/version does not exist
2020-08-11 22:43:31.515987: I tensorflow/core/platform/cpu_feature_guard.cc:143] Your CPU supports instructions that this TensorFlow binary was not compiled to use: AVX2 AVX512F FMA
2020-08-11 22:43:31.523223: I tensorflow/core/platform/profile_utils/cpu_utils.cc:102] CPU Frequency: 3000000000 Hz
2020-08-11 22:43:31.523323: I tensorflow/compiler/xla/service/service.cc:168] XLA service 0x55902f8d93c0 initialized for platform Host (this does not guarantee that XLA will be used). Devices:
2020-08-11 22:43:31.523334: I tensorflow/compiler/xla/service/service.cc:176]   StreamExecutor device (0): Host, Default Version
WARNING:tensorflow:No training configuration found in save file, so the model was *not* compiled. Compile it manually.
(5278, 8)
['sex', 'race', 'priors_count', 'age_cat=25 to 45', 'age_cat=Greater than 45', 'age_cat=Less than 25', 'c_charge_degree=F', 'c_charge_degree=M']
sex
race


Measures for gender

Accuracy is 0.647727
Balanced accuracy is 0.648071
Gap RMS is 0.06047415136212742
Mean absolute gap is 0.05758518829968173
Max gap is 0.07605324373223055
Average odds difference is 0.057585
Equal opportunity difference is 0.076053
Statistical parity difference is 0.101190



Measures for race

Accuracy is 0.647727
Balanced accuracy is 0.648071
Gap RMS is 0.19164134440697017
Mean absolute gap is 0.19131909545639486
Max gap is 0.2024280377938914
Average odds difference is 0.191319
Equal opportunity difference is 0.202428
Statistical parity difference is 0.229169
