SLURM_JOBID:  11569945
SLURM_ARRAY_TASK_ID:  42
SLURM_ARRAY_JOB_ID:  11569902
2020-08-11 22:20:23.588278: W tensorflow/stream_executor/platform/default/dso_loader.cc:55] Could not load dynamic library 'libcuda.so.1'; dlerror: libcuda.so.1: cannot open shared object file: No such file or directory; LD_LIBRARY_PATH: /sw/arcts/centos7/python3.6-anaconda/5.2.0/lib:/opt/slurm/lib64::
2020-08-11 22:20:23.588432: E tensorflow/stream_executor/cuda/cuda_driver.cc:313] failed call to cuInit: UNKNOWN ERROR (303)
2020-08-11 22:20:23.588457: I tensorflow/stream_executor/cuda/cuda_diagnostics.cc:156] kernel driver does not appear to be running on this host (gl3045.arc-ts.umich.edu): /proc/driver/nvidia/version does not exist
2020-08-11 22:20:23.588791: I tensorflow/core/platform/cpu_feature_guard.cc:143] Your CPU supports instructions that this TensorFlow binary was not compiled to use: AVX2 AVX512F FMA
2020-08-11 22:20:23.595687: I tensorflow/core/platform/profile_utils/cpu_utils.cc:102] CPU Frequency: 3000000000 Hz
2020-08-11 22:20:23.595774: I tensorflow/compiler/xla/service/service.cc:168] XLA service 0x559d629f8de0 initialized for platform Host (this does not guarantee that XLA will be used). Devices:
2020-08-11 22:20:23.595784: I tensorflow/compiler/xla/service/service.cc:176]   StreamExecutor device (0): Host, Default Version
(5278, 8)
['sex', 'race', 'priors_count', 'age_cat=25 to 45', 'age_cat=Greater than 45', 'age_cat=Less than 25', 'c_charge_degree=F', 'c_charge_degree=M']
sex
race


Measures for gender

Accuracy is 0.638258
Balanced accuracy is 0.635556
Gap RMS is 0.08654037592518236
Mean absolute gap is 0.0701094325264337
Max gap is 0.12084309133489463
Average odds difference is 0.070109
Equal opportunity difference is 0.120843
Statistical parity difference is 0.093171



Measures for race

Accuracy is 0.638258
Balanced accuracy is 0.635556
Gap RMS is 0.26027496764976155
Mean absolute gap is 0.2496033472144108
Max gap is 0.3233680260549419
Average odds difference is 0.249603
Equal opportunity difference is 0.323368
Statistical parity difference is 0.275388
